<?xml version="1.0" encoding="UTF-8"?>
<robot generator="Robot 5.0.1 (Python 3.9.10 on win32)" generated="20230122 13:40:02.306" rpa="false" schemaversion="3">
<suite id="s1" name="Pessoa" source="c:\Users\Tiziu\Desktop\projeto_android\resources\tests\pessoa">
<suite id="s1-s1" name="CriarPessoa" source="c:\Users\Tiziu\Desktop\projeto_android\resources\tests\pessoa\CriarPessoa.robot">
<test id="s1-s1-t1" name="Deve cadastrar uma Pessoa" line="10">
<kw name="Open Session" library="Base" type="SETUP">
<kw name="Set Appium Timeout" library="AppiumLibrary">
<arg>10</arg>
<doc>Sets the timeout in seconds used by various keywords.</doc>
<status status="PASS" starttime="20230122 13:40:03.003" endtime="20230122 13:40:03.003"/>
</kw>
<kw name="Open Application" library="AppiumLibrary">
<arg>http://127.0.0.1:4723/wd/hub</arg>
<arg>platformName=Android</arg>
<arg>deviceName=Any</arg>
<arg>app=${EXECDIR}\\resources\\apks\\app-curso-appium.apk</arg>
<arg>appPackage=com.example.cursoappium</arg>
<doc>Opens a new application to given Appium server.
Capabilities of appium server, Android and iOS,
Please check https://github.com/appium/appium/blob/master/docs/en/writing-running-appium/server-args.md
| *Option*            | *Man.* | *Description*     |
| remote_url          | Yes    | Appium server url |
| alias               | no     | alias             |
| strict_ssl          | No     | allows you to send commands to an invalid certificate host like a self-signed one. |</doc>
<status status="PASS" starttime="20230122 13:40:03.004" endtime="20230122 13:40:11.747"/>
</kw>
<status status="PASS" starttime="20230122 13:40:03.002" endtime="20230122 13:40:11.748"/>
</kw>
<kw name="Factory Pessoa" library="Pessoa">
<var>${pessoa}</var>
<msg timestamp="20230122 13:40:11.749" level="INFO">${pessoa} = {'email': 'qda-mota@example.org', 'nome': 'Daniela Dias'}</msg>
<status status="PASS" starttime="20230122 13:40:11.749" endtime="20230122 13:40:11.752"/>
</kw>
<kw name="Click Botão Cadastrar Pessoa" library="MainPage">
<kw name="Wait Until Page Contains Element" library="AppiumLibrary">
<arg>${botao_cadastrar}</arg>
<doc>Waits until element specified with `locator` appears on current page.</doc>
<msg timestamp="20230122 13:40:17.284" level="INFO">criteria is button_cadastrar
criteria is button_cadastrar
criteria is button_cadastrar
criteria is button_cadastrar
criteria is button_cadastrar
criteria is button_cadastrar
criteria is button_cadastrar
criteria is button_cadastrar
criteria is button_cadastrar
criteria is button_cadastrar
criteria is button_cadastrar
criteria is button_cadastrar
criteria is button_cadastrar
criteria is button_cadastrar
criteria is button_cadastrar
criteria is button_cadastrar
criteria is button_cadastrar
criteria is button_cadastrar
criteria is button_cadastrar
criteria is button_cadastrar</msg>
<status status="PASS" starttime="20230122 13:40:11.754" endtime="20230122 13:40:17.285"/>
</kw>
<kw name="Click Element" library="AppiumLibrary">
<arg>${botao_cadastrar}</arg>
<doc>Click element identified by `locator`.</doc>
<msg timestamp="20230122 13:40:17.287" level="INFO">Clicking element 'button_cadastrar'.</msg>
<msg timestamp="20230122 13:40:17.384" level="INFO">criteria is button_cadastrar</msg>
<status status="PASS" starttime="20230122 13:40:17.286" endtime="20230122 13:40:17.385"/>
</kw>
<status status="PASS" starttime="20230122 13:40:11.754" endtime="20230122 13:40:17.385"/>
</kw>
<kw name="Input Nome" library="PessoaPage">
<arg>${pessoa['nome']}</arg>
<kw name="Wait Until Page Contains Element" library="AppiumLibrary">
<arg>TextInputNome</arg>
<doc>Waits until element specified with `locator` appears on current page.</doc>
<msg timestamp="20230122 13:40:18.465" level="INFO">criteria is TextInputNome</msg>
<status status="PASS" starttime="20230122 13:40:17.388" endtime="20230122 13:40:18.466"/>
</kw>
<kw name="Input Text" library="AppiumLibrary">
<arg>TextInputNome</arg>
<arg>${nome}</arg>
<doc>Types the given `text` into text field identified by `locator`.</doc>
<msg timestamp="20230122 13:40:18.468" level="INFO">Typing text 'Daniela Dias' into text field 'TextInputNome'</msg>
<msg timestamp="20230122 13:40:19.629" level="INFO">criteria is TextInputNome</msg>
<status status="PASS" starttime="20230122 13:40:18.467" endtime="20230122 13:40:19.630"/>
</kw>
<status status="PASS" starttime="20230122 13:40:17.387" endtime="20230122 13:40:19.630"/>
</kw>
<kw name="Input Email" library="PessoaPage">
<arg>${pessoa['email']}</arg>
<kw name="Wait Until Page Contains" library="AppiumLibrary">
<arg>TextInputEmail</arg>
<doc>Waits until `text` appears on current page.</doc>
<status status="PASS" starttime="20230122 13:40:19.632" endtime="20230122 13:40:19.880"/>
</kw>
<kw name="Input Text" library="AppiumLibrary">
<arg>TextInputEmail</arg>
<arg>${email}</arg>
<doc>Types the given `text` into text field identified by `locator`.</doc>
<msg timestamp="20230122 13:40:19.882" level="INFO">Typing text 'qda-mota@example.org' into text field 'TextInputEmail'</msg>
<msg timestamp="20230122 13:40:20.695" level="INFO">criteria is TextInputEmail</msg>
<status status="PASS" starttime="20230122 13:40:19.881" endtime="20230122 13:40:20.695"/>
</kw>
<status status="PASS" starttime="20230122 13:40:19.631" endtime="20230122 13:40:20.696"/>
</kw>
<kw name="Selecionar Identificacao" library="PessoaPage">
<arg>Homem</arg>
<kw name="Click Text" library="AppiumLibrary">
<arg>${identificacao}</arg>
<doc>Click text identified by ``text``.</doc>
<msg timestamp="20230122 13:40:21.713" level="INFO">xpath criteria: //*[contains(@text,"Homem")]</msg>
<status status="PASS" starttime="20230122 13:40:20.698" endtime="20230122 13:40:21.714"/>
</kw>
<status status="PASS" starttime="20230122 13:40:20.697" endtime="20230122 13:40:21.714"/>
</kw>
<kw name="Selecionar Estado" library="PessoaPage">
<arg>Alagoas</arg>
<kw name="Wait Until Page Contains" library="AppiumLibrary">
<arg>Acre</arg>
<doc>Waits until `text` appears on current page.</doc>
<status status="PASS" starttime="20230122 13:40:21.716" endtime="20230122 13:40:21.884"/>
</kw>
<kw name="Click Text" library="AppiumLibrary">
<arg>Acre</arg>
<doc>Click text identified by ``text``.</doc>
<msg timestamp="20230122 13:40:22.382" level="INFO">xpath criteria: //*[contains(@text,"Acre")]</msg>
<status status="PASS" starttime="20230122 13:40:21.885" endtime="20230122 13:40:22.382"/>
</kw>
<kw name="Wait Until Page Contains" library="AppiumLibrary">
<arg>${estado}</arg>
<doc>Waits until `text` appears on current page.</doc>
<status status="PASS" starttime="20230122 13:40:22.383" endtime="20230122 13:40:23.593"/>
</kw>
<kw name="Click Text" library="AppiumLibrary">
<arg>${estado}</arg>
<doc>Click text identified by ``text``.</doc>
<msg timestamp="20230122 13:40:24.354" level="INFO">xpath criteria: //*[contains(@text,"Alagoas")]</msg>
<status status="PASS" starttime="20230122 13:40:23.594" endtime="20230122 13:40:24.355"/>
</kw>
<status status="PASS" starttime="20230122 13:40:21.716" endtime="20230122 13:40:24.355"/>
</kw>
<kw name="Click Botão Cadastrar" library="PessoaPage">
<kw name="Click Element" library="AppiumLibrary">
<arg>BotaoCadastrar</arg>
<doc>Click element identified by `locator`.</doc>
<msg timestamp="20230122 13:40:24.358" level="INFO">Clicking element 'BotaoCadastrar'.</msg>
<msg timestamp="20230122 13:40:24.448" level="INFO">criteria is BotaoCadastrar</msg>
<status status="PASS" starttime="20230122 13:40:24.357" endtime="20230122 13:40:24.449"/>
</kw>
<status status="PASS" starttime="20230122 13:40:24.356" endtime="20230122 13:40:24.449"/>
</kw>
<kw name="Obter Texto Snackbar Toast" library="PessoaPage">
<var>${mensagemSucesso}</var>
<kw name="Wait Until Page Contains" library="AppiumLibrary">
<arg>snackbar_text</arg>
<doc>Waits until `text` appears on current page.</doc>
<status status="PASS" starttime="20230122 13:40:24.451" endtime="20230122 13:40:25.519"/>
</kw>
<kw name="Get Text" library="AppiumLibrary">
<var>${texto}</var>
<arg>snackbar_text</arg>
<doc>Get element text (for hybrid and mobile browser use `xpath` locator, others might cause problem)</doc>
<msg timestamp="20230122 13:40:25.557" level="INFO">Element 'snackbar_text' text is 'Cadastro realizado com sucesso' </msg>
<msg timestamp="20230122 13:40:25.557" level="INFO">criteria is snackbar_text</msg>
<msg timestamp="20230122 13:40:25.558" level="INFO">${texto} = Cadastro realizado com sucesso</msg>
<status status="PASS" starttime="20230122 13:40:25.519" endtime="20230122 13:40:25.558"/>
</kw>
<return>
<value>${texto}</value>
<status status="PASS" starttime="20230122 13:40:25.558" endtime="20230122 13:40:25.558"/>
</return>
<msg timestamp="20230122 13:40:25.558" level="INFO">${mensagemSucesso} = Cadastro realizado com sucesso</msg>
<status status="PASS" starttime="20230122 13:40:24.450" endtime="20230122 13:40:25.559"/>
</kw>
<kw name="Should Be Equal" library="BuiltIn">
<arg>Cadastro realizado com sucesso</arg>
<arg>${mensagemSucesso}</arg>
<doc>Fails if the given objects are unequal.</doc>
<status status="PASS" starttime="20230122 13:40:25.560" endtime="20230122 13:40:25.560"/>
</kw>
<kw name="Close Session" library="Base" type="TEARDOWN">
<kw name="Capture Page Screenshot" library="AppiumLibrary">
<doc>Takes a screenshot of the current page and embeds it into the log.</doc>
<msg timestamp="20230122 13:40:26.016" level="INFO" html="true">&lt;/td&gt;&lt;/tr&gt;&lt;tr&gt;&lt;td colspan="3"&gt;&lt;img src="data:image/png;base64, iVBORw0KGgoAAAANSUhEUgAABDgAAAkkCAYAAAD508+vAAAAAXNSR0IArs4c6QAAAARzQklUCAgI
CHwIZIgAACAASURBVHic7N15eFTl3T7w+8yWmez7vpGQQAgQQsKOJsi+KxY36r5r3Vq1al+3vtZa
W19r61qXglaqqBVZRGUVCPuWQAIkIYQQAtn3ZGYyM+f3B79MOZmEzCSzZML9ua5e9Zycc57nMJOB
c8/zfB/hqaeeEkFERERERERE5MZkru4AEREREREREVF/MeAgIiIiIiIiIrfHgIOIiIiIiIiI3B4D
DiIiIiIiIiJyeww4iIiIiIiIiMjtMeAgIiIiIiIiIrfHgIOIiIiIiIiI3B4DDiIiIiIiIiJyeww4
iIiIiIiIiMjtMeAgIiIiIiIiIrfHgIOIiIiIiIiI3B4DDiIiIiIiIiJyewpXd4DchyAICAwMRFZW
FpKTkxEQENDtcSaTCZWVlTh8+DAOHDiAtrY2iKLo5N5SfwmCAJVKBYVCAblcDpnsYh4qiiJMJhOM
RiP0ej0MBoOLe0pERERERAQITz31FJ88qUeCIEChUODaa69Feno65HI5BEGw+nxRFKHVarFx40bk
5OQw6BjABEGATCaDWq2GSqWCp6cnYmJiEBERAW9vb2g0GiiVSuh0OrS2tqKpqQlnz57FuXPnoNPp
0N7eDqPR6OrbICIiIiKiKxQDDuqRTCbDnXfeieTkZACwKdjoqjPYePbZZ2EymezSP2fqDHpUKlWf
zjeZTNBqtQM24BEEAZ6enoiMjERKSgri4uIQEREBheLyg7xMJhOam5tx4sQJ5OXl4cKFC2hra2PQ
QUREREQupdFoEB4eDl9fX3h5eUGj0aC9vd38Rd2FCxfQ3t7u6m7aXWRkJCoqKpzSVmZmZo+j+jtt
3LjRKX3pxCkq1K2EhATcd9995mkJ/dUZjmRmZmLfvn12uaazCIIAtVqN4cOHIy4uzubzRVFEU1MT
jh8/jpqamgE3pUOhUCAoKAhjx47F5MmT4eHhYfW5MpkMfn5+mDBhAtLS0nD8+HHs37/f/BcGgw4i
IiIicobo6GgMHToUQ4cORUREBHx8fHo9p7m5GefPn0dxcTGKiopw7tw5J/TUcW644QbU19c7NeBI
SEi47DEMOMilBEHAkiVLMH78+H6N2OjJ3LlzsX//foiiiKCgINTW1tq9DXtTqVQYPnw4rr/++j6P
4BBFERkZGfj2229x6tQpO/ewbzqDm/j4eEyfPh2xsbE9HmsymWAymSCKoqQex6XUajXS09ORkpKC
/Px87N+/H+Xl5dDr9Y68DSIiIiK6QgUGBiIzMxMZGRm9jiTojo+PD3x8fMwj1uvr63Hw4EEcOHAA
dXV19u6uQ91www3IzMx0eqAw0DDgIDNBEPD4448jIiLCYW1oNBrzf0+cOBFNTU3YsWOHw9rrL6VS
iYSEBMyePRtKpRIdHR3mn3XWIzEajeapJzKZDDKZzGKfXC5HcHAwZsyYgZKSEpdPVREEAV5eXsjI
yMD06dOhVqslPxdFEXq9HjqdDnq9Hm1tbWhpaUFHRwe8vb3h4+MDpVIJDw8PeHh4QC6Xm89Vq9XI
yMhAcnIy1q9fj/z8fOh0OmffIhERERENUtHR0ZgxYwZGjBhh1+sGBARgxowZmDFjBvLz87F582aU
l5fbtQ1H6Aw3iAGH3cnlcgQGBsJoNLpV6tcZboSHhzu8nZiYGJSVleHs2bNYtmwZjEYjdu3a5dB2
+0KpVGLo0KFYvHgxAgMD0d7ejoKCAgAXp3VERkbC19cXJSUlaGtrg0wmQ0BAACIiIiz2xcfHQyaT
wdfXF56enmhtbXXZfV0absyePVtSZ8NkMqG9vR2NjY04ffo0SktLUVZWhvr6esk1Ou8/KSkJSUlJ
CA0Nhaenp2Rkh4+PDxYsWACFQoHc3FyGHERERETUL9HR0ZgzZ455xIUjpaamIjU1FYWFhfjhhx8G
bNDhjHAjMjISCxcuRGJios3nvv7665LtU6dOYe3atQ6bRjOgAo7bb78d/v7+5u3Vq1fjzJkzA77t
oKAgZGVlISEhAcHBweaHPKPRiKqqKhQVFWHbtm1oaWlxSN/t4frrr3foyI1OgiBg2LBhKCsrQ1NT
EwRBwOLFi3Hu3DmnvdbW6BpuAEBTUxO+/PJLAICXlxdmzZqF4cOHY9OmTTh79iyUSiVGjx6NWbNm
WeyLj48HcDEYCAwMdFnA0VO40bnaTW1tLQ4dOoQDBw5Aq9X2eB2DwYCysjKUlZUhJycHY8aMwfjx
4xEUFCQZpePt7Y05c+ZAEAQcOHCANTmIiIiIqE/i4+Nxyy23SJ7ZnCE5ORmhoaFYuXIlSktLndp2
b5w1cmPRokW91tqwVmJiIhYuXIgPPvjALtfrasAEHDNmzEBqaqpkX9dh8wOx7auuugozZ87s9ni5
XI6IiAhEREQgMzMTa9euxcGDB+3SZ3tKSEjAuHHjnNZeeHg4BEGAUqkEcPGh+8EHH8Tzzz8vmQLi
Kt2FG4OFWq3G2LFjMWfOHPO0ElEU0djYiMOHD2PXrl1obGy06ZparRZ79+5FQUEBJk2ahHHjxsHH
x8dcw8Xb2xvTp09HZWUlzpw54/LpOURERETkXrKysjB37ly7LYBgK39/fzzwwAP4/vvvsX37dpf0
oStnTkuxV7jRqS8jQazlmndIF+Hh4cjKynK7tmfNmoUFCxZIwo2Ojg7U1NSgvr5e8m21p6cnli5d
iokTJ/a7z/Ykk8lw3333OaSgaE98fX3NRUYv7ccTTzzh1H50ZzCHG3K5HNHR0Zg5c6Y53DCZTKiv
r0dOTg5++OEHi3BDEAR4eHjA29sbAQEBCAgIgL+/P7y9vSUFVztXitm6dSvWr1+P2tpayXLAPj4+
mDFjBjw9PZ1zs0RERETk9hQKBZYtW4b58+e7LNzoJJPJsGDBAixbtkwyxdsVWHOjZwNiBMfixYtt
WppyILSdnJyMa665xvxAbjAYsGPHDmzfvt08/cDf3x/Z2dmYOHGiufjk3LlzUVJSgqqqKrveR18I
goC77rrL6R8WKpUKgiBYJIFBQUEIDAx02coqgzncEAQBPj4+mDRpkvn9LooimpubsX37dosaKDKZ
DGq1Gn5+foiLi0NMTIy5PovRaDSPxjh9+jRaWlrM9TX0ej3y8vLQ1NSExYsXm8+Ry+WIiYnB5MmT
sXXr1gG3VC4RERERDSyenp645557EB0d7equSKSlpcHHxwefffaZS6adM9y4PJeP4Jg6dapDh6g4
qu2srCxzMCCKIr777jts2LBB8iZvaGjA6tWrsWnTJvM+jUbjstEqXSkUCiQlJTm93c6H28jISMl+
QRDw6KOPumQUx2AON4CLr3VcXJyk0rRer0dBQQF2795tcWx4eDimTZuGe++9F0uWLMG4ceMQExOD
mJgYxMfHY8KECVi6dCnuvfdeZGRkwN/f3/y6GY1GnDlzBj/++CPa29vN19VoNMjMzLzscrRERERE
RABw2223Dbhwo1NCQgJuvfVWp7fbXbhx8OBBlJSUOL0vA5VLA47AwEDMmDHDvH3u3Dm3aNvPz08y
+qCkpAR79+7t8fhNmzahsrLSvJ2SkiJZVtNVrr322m73i6IIk8mEhoYGFBUVYceOHfj++++xdu1a
bNu2DcXFxaiqqoLBYIAoijbXVOgsttpdkKBWqxEaGmr7zfSDteFGZ92Qzv/JZDLJPpVKBYVC0e0+
V+ocvTF16lRzKGcymVBVVYVt27aZX7/O6ShJSUm47bbbkJWVBW9v78teNzAwEAsWLMDSpUsREhIi
GdFUWlqK/fv3S6ZqeXl5ITMz0+VTkYiIiIhoYFuzZs2AqM/XnY6ODqxZs8apbfYUbnQugkAXufTJ
a9GiReY5+ZWVlcjLy0NUVNSAb7trQHH06NFezykoKEBYWBiAi0UXhwwZguLi4j703D4EQUB6err5
QbPzIffQoUP46aefzLUYYmNjcc0112DixInmB/WcnBx8+OGHAC5+25+ZmYmFCxdCLpdb9eBaVVUF
T0/PbkMeQRCwZMkSvPfee3a5z97IZDJERERYNXJDrVZj9OjRAAAPDw8EBQVBqVQiMTERAQEBUCgU
iI6O7nafK8lkMoSEhCAuLg7Axde6paUFu3fvliz/qlAokJycjPnz59s0ikWhUGDIkCFYvHgxvv32
W9TU1AAA2trasGfPHiQlJZlX6FEqlYiJiYFGo0FbW5sd75KIiIiIBpOKigqsWrUKy5Ytc3VXLKxa
tcphy5x2h+GG9VwWcGRkZCAlJQXAxW+T161bZ/Mypddddx3Gjh0Lo9GIHTt2YPPmzU5pu+vUioKC
gl7PKSoqwrRp08zb0dHRLg04AgMDIZfLIYoi9Ho9vvzyS+Tn5wO4OJXg5ptvxqhRoyAIgiS0EEUR
W7ZsMQciHR0d2L17N3bv3o3AwEAsW7YM0dHRPQYdoiiiqKgIU6dO7fGY2NhYyGQySZFKR5HL5QgJ
CbHqgd7X1xc33nijxf6ZM2datc9V1Gq1ZK1wk8mECxcu4PDhw+Z9MpkMoaGhmDlzJgIDA80jc6yt
z6JQKBAfH4+5c+fiq6++glarNdf42Lt3LxYvXmx+L2k0GgwdOhR5eXl2v1ciIiIiGjxyc3MRFRWF
7OxsV3fFbNu2bcjNzXVaeww3bOOSKSre3t6YO3eu+QH34MGDOHnypE3XiI+Px8SJE+Hh4QFPT0+r
V2iwR9uXrr3c1taGhoaGXs8pLy+XTOUICQmxqU1766wD8t133+GFF17AsWPHAAC33347XnzxRaSl
pZmnYFxKFMUei+nU1dXh7bffxuuvvy6ZltBVcXExJk2a1OPPZTIZfH19bb0l6oFarZbUWtFqtTh5
8qTkNdJoNJgwYQLCw8MhiiK0Wi3KysrM04msoVQqkZCQgIyMDPM+vV6P0tJScxFSAOZpMERERERE
vdmwYQNOnDjh6m4AAE6cOIENGzY4rT2GG7ZzScCxcOFC8wNsQ0MD1q9fb/M1NBqN5OFbLpdLlmt1
ZNteXl7m/7Z2mL1Wq4VWqzVvazQam9u1p5iYGLz44ovYtWsXRFFEbGwsXn31VaSkpFx2mknn9IOe
iKKI2tpaPPfcczh69KhFfQ6DwYDo6Ohe73/kyJHW3wz1SCaTwc/Pz7yaCQDodDoUFRWZtwVBgK+v
L0aOHAlRFNHe3o4jR47gs88+w8aNG20KOTQaDUaNGmWeztQZiJWWlpqPUalUiI6OdvlSX0REREQ0
8ImiiJUrV6K6utql/aiursbKlSttrj/YVww3+sbpTxipqakYM2YMgItv1g0bNvRpLn5hYSHKysrM
20ePHkVdXZ1T2lapVOb/tqXwzaXHumpZ3E5vvfUWtFotBEHA7Nmz8fDDD1tVQ+PMmTNW/VKLooh/
/etfWLVqleT4vXv34o477rhsO4IgYNiwYdbfDPVIoVBIpt+IogidTocLFy6Y96lUKsTFxcHLywvt
7e3Izc3F+vXr0dzcjEOHDtkUcshkMgQEBEgCFb1ejzNnzpi3O4uZcpQOEREREVlDq9Vi+fLlki+M
B3P7N998M8ONPnJqDQ4PDw8sWLDA/HBbUFAgqQNgC6PRiPfeew+JiYno6OjA6dOnndb2pcUxbakT
cemUgEtDElcRBAF33HEHhg8fbvWqFuXl5VZfXxRFHDx4EC0tLbjrrrsAAKdPn8aUKVN6PdfZK6kM
VjKZTDJ1y2Qyobm5WXKMUqlEZGQkmpubkZ+fj/Xr10Ov1wO4ONrj0KFDAC7WFbncqiqdVCoV4uPj
ze8Vg8FgET7K5XL4+PhYNb2LiIiIiKi6uhqff/457rrrLqeuyCeKIj7//HOnjSB5+umnERwcLNnH
cMN6Th3BMW/ePAQFBQG4OLVj7dq1/bqe0WhEYWFhr+GGvdu2xy+Uq5fJFAQBt99+u03hBgDz6iq2
OHnyJFauXIny8nIsW7bMqvaseZCm3nWOluhkNBotXsPOgq7bt2+XhBudOkMOa0dyyOVy+Pn5mbdN
JpPFeTKZzKopZUREREREnU6ePIl169Y5tc1169bZXLOxrxhu9J/TAo6hQ4di/Pjx5u3Nmzf3OqVk
MLQ9UE2ePLnXehvd6eta1Hl5eQgMDLS67oKrA6DBQhAEcz0M4GLY0HValk6nw7Fjx7B9+3ZzuCEI
guS1siXkkMlkkhoroih2W3SWNTiIiIiIyFY7duzAnj17nNLWnj17sGPHDqe0xXDDPpzyhCGXy7Fw
4ULz1I6SkhKnvVFc2fZAtmjRoj6FCH2pHdI5FebS4qy9MRgMNrdDlkRRlIRSgiBYjJzQ6XSSJYs7
j4mNjZWMpLE25DAajWhqapJcr+uULJPJ5LI5lERERETk3lavXi0pYu8IpaWlWL16tUPb6MRww36c
EnDMnj0bERERAC4WHFyzZo0zmnV524NR5zQfawmCgJtuugnDhw+36bxLH5Cp7wwGA+rr683bSqUS
ISEhPYZbgiDA09MTY8aMwa233mpRd8OakMNoNEpGSHXW27iUKIp9KvBLRERERGQymbBixQqH1XNr
aGjAihUrbKq32FfdhRuFhYUMN/rI4QFHTEyMpKjkjh07UFFR4ehmHdq2PZYGcsYvy+X09R7i4+Ot
PlYQBDz00EMYM2aMzaNFzp07Z2PPqDsGgwEXLlwwTxGRyWTw8fGRFB7t1BlujB49GvPnz4ePjw/G
jh1rU8jRGVyUlJSY9ykUCoSFhUmO0el0LDBKRERERH3W2tqK5cuX93kKfU86OjqwfPlytLa22vW6
3eku3ACArVu3OrztwcrhAcfixYuhVCoBAOfPn8emTZsc3aTD2770l+jSFVV6c+mx3dUkcKa+VgGO
ioqyKqxQq9X4wx/+gLi4OJvDDVEUcfz48T71j6REUUR7e7vk9VapVIiOjpYc1zktpTPc6JxS4uHh
YVPI0RmodI7g6LxuTEyM5Jiqqiq7/2VERERERFeWiooKrFq1yq7XXLVqlVO+kO8p3KD+cegysdOm
TUNsbKx5+8yZM5ddIjQqKkqynZycLPnmd/fu3VY/FDmy7UtXmbi0gGNvLj2260oVznbkyBHMnj3b
5vP8/PwgCEKPI0DkcjkWL16MCRMm9KtQaGFhYZ/PJamOjg5UVFQgPDwcwMXQYtiwYSgqKjKPJBIE
AWFhYZg5c6ZFvYzOkAOAJNDouoSsl5cX6uvrJUWfZDIZQkJCMGTIEPM+vV5v1cpHRERERES9yc3N
RVRUFLKzs/t9rW3btiE3N7f/neoFww3HcWjA0fVNNnHiRJvOv+qqqyTbubm5Vi9T6si229vbzfu7
G+rfHaVSKSnu6Or6A3v37sWsWbP6FEKEhYXh/Pnzkn1yuRxz5szB1KlTIZPJ+hVu6PV6yZ8x9Y9e
r0d5eTnS09PNy8YOGzYMO3fuNI+0MJlMqKurQ3FxMUaPHm2xwklvIYcoipg6dSqOHDkiKViq0WiQ
lpZm3hZFEc3NzSgoKHD0bRMRERHRFWLDhg0IDw+3ue7fpU6cOIENGzbYsVfdY7jhWA4NOLqu1uBM
jmz70gKKnp6e8PPz6zV4iYqKkjw0Xlr40RVaW1uh0+ls/nMSBAGLFi3CRx99BLVajfT0dFx99dXm
kR39JYqi+YGZ7EOv16O4uBgNDQ0ICAiAIAjw9vZGZmYmNm3aZB7F0dzcjM2bNyMwMBBRUVEW0696
CznOnz8vCb5kMhmCgoKQmppq3qfT6VBUVMT6G0RERERkN6IoYuXKlXjkkUcQEhJi8/nV1dVYuXKl
w59BGG44nkMDjtzcXJseegMCAiTTSgoLCyXf5NsyrcORbXcdvZCSktLrWsyJiYmSbVcX0RRFEVu2
bMHcuXNtDiYSEhLwwgsvmMMRewQbl3JGcnolEUURDQ0N2L17N+bMmQOZTAa1Wo1Ro0bh6NGjuHDh
AkRRhCiKqKqqwqpVq7Bo0SJER0dDo9FIXt+eQg69Xo8zZ86YjxMEAf7+/pgyZQo0Go25Hy0tLThy
5IgT756IiIiIrgRarRbLly/HQw89BC8vL6vP6yxWqtVqHdg7hhvO4tCAY+XKlTYdn52dLQkZduzY
gZMnTw64tgsLC2E0Gs3fcI8YMaLXgGPYsGHm/9bpdAOixsTPP/+MuXPn2nyeIAg4ePAgJk+ebDGV
ob8qKyuh0+nsek26+J47evQo0tPTERERAUEQEBQUhPnz5+Prr782j6joDDlWrlyJiRMnYtSoUfDx
8YFcLjf/D7hYo6axsRFbtmzptj2NRoMxY8ZIpqcYDAacPXsW5eXljr9hIiIiIrriVFdXY8WKFbj/
/vutWgzCaDRixYoVfV6AwVoMN5zH4auoDEb19fWSIonJyckYMWJEj8enpaUhLi7OvH3q1KkBsYKE
KIpYt25dn86dPHkyPv74Y7sO4xJFEW+99RanpzhA5+iJnJwcc4CkUCgQHx+P2bNnw9fXVxJWtbW1
YcuWLXj//fexZs0abN68GXv37kVeXh4OHz6MrVu3SmptXKpz9MbEiRPNoz9MJhMqKyuxbds2vr5E
RERE5DClpaX47rvvrDr2u+++Q2lpqUP7w3DDuRw6gsPRrrvuOowdOxZGoxE7duzA5s2bndZ2Tk4O
EhISIJPJIJPJsHTpUnz77bfIy8uTHDdmzBhcd911kge9nTt3Oq2fvdm5cydmzpxpcy0OmUyGGTNm
YO3atVi4cGG/p6mIooicnByXL587mOl0OhQUFCAmJgZjx46FUqmESqXC6NGjoVarsWnTJlRXV0um
Y+l0Oov3dG9EUUR9fT127dqF7OxsaDQaNDQ04Oeff7aY3kVEREREZG979uxBZGTkZRea2LNnT6+j
8PuL4YbzuW3AER8fL/mGeMaMGdi9e7fTVifJz8/H/v37MWHCBACAl5cXli1bhunTp6OqqgqCICAk
JATh4eGSh/9du3b1+M23K4iiiNdffx3PP/+8zSFFfHw8du7ciS+//BI33nhjv0KOpqYmrF27ts/n
k3VaWlqwadMmqNVqpKamQqFQQKlUIiUlBaGhodi8eTOKi4uh1WqtqnkjCAJkMhk8PDwA/Hd1oPb2
duzduxcAMH78eOTl5dkclBARERER9dXq1asRHh6O+Ph4i5+VlpZi9erVDm2f4YZruG3A0bX4oVwu
h1qtduryq9988w0EQcC4ceMgCAIEQUBERAQiIiIsju0cobBmzRqn9c9aLS0t+Oyzz3DrrbfaFFII
goBly5bhlVdewWuvvYZnnnmmTyGH0WjEG2+84bKpC52riDiDKIowGAxOa687TU1N2LBhAzw8PJCU
lAS5XA6ZTIaQkBAsWbIERUVFyM/PR2lpKbRaLQwGA4xGI4xGI0RRNNfiUCgUUKvVCAkJwdChQ6HT
6bBz505zcd729nbs2bMHVVVVOHXqFKemEBEREZHTmEwmrFixAo899hj8/f3N+xsaGrBixQqHPgP0
N9xYuHChZMGL3nT3/HmlctuAo7CwEGVlZebCoEePHpUs3+osX3/9NU6ePIns7GyLpWCBi79YZ8+e
xZYtW3D8+HGn989ax44dw6ZNmzBjxgybQgqZTIbnn38ezz77LJ555hn86le/QnR0tNXXMJlMeO21
1xxetbgnRqMRjY2NMJlMdi+Y2pUoitDr9aitrXVoO9b0o76+HuvWrcOSJUsQGRlpnqKkUqmQmpqK
ESNGoKmpCYWFhaipqUFDQwMaGhqg0+kQGBgIf39/BAUFIS4uDtHR0QAujt4wmUzIyckxv55arRYF
BQUuu1ciIiIiunJ1rpDy8MMPQ6lUoqOjA8uXL0dra6vD2rTHyI3IyEg79ebKIzz11FNu+7WqXC5H
YmIiOjo6JEU/XSUgIABDhgyBj48PRFFEc3MzSkpK0NjY6OquWW369OmYNWuWzSMxTCYTXn31VTQ1
NSE8PBy33norgoODL3sdo9GI1157DU1NTS79dj8gIAC33noroqKi7L7k7aV0Oh3y8/PxxRdfOKwN
W3QWA73qqqswatQoeHt7W1Vt+nJaWlrw008/Yd++fU4dGUNERERE1JO0tDQsW7YMn3/+OXJzcx3W
zkCYlrJx40Zs3LjRrtf8/e9/b3PNxsvRarV44YUX7Ha9S7l1wEGOkZiYiHvvvdfmEQ1GoxH//Oc/
zUvgBgYGYvr06cjIyDAHB53/39TUhL/85S/Q6XS48847cfr0aRQUFCAwMNDpI106VxNZuHAhfHx8
HBJyGAwGlJeXY+3atS4ZaXQ5SqUSiYmJyM7ORmhoKNRqNRQK2wZ3dU69aW5uNs9pdNWoHCIiIiKi
rmJjY1FWVuaw66elpWHSpEl2uVZFRYVNU1QuVVJSglOnTtmlH51mzpyJmTNn2u16jghhOjHgoG6p
VCo8+eSTkvlq1hBFESdPnsQnn3xi3icIAjw8PBAREYHMzEzo9XqsWbPGPGpj3rx56OjoQEtLC3x9
ffHjjz/a9V6sIQgCfH19kZSUBJVKZddri6KIpqYmFBUVWVW401XUajVGjRqFlJQU87QVlUplXino
UqIowmQymetztLW1oaysDPv377f7ByoREREREblWYmIiEhIS+n0dRwQwl2LAQT0SBAGRkZF44IEH
oFKpbBrZIIoivvjiCxw5csSq6SeCILAI5QAhl8sRFBSEESNGICYmBr6+vtBoNOZipKIooqOjA01N
TaitrUVNTQ1Onz6Ns2fPurrrRERERER0BWPAQVaJiorCtddei+joaMhksl7DDlEUzUU1P/roI4cO
ByPHk8vl8PPzg6enJ/R6Perr69HR0eHqbhEREREREZkx4CCbyGQy+Pv7Y+TIkRg2bBhCQ0Ph5eUF
hUIBnU6HpqYmVFRUoKCgACdPnkR7eztHZhAREREREZHDMeAgIiIiIiIiIrdn2zIZREREREREREQD
EAMOIiIiIiIiInJ7DDiIiIiIiIiIyO0x4CAiIiIiIiIit8eAg4iIiIiIiIjcHgMOIiIiIiIiInJ7
DDiIiIiIiIiIyO0x4CAiIiIiIiIit8eAg4iIiIiIiIjcHgMOIiIiIiIiInJ7DDiIiIiIiIiIn0gk
gAAAIABJREFUyO0JsxTviK7uBBERERERERFRf3AEBxERERERERG5PQYcREREREREROT2GHAQERER
ERERkdtjwEFEREREREREbo8BBxERERERERG5PQYcREREREREROT2GHAQERERERERkdtjwEFERERE
REREbo8BBxERERERERG5PQYcREREREREROT2GHAQERERERERkdtjwEFEREREREREbo8BBxERERER
ERG5PQYcREREREREROT2GHAQERERERERkdtjwEFEREREREREbo8BBxERERERERG5PQYcRERERERE
ROT2GHAQERERERERkdtjwEFEREREREREbo8BBxERERERERG5PQYcREREREREROT2GHAQERERERER
kdtjwEFEREREREREbo8BBxERERERERG5PQYcREREREREROT2GHAQERERERERkdtjwEFERERERERE
bo8BBxERERERERG5PQYcREREREREROT2GHAQERERERERkdtjwEFEREREREREbo8BBxERERERERG5
PQYcREREREREROT2GHAQERERERERkdtjwEFEREREREREbo8BBxERERERERG5PQYcREREREREROT2
GHAQERERERERkdtjwEFEREREREREbo8BBxERERERERG5PQYcREREREREROT2GHAQERERERERkdtj
wEFEREREREREbo8BBxERERERERG5PQYcREREREREROT2GHAQERERERERkdtjwEFEREREREREbo8B
BxERERERERG5PQYcREREREREROT2GHAQERERERERkdtjwEFEREREREREbo8BBxERERERERG5PQYc
REREREREROT2GHAQERERERERkdtjwEFEREREREREbo8BBxERERERERG5PQYcREREREREROT2GHAQ
ERERERERkdtjwEFEREREREREbo8BBxERERERERG5PQYcREREREREROT2GHAQERERERERkdtjwEFE
REREREREbo8BBxERERERERG5PQYcREREREREROT2GHAQERENIh6eCiRnhrq6G0REREROp3B1B4iI
iKh/sm4Yimk3JSNmmD/C4nxQeaYZd6eudHW3iIiIiJyKAQcREZGbS8uOwqSF8a7uBhEREZFLcYoK
EREREREREbk9juAgIiIiIpfx8FTglucyMXx8GFobddj46QnsXlvq6m4REZEbYsBBRERERC7z+9Xz
MWZalHl70sIheOOeLdj0r5Mu7BUREbkjTlEhIiIiIpcYPzdOEm4AgEwu4Be/HuOiHhERkTtjwEFE
RERELhEzPKDb/SHR3k7uCRERDQYMOIiIiIjIJarPNne7v6G63ck9ISKiwYABBxERERG5xJ51pSjN
r7PY/9OKEy7oDRERuTsWGSUiIiIil9BrjXjx2u9x96sTkTQ2BG0tHdj8eSG+efOIq7tGRERuiAEH
EREREbnMhdIm/OGWn1zdDSIiGgQ4RYWIiIiIiIiI3B4DDiIiIiIiIiJyeww4iIiIiIiIiMjtMeAg
IiIiIiIiIrfHgIOIiIiIiIiI3B5XUSGiQUehlGHqkkSMzopEzLAABEd6Qe2lhFwpQ4fOCH27AS0N
OlSVNeNCaTNOHqjC/h/OoL2547LXHTIyCGpvpXm7uVaL8qKGfvc3NNYbQZHe5m1jhwmFB6v6dc3o
ZH+kZUchZngAQqK94RPoAU8fFRRKGQSZgA6dEe0tHag734oLpc0oPFiFAz+WQddmsOr6scMDMOW6
BCSMDkbkUD94+Sih8VFBkAkwdpjQ1qxHc50WlWeaUZJXi33fn8HpY7X9uqeuJi8egvTp0YgbEYiQ
KG9ovJWQKWTQtxvQUN2O8yVNKNh9ATu+KUbNuVa7tu0IHp4KTFwQj9FXRyIy0Q8B4Z5QaxQQRaCt
WY+WBj1qyluQt70Ce9aXorG63Sn98gvRYNpNSUidHIHIoX7wD9FA6SGHQW9Ea5Me1WdbcOpIDXJW
l+DEvkqn9MkafiEaZM6KRdLYYITG+iAk2hve/h5QesihUssBQYC+3YDGWi0qS5tQeKAK274sxoXS
Jrv3RaWWY9TVkUgYFYzwBF8EhGrgHeABjZcSCpUMcoUMJqMIvdaIplotaspbUHSoGgd+KkPlmWa7
92eg9SswwhNhcb7/3SGKOL7X+veSO302x6cGImVCOKKS/RAU4QXfYDU03kp4eCohlwuQyQW0NXeg
tUGHxhotTuyrxK41p1FT3mLV9dOyozD66khEJ/sjOMobHp4Kye9rXUUbTh9zzGcyEdFAIMxSvCO6
uhNERPYQHO2NG59Ox9XXD4V/qMamc9tbOnBk6zn846kcVJxq7PaYv+/+BZIzQ83b278qtsvShne+
MhE3/Xasebu+sg03RS+3+TpX/yIRE+bFI3VyOMIT/CAItp1/+mgtHhj75WWPScuOwk2/HYvRWVFQ
KK0fBCiKQHlhPbZ/fQqfvrTPto5dwstPhaW/Scf0ZcMQGuvd+wkAdO0GHPzpLL58/dCAegDvFB7v
i5t+OxaTr02AX7DaqnMMeiPytldgw8cF2P71KTz6bhbm35tq/nl5YQPuTl3Zr34NHROMG54ai4kL
4uHh2fv3IaIIFB2swjd/zcW2L4v61XZ/eHgq8Or3CzF8XCgUKrlN5xr0Ruz4Twn+9fv9/X5AnrRo
CDJnxWDYuDDEpgTAQ2P7d0pGgwkn91dh079OYv0/8vvVn4Hcr+ufGIP7Xp9s3jZ0mDDf832rzx/I
n81jpkVhzDXRGJYZiiEjgxAQ7mlzP4wGE47tPI9PX9qHYznnLX4+fHwY5t0zAuPnxll9fZNJxPE9
F/Dl64exd32pzX0iIhqoOIKDiAaF6x5Nwy//JxPeAR59Ol/jrcS4ObF4+5Gf7dwzx5u0aAge+fvV
CIr06td1egp2Oj3wxhQsfGCkzQ+NACAIQMywAIyZFoVPX+pb/7JvTMI9f5yEkBjrgo1OHhoFJi8e
gvHz4vDj8uP48Le7eh2t4yy3PJeJG55Mh8ZH2fvBl1Co5Bg7IwZjZ8Tg+icq0VSjtWu/7n51Ehb/
apRND7+CACRnhuKZz2Yia+lQvHn/VjTV2rdf1tC1GRCfGtin96lCJce0m5IwcUE8PvhNDjZ8UtCn
Pix5LA33/2VKn869lFwhw4hJ4RgxKRzXPz4Gn768r1/h0UDt12Blzz/vtOwovL5pMda8dwzv/3on
ACBhdDBue2k8xs+NhVxh26xzmUxA6uQIvPSfcGz4uAB/e8j9/u4jIuoOAw4icmsqtRy/+egaZN+Y
1OuxoojLjmooPlztFlMZuopM9Ot3uAEAhQere/zZU59Mx4xbh/X485YGHXRtBgiCAKWHDJ6+qm7/
wX3ChmHnl7r3T5Ox5PE0yGQ2Dku5hEIpw/x7UzFsXBj+eMtPdhnC3lfeAR545tOZGDcntt/XGj4+
zA49ukjjo8T/fDEbmbMu36/2lg54aBSQyS1fD0G4OH0oKtkfLyxa75ApH72pPtsCb3/LsNNoMEGv
NcJkFCGTC1B7Kbv9TNB4K/HIO1fDO8ADX71x2Ob2hX68T3sSleSHZz6biYyZMfj7r36GXmscNP0a
rOz95y1XyHDdI6PhoVGg7nwrlv4m3arRVZcjkwmYf28qPH1UeO3WjXbqKRGR6zDgICK3pVDK8MJX
c7t9SOzQGXFyfxWObC3HiX2VqK1ow7niBujaDAiM8ERojA9ihvlj+IQwjLo6CnEpATiy9ZwL7sIx
muu0OL63EkWHqlF2vB6VZ5rRXKuFXmeATCaDl58K/qEahA/xRfzIQAwfF4bcreXdXuuGp9Itwg1R
BPK2n8P2r05h/w9nup2Pn5wRitQpERg7IxppWVHw8FTg8Jbu27icx9/Lxtx7Rljs12uNyN91Hvs3
nMGp3BqcL2lCS4MOUUn+iBrqh4yZsUifHo3gKGn4M3RMMF5ZtwD/s3AdygudH3JofJT43+/mY8Sk
cIuf6bVG5G47h2M553H6aC2qz7agrUkPLz8VwhN8kZgWjLSsKCRlhPRpasHlqNRy/H71fIy+OtLi
ZzXnWrFn3Wns/E8JTuXWoKlWC4VShphhAZgwPw4TF8QjZaL0fuJSAvDy6nn4zbRv0VKvs2tfe3Ph
dBMiEnxxYl8V8rafQ9HBapTm16KqTFrHwDvAAyOnRGDi/HhcvXQovPxU5p/JFTLc9tJ4nNhXiaM7
Kvrdp8YaLU4frUV5YT3OlzSh9nwrmmq10LUaYOgwwcNTgaBILwSGeyJlQhhGTIpAYIR0uoEgALNu
H46wOB+8/IsNaG3UD9p+DVZ159tQml+Lc8WNqDnXitpzLWis0UKvNUDXZoBcIYNPkBoxyf4YMTkC
6ddEQe0lHeE1r5vPQ+BigFeaX4eT+6tQdrwe50sa0dKgg0wuQ1CkJ8JifZA+PQYjJoVfrENziWk3
JaHwQBX+81auw+6diMgZGHAQkdu6/y9TLMINUQQO/FiGT363ByV5Nd2eV3e+DXXn23BiXyU2fnYS
AJA5OxZVDizm50yGDhNuiVthl29SAyM8ceNTYyX72ps78O7jO/DTpycue27hwSoUHqzCt3/LRUCY
J+bclYLDm20LOG54Mr3bcCN32zm8/5ucbl/jwgNVKDxQha1fFEGhvPiQuvjhUZKHhIgEXzz7r5l4
bMo3MHSYbOpTfz3x/rRuw419G87gvSd29jhV6FRuDXK+LQFw8cF83j0jMPeuEYgc6meXfj3+XrZF
uGHQG/H9xwX45Hd7LKb1GDpMOH2sFqeP1eKLPx3C3LtG4O4/ToRP4H/riMSnBuJXf7va6d8Mf/6H
A/jLPVt6DVZa6nXYs64Ue9aVYvXbeXj8/WxJUKNSy/HQX6fiwYxV/eqPocOEGyI+sfm8uXePwA1P
plu8xmnZUXjqk+l46foNg7Jfg5Whw4SbY5dbdexuAMBhxKcG4pF3sjBySkSPx7bU67Dl34VY+/4x
lB2vv+x1v/jTISSNDcFj72UjaWyI5GdLHkvDug+OcRQOEbk1LhNLRG5pwvx4zL8vVbLPaDDhw6dz
8D8L1/UYbvTkwI9lKDtx+X8YuhN7/QP1mpuTLeqafPBkTq/hRlf1lW349x8P2hQmDB8fhlt+l2mx
/4s/HcLTM7+z6jU2dJjwye/24Jk5a1Ff2Sb52dD0ENz35/7Pj7fF9GXJuHrpUMk+g96Idx/fgecX
re+1DkqnlnodVv35MO4d/W98/soBq1e/6cnMW4fhmmXSUTra1g785e4teOfRHVbVLNnwSQFeuelH
NNdJ625k3TAUmbP7PxXHFkWHqm0eNVKaX4ffLViH4iPS91XC6GBMmB9vx95Zb8PHBbh39L+x/kPL
Qp6TFg3Bzc9muKBXA7dfg1Fpfh1+k/1tj6OIdn5bggczv8Q7j+3oNdzoVHSoGr+Z9i1OH5WuohIS
443FD4/ud5+JiFyJAQcRuR0PTwUeenOqpMaDKAL/eHoXvvkrh9fa05hp0ZLtshP1fS68aKtH382C
xls6NPubN4/gn/+zx+ZrHd9zAa/caPnwveD+VKc9fAeEeeKeP06W1HwwmUR8+Nvd+O6do326pqHD
hE9f3ofNKwv73C+NjxK3vzxB0i+jwYQ37tmCrV/YVjjyyNZz+PhZ6esjkwm4/vG0PvfPmVob9fj7
wz/DaJAGcbNu67n+jKMZOkz420M/45/P74XYZd27Zb/LxKirLKcUXcn9Gqxev2MTWhqkod3po7X4
3xt+sJh6ZQ1dmwFv3LPFInSeuCC+P90kInI5BhxE5Hbm35uK8CG+kn27vivB6r/nuahHg1fXJQfP
OmmUy/Rlw5CYFizZd3zPBfzj6V19vuaxnPNY8aJ0iVq5QoZfPDGmz9e0xaKHRlrULti44gRWv93/
963Y9QnTBkt/nW6xMs26D/Kx/etTfbrehk8KLGqtpGVHISLBPlNpHO3EvkqL/ieNDe3haOf54rWD
+KFLuKj0kOPGp8f2cIZzDNR+DTZVZS3YvaZUsi9mmD8CwmxfdrZT0aFq5P0srT2VMDrIpiXAiYgG
Gn6CEZHbmXX7cMl2S70OHzyZ46LeDG6aLsXtRFPfH6RtsfAB6fQjvdaId5/Y2e/rrn3/GHK3Sf9B
n5YdZdeVSHoyrctKPy31Onz68r4ejnaemV0KyNZWtOLj53b365obPpY+8MoVMky7qfeVjgaKo9ul
0wFCYr0twilXePfxHRbTCjJmxiBlguPfv5czUPs12Gz9UjpSS6GSI316dA9HW2f32lLJtqevCmnT
ovp1TSIiV2LAQURuZfzcOAwZFSTZt2ddabereFD/tTZKh0RHJDr+W/jRWVEYPkFahPPgT2UoPFBl
l+t3XSVAJhdw7a8cO+88+8Ykiz+7Lf8udPmyxFk3DEVonI9k34/Lj/e7psfPq4pRUy4dNt9dYdWB
qmsdDplMQMLo4B6Odh691ohv3jwi2SeTC7jeSaOQejJQ+zXYHN1eYVFfqevfh7Yq2HXeYl90kn+/
rklE5EoMOIjIrUy5NsFi348rbCt4SdarKpMGRwmjg5ExK8ahbV79i0RJPQgA2Pivk3a7/p51pRbL
w465xrHfWE7spkjlz6uKHdqmNSYtHCLZNhpMFqMv+qokT/qNflxKgF2u6wzlJy2XD/YJ9OjmSOfb
+NlJVBRLi9GmXxPt8mkFA7Vfg4lea8T5002SfRFdpmvaqvhIjcWyvsHR3j0cTUQ08PFvHSJyKykT
pUOeq8paLOYQk/3sWVcq2RYE4PF3sx36bXbqZOk3/fWVbeblUe3l4Mazku2AME+kZTsu5EjKkC7H
eOF0E47lWH5z6mzJGdLaEqX5dX0qWNidU7nSURBBUV7Q+Ch7OHpgqbtgObLG229gBBwAsO+HM5Jt
7wAPjJsb56Le/NdA7ddg0rVQsl+Ipt/X7LriUFC466djERH1FQMOInIbKrUckV2G+Z89OXiWdh2I
tn5RhDMFdZJ9oXE+eO3HRVj04Ei7t6dSyxHVZXi0I5bv7W66i6OmUGh8lBZFcc92M0LA2XyD1Agf
Ip2ecia/roejbVfdZYqKXCFDTLJ7jOLQa40WK6nIB9BIhON7Ki32DYR6FwO1X4NJc500jPAJ6H/w
1txldRYPL/cIIomIuqNwdQeIiKyVnBEKpYdcsq/rwzfZl6HDhHce24GXv50nWbLVL1iNh/92Nebd
m4q17x3Dj8uPWyw32BeJY0LgoZH+1VR6zP6vcd72cxBFSKbCxCQ7Zt550thQi2H654pdH3AMGRUk
WWoZACrL7FfLpr6yzWJfcLQXCg/arQmbqNRyDBsXhrgRgfD2V0HtrYRKrYBea0Bbox7nTzfhdF4t
yosuvjb9WJjG4Q5tOgtDh0nyvop20PvXFgO1X4NJW5N0OknXvxP7or1Zek2Vuv/XJCJyFQYcROQ2
wuIt5xrXVri2SOOVIHfbObx+xyY8+fF0ePmpJD8bMioIj76bhVuey8DPXxVj7fv5OF/S2MOVetd1
hA5gWQfEHqrKWtDWpJfcT9clce0lLNZyPntlqeuL4nY3d3/WbcNx1ZJEu1xfqbJ8SLo0JHOGMdOi
MOW6BKRlRyMq0ReKbvrUVWONFqeOVEMmE3o91lWaarVortNKlggNjPByYY8uGqj9GkyMXYJke9Q4
6RpO2yM0ISJyFQYcROQ2/EPUFvu6Fkcjx9j13Wk8Vboaj7yT1e2Q8+Bob1z/xBgsfHAUDvxYhnUf
HLOoc2ENv2Dnvcba1g5JwOHt75gaC75BlvfU9VtYV+gaVgFAUKRjH0ZVHs75Z8fYGTG45bkMjLoq
0uZz/YLVGDvDsYV07aG9uQMBl/wqdvd6usJA7ddgYegydUroWpG5D7qGJl1HdhERuRN+ghGR21Bp
LB+Oui5jSo5zKrcGj0/9Bn99YFuPdTFUajkmLx6CV79fiLf3LsW8e0bY1IaHp+Vr3NLgmNe4vaVD
sq100LDsbt+3AyDg6K5fjqbXGXs/qJ9ue2k8/rBuQZ/CDXfS1uX9qxog37oP1H4NFoYO+/8Oda03
Q0TkzjiCg4jc2kCeJz9Ybfi4ABs+LsC0m5Iw795UjJwa0e1w/qSxIXjsvWwsfHAkPnpmt1UjOrp7
Pe3wBWW3LL75dNB7qdt7GgDTH7p+awtcnPJl0DvuYafmnH1WaOnJI29fjQX3d1/8tupMM07l1qCi
pAkt9Tq01GvR2qSHTCbAy88DAeGeiE7yQ2JaMMIT/Bz2vrMXk9H+3+Tbw0DtFxERXRkYcBCR29Br
Lb+58vJ13fBnmfzK/of71i+KsPWLIqRMDMfih0dh4oL4bmssJIwOxsvfzsO//3gQn//hwGWvqW83
WOxz1NSRrn3tcNDoAl2b5T3ZY+WD/upuZMzHz+3G5s8LXdCb/pu+LBnz77MMN4oOVWPVnw9h+9en
rL5WcmYo/rpjyYAeqm/x/tU7fnSMNQZCv670z2YioisZAw4ichvNtVqLfc6c3921EJtcyaHXAHB8
zwUc33MBgRGeuO6RNFxzcxKCo6WFNZUectz64ngoVDKseHFfj9dqrGm32Ofl55gwQO0l/SvQUVNh
mmot78lRoY0turvfS4tDuhOVWo67X51kMepi3T/y8d7jO2xe4afwQNWAHx3moZEGCQOlHpEr+sXP
ZiIi6jRwv5ogIuriwhnLlSdCYn2c1r62VTq33NPXuStCDHR159vw8XO7cWfK5/jkd3tQd166TKgg
ADf9NgMTF8T3eI2KYssVWELjLFch6a/weF9ofKThWNf+2ku399TNyirO1lBtGRj6h2pc0JP+m3nb
cIsCqbvXluLvD/9sl+WLBxqVWo6AMOlr1VDlmPevLVzVL342ExFRJwYcROQ2ig5VWTysxAzzd1r7
2lbpVIOBMM1gINJrjfjy9UN4ZNJXOLRJWndDJhdw1x8m9nhu0aFqiykdQ0YG2b2PadlRFt/2nz3Z
feHU/urunhLHhDikLVuc3F9pMS0nLiXQRb3pn7SsKMm20WDC56/sd1FvHG/YuDCLpTwrSppc1Jv/
clW/+NlMRESdGHAQkdtob+7AhdPSfyzHDgtwWvtdh/S763B+Z6k514oXr/seJ/ZVSvbHjQjE6C4P
pJ0MHSacLWyQ7It1wEN3UoZlwJC/64Ld2wH+/z11CU/iRwRCoXTtX8G6NgMqTklHlySMtn+Y5AwR
ib6S7fKiRhQdqnZRbxxv+HjLpZpPHXb9/bqqX/xsJiKiTgw4iMitFB6okmyHxvkgY2aMU9o+12Wq
gX+o54CYajCQ6bVGrHz1oMX+cbNjezwnP+e8ZNsvWI1pNyfZtV9d26+taMXRHRV2beNSx7rck8ZH
idl3pDisPWudKZAGL8HR3kiZYPmQOtB5d6nTUne+1UU9cY6MWdLPPIPeiH0/lLmoN//lqn7xs5mI
iDox4CAit7JnfanFvum3JDul7dJjtZJtQQAmL05wStvubO/6UotCg5er9fDzqmKLAo/Tbxlmt/5c
/YtEhA+RfuN/eHO53a7fnW1fFMFkkt7UnLtcH3Ac22kZ6vS0zOpAZuyyNKnRMPjqbnQKCPPEiEnh
kn0n9lehsdqymK0zubJf/GwmIqJODDiIyK38vKoY54qk39ZNuS4BiWnBDm+7YPcFi5oFzho94u66
Bhyel1neN3/XeYvRFOnXRPU4rcVWSx4fI9k2Gkz49m+5drl2T47vrcSRLdIQJSkj1O4jU2y19Ysi
tLdICzROWjTE7b79bqmXTlHwDVS7qCeOd8vvMuChka4AtOmzky7qzX+5sl/8bCYiok4MOIjI7Wz+
XPqPZrWXEg/99SqHt9tUq0XBHmmdhrTsKKeEK+6u66oGzXWWK3hcau37xyTbCpUc9/9lSr/7ccNT
6RZTMA5tKkfxkZp+X7s3X//fEcnIFEEAHnxjKqKTnFcot6umWi1yvi2R7PPyU+GRv2e5qEd903VF
mLgRgfAehIUm41MDMft26cifmnOt2PjpCRf16CJX94ufzURE1IkBBxG5nbXvH0NNeYtk38ipEXh6
+QyHt71nbalk20OjuOyqIASMmxMLb3/pw2bNucvXSNj+VTGO75UWJx06Jhi/+fCaPvdj/Nw43PJs
pmRfh86Ir9443Odr2uLgxrMWq8r4hWjw7MpZCItz3nLHXX35+iGLURzj58Xh5mczXNQj2xXsktY4
8fBUYNGDo1zUG0uCcHEJ1f4IjPDEc/+eDQ9P6SiJ9f/I7/NSuAO1X33Bz2YiIgIYcBCRG2qq1eKD
p3IsahpMX5aMl/4zD8FRXg5r+6dPT1g8nGfOjsXj72U7rE135uGpwG0vjZfsM5lEi1ED3XnrgW0W
qyPMumM4Hn8/2+YVSCbMj8czn82Exkc6kuTrN48gd9s5m67VH289uM3i/TN0TDBe37i42xUonKHs
RD3+85blFJ3bX56AB9+c6oIe2W7LF0UWD9O/+PUYu01r6i+5Qoa3cq7vc3+ik/zx8n/mIS5FumpU
we4LWPnqgUHXr77gZzMREQEMOIjITW3/+hR+Wm45/HnSwni8d/BG3PJcpsXDbE9Uajnm3JmCP2++
FoERl19esKVeh89f2W+xf+49I/D6psUYdVWkdTfQpf2BatnvMvHaD4swfVmyzaHC6Kwo/N+265Cc
ESrZX7D7Ak53KQrYndPHavHJc3ssCo7OvXsE3t671Ko59n4hGvzmw2vw4tdz4OUnrftxbOd5LH9+
b+83YkeVZ5rx1oPbLOoFhA/xxV+2XIsnP56O8HjfHs52nE9f2mcxukQQgGt/NRr/yLsZ8+9Ntel6
vkFqXPdoGv6683qMnBphz652q6a8BT+vKpbs8/JT4aVv5uKGJ9NdviQvACSMDsZrPyzEy9/Ow/i5
cVaft+SxNLyVcz2SM6W/R21Nevz9V9sHbb9sdaV9NhMRUfcUvR9CRDQwvfPYdoTEeFs86PoGqXH7
y+Pxi1+PwfG9F1CSV4sLp5vQVKuFrs0ALz8VvPw8EBbvg6FjgpE0NgQ+/78o4fg5cfhpE0rCAAAg
AElEQVThn8cv2+73HxVg/Nw4TFo0RLI/LSsKozZGouxEPYoOVqPiVCNa6rVobdJDoZRD6SGHxluJ
gDAN/EM9ERbng4gEXwRFOm7ESX+lT4/GqKsikT49Gg+8MRUn91ehJK8GZwrqUHGqCY3V7dC2dcBD
o4R/iBrRyf5ITA/ByCkRGJoeAkGQXk/b2oEPnsyxuv31H+YjJMYbNz2TIbnWkFFB+MP6hThTUIdD
m86irKAeNRUt0LYaEBzlhdBYH4zOisTIKRFQe1kGXaeP1uKPv/ypr38s/bJvwxm8+/gOPPTXq6D0
+O8DlNJDjpm3DUP2jUNRfKQGx3ZW4FxRI+or29BQdXElCpVGAS8/FQJCNQiN9UF0sj9iUwIQndz/
Oh6v3PQjXlm7wGIljLiUADz6bhbu+N8JKD5cjaJD1ai70IbmOi2a63SQKwSovZUIDPNE+BBfJIy+
+DvVOWVh5JQIHNt5vrsm7eqjZ3ch/ZpoSUjp5afC3X+chGsfGY2jOypw+mgtzhU3orlOi7bmDsgV
MiiUMvNnQlCEJ4KjvRExxBdyhf1DEblChokL4jFxQTzqL7Qhf9d5nNxfhbOFDWiu1UIUAe8AD0Qm
+iEpPRhp2VEIjrYs+KprN+D/7tuKkjz71I4ZqP2y1ZX02UxERN1jwEFEbkuvNeKlJd/jsXezMeNW
y2VEvfxUyJwVi8xZsVZfM3VKRK8BB3DxYfCFr+Zgwvx4yX6ZXEB8aiDiUwOtbnOg8vJTSUZf+Aap
MW5OLMbNsf7P81La1g68/ch2FB6osum85S/sRXO9Dnf8foLkG1VBQJ/+rA9vLsefbt+E+so2m86z
p+8/KkB9VTsefTvLYtSQ0kOOlAlhFsVQHa21UY9n5qzBr/8xDVk3JFmEU75BaoydEYOxM2xbncJZ
hR7rzrfhlZt+xPOrZiMgTPpnGhTphewbk5B9o2tXrblUQLgnpi5JxNQliTad11ijxZv3b8XuNaev
qH5Z60r4bCYiop65fswmEVE/6LVG/PmuzfjznZtRdaa539ez9h+/hg4Tfr/0B3zz5hGLAo391d5s
3+v11fi5cRaFA/vqTEEdfr/0B2zs47KR37x5BL9bsK5f3wy3Nenx6cv78MycNS4NNzrtXnMaj039
Gtu+LILR4LxijJejazPgj7/ciD/fuQkVxY29n2CFkFjnFVDN33Uezy9aj4LdF3o/2IkMHSaseHEf
mmovv3pQbw5tOotfZ/3HbiHCQO1Xf1wJn81ERNQzjuAgokFh079OYvvXxVj4wEhk3ZCEpLEhkMmF
3k/ExZU0SvJqceDHMnz/cYHVbRo6TPjH07vwwz+P49bnxyFjVqxFnYfeiOLF+gGl+XUoPlKNo9sr
cHDj2d5PdIKtXxRBkAnIWjoUaVlRVtc06WQ0mFB8uAZbvyjCt3+zLGJpq7yfz+HBjFVYcP9IzL07
BYljLKfAdKehqh0535Xgyz8dQqUdQjB7qiprwR9/uRHfvJmLax8ZjczZsfALVvfpWrUVrTiVW4Oj
Oyqw/atT/erX5s8LsfnzQiy4fySybhiKlAlhkuk0vdG2duDEvirsXV+KH5f3PiLKnooOVeOJq/+D
efeMwPRfDkPKhLA+TTfp0BlReaYZFacazZ8P/bHy1QNY/2E+rntkNK7+xVBEJflZdZ7RYMKxnPP4
7p2jVhXnHSz96o/B/tlMREQ9E2Yp3hF7P4yIyL2Exflg7IwYJIwOQnCUN7z8VVCpFTB2mNDe0oGW
Bh0qihtxKq8GR7dX9PsbTADQ+CiRfk00kjNCERLtDZ9AD/NDockoQq81or1Zj+YGHerOt6G8qAEn
91X2umTq/2PvvuPkOgtzjz/vOWf6bN/VStpV75Ily3I3tnEv2AYbG0yxA+HmGkjAJBDyoQVCyA0l
5QYSUkiDAEkI9RIgAdPsAAaDLblbXVqtpFXbvrM77Zz7h2zZstqWmXnnzPy+nw+Jd1Z7zqPdsc85
z76lGiQaIjr/hgVafm6H5ixqVGN7QsnGqCIxV65rlM8WNZEpaGwoq/07htXzVL9+9b092re9NKMA
Tmbp+nadf+MCLV7bpo75DUqkI3Jco9x4QQMHxrVv+5Ce+Mk+/fxbu5SbKJ75gFXAizg6/8YFWn3x
bHUtbVLrnJTiKU+RqCvfD1TM+8qOFzQ+ktfQ4XEd2TemPc8M6skH96vn6YGy5XpuesqS9e3q6E6r
qT2uaMKT6znKZgoaH80rM5RV79Yhbf7VAT3xk/3KZgplyzMVcxY3af2VXVq0tk0d3WklGiKKpyLy
i75yE0XlJ4rKTRQ00p/VwMGMDvaMas8zA9ry8MFpv29u/531uucTlxz7uJD3dVPyb4/7M4vXtevC
mxZoydntSrfElG6OKZb0VMgVNTKQ1aGeUW3deEi/+PZu7d9Rmn+PqjVXudXyf5sBAMej4AAAACih
yRQJNlRrLgAASoU1OAAAAAAAQOhRcAAAAAAAgNCj4AAAAAAAAKFHwQEAAAAAAEKPggMAAAAAAIQe
BQcAAAAAAAg9Cg4AAAAAABB6FBwAAAAAACD0KDgAAAAAAEDoUXAAAAAAAIDQ82wHAAAAqCUPfnOn
+nYOH/vY9wOLaZ5XrbkAACgVc533aa5uAAAAAAAg1JiiAgAAAAAAQo+CAwAAAAAAhB4FBwAAAAAA
CD0KDgAAAAAAEHoUHAAAAAAAIPQoOAAAAAAAQOh5tgMAAIDqExhJjlHgGBXjrvIpT7nGiLKtMY0s
TGl0XkrZpogKKU/FuKti1FXgGfmukczzxzGFQE4hkJMrypsoyssUFRnJK7VvXA27RpU4NKHYYF7e
WF5utiinEEi+ZBRIbGQPAACmgIIDAIB6ZCTfdVRIuso2R48WFwtSGljdpPFZceWaoirEXQWuOfOx
TseTis/+Q/YFLx8+5xSxAsmdKCo6klf8cFZNW4bVuHNE8cNZxQZziowU5OR9GZ/2AwAAHI+CAwCA
WmekYszV2NyExrpTGl6Y0sDqZk20x5RPRRRU0YTVwEiFhKtCwlVmVlz9q5uO+7w7UVRsMKfGnaNq
2jqsVG9GjbvGFBnNyxQpPQAAqGfmOu/T3A0AAFBLjJRrjOrw+hYNrmjS4PIGTbTHVUi4tpOVhVMM
FBnJK90zpqZtI2p7bECNO0blZou2owEAgAqi4AAAoAYUkp4Ont+mAxd3aGhxgwpp7+h6GHXKzfmK
DWTVvGVYc398QM2bh+XkfduxAABAGVFwAAAQRkYab49r612LdHhdiwpJZp2eViDFBnPq/PkhLfrG
HsUGc7YTAQCAEqPgAAAgJAopT0NLGrTz1nkaWNWkwKnfERoz5RQDtTwxqEXf3KOGnaOKjBVsRwIA
ADPEr3sAAKhihZSn/tVN6rmxi1KjhHzX6MjZLTpydotMILU8PaTu+/ap9ckhRYcY3QEAQBhRcAAA
UGUCI/WvbVHv1bN1hOknZRcYqX91k/pXN8nN+mreMqSuH/Rp1q+OsG4HAAAhwh0TAABVItcY0e6b
u7X/sk5NtEZtx6lLxZijI2tbdGRtiyKjBbVv6teib+xRes+Y7WgAAOAMWIMDAADLRrtTeuotyzS0
uEFBHe98Uq1MIMUGclr8ld3q/uF+iTsnAACqEgUHAAAW+BFHfRd3aMvdi5VrjNiOg8kKpK77D2jp
v+1UbChH2QEAQBWh4AAAoIJyDRHtvWaOdt46T4W4azsOZqDtiUEt++JONe4coegAAKAKUHAAAFAB
uaaIdr18nvZcO0fFGMVGLWnaPqKlX9ql1scGZQJuqwAAsIWCAwCAMiqkPG2/Y4H2XjWbERs1Lr1n
TMv+bZc6HjnCiA4AACyg4AAAoAwCx2jH7fO1++Zuio06k+wb11mf3qzmLcO2owAAUFcoOAAAKCUj
9V3SocfftlKBw44o9SzdM6YNH39C8cNZ21EAAKgLFBwAAJRAYKShZY167B2rNNEesx0HVWTuAwe0
/PM7FB3O244CAEBNo+AAAGCGJtpi2vzGJTpwQbvtKKhSbtbXsn/bqXnf2ydT5NYLAIByoOAAAGCa
Asdo1y3d2nH7AhVjju04CIF075jO+qvNatw5ajsKAAA1h4IDAIBpGJ2f0qPvXK2xOQnbURAyphho
3n37tfzz2+UUuA0DAKBUKDgAAJiCwDHa9pqF2vXyeQpYQxQzEB3O64IPbFLywLjtKAAA1AQKDgAA
JikzJ6GHPrxeuaaI7SioIUu+sluLv9bD2hwAAMwQBQcAAGcQuEY7Xz5P216z0HYU1Kh0z5g2fOwJ
xY+wpSwAANNFwQEAwGmMt8f12O+s0tDSBttRYIN57v8EUjGQyftycwVFsgXFJgpKjeYVG8/LKwQy
QaDASL5jlI+6Gk9GlElFlYu5KkQ9+VFH8lzJefZ4ev7/SZKXKWjdp55R+8b+yv89AQCoARQcAACc
woGLOvTkm5epkPRsR0ElGEnGSEVf7khOHQdGtXBrv5oPZ5Qezik5nFUkV5TxAzl+cFw5cbpjBsYo
cIx81ygb9zTaHNdoU0yHO1PataxVw60JBcmIJCNT9LX4qz1a8tXdkzs+AAA4hoIDAIAXM0ab3rVa
B89vs50E5WaMFARKHhzTul/t04It/UoNZeXlfVWqYQiMUT7mabgtrmfO7tTW1R1q7J3QuX/0GCUH
AABTQMEBAMALjHUl9eAnNsj3HNtRUA7P7nxjxvJauPWILvrBLjUeObqLSbXsimMCKXCk0WhUA88U
VSzYTgQAQDgw5hYAAEm+52jH7fO187b5VfOgixJ5dskLb2hCy588pPU/3aOGweyxn3O1/byDZ/Om
szmlF0r9hx2NDBkF/EoKAIDTouAAANS9XHNUj/7OKg2sbLIdBaVkJOV8zd98WBt+ukez9ozouTkf
1VZqnJKRWjt8JVNGh/ocFYu2AwEAUL0oOAAAdW1wRaM2vXuNcg0R21FQKsbIjOd0wY93a8UjfYqP
5Y9NTQmreDJQ14KiDu53NDEe8r8MAABlQsEBAKhbPTfO1eZfW6LA4YGxJhjJGc3rqm9u1sJnjsgp
+M/ujGI7WGk4rjS7y9fQgNHAEdaIAQDgxSg4AAB16fG3rdD+yzptx0CpFHxd8+UnteSJw89PP6mR
YuM4RmpqDRRL+Dqw12FdDgAAXoCCAwBQVwoJVxvfe5YGVrDeRugZyWSLuui+7Vr74F5JIVpbY4bi
iUBdC3319Toq5G2nAQCgOlBwAADqxkRbTL/8g7M1PituOwpmyg+0dFOfLvvWVkVy9bnypucdXZfj
wD5XExnbaQAAsI+CAwBQF0bnJfXLD69XPsWlL9SMlOob1fVffUYde0fqZsTGqRgjze4qqv+Qo+HB
Ov9mAADqHnd5AICaN7CySY+8f62KURZmDDUjnffdHVr/0x45xaDuy40Xau3wFYk6OnKQbwoAoH5R
cAAAalr/2hY98p418j3KjTBzR3N67ad/peRI1naUqtXQ5Mv1jA7tc8TaowCAekTBAQCoWUfWteiR
957FNrAht2Tjfl311c0yPLafUTIVaPY8X317HQW+7TQAAFQWBQcAoCYd2tCmTb+3WoGh3Agrkyvq
6q8+rSVPHGI6yhTE4oG65vvat8eRX5/rrwIA6hQFBwCg5hw5u0Wb3k25EWaRwQnd/k+b1HhknHJj
GrxIoK4Fvvb3OCoUbKcBAKAyKDgAADXl8Nkt2vietQpYciOcjNS+Y1Av/5dH5eV9iXJj2lw30Jx5
vvb3OirkbacBAKD8uP0DANSMoWWN2vTuNZQbYWWMlv1yn277501Hyw3MmOsFmjvPlxexnQQAgPLj
FhAAUBMycxL61QfXyY9waQslI53zwx268uubZXwWEy0lxw00d35RLuN2AQA1jrtAAEDoZZujeujD
61WMclkLpUC65D+36ILv72JKSpk4jtS9oCjPozwCANQu7gQBAKFWjDr61QfXKdfEGPywuvIrT2nt
g3tZTLTMjCN1LWC6CgCgdlFwAADCy0iPvG+txrqStpNgmq791ye0bNMByo0KMY40Z57PdBUAQE2i
4AAAhNaTb16ugVVNtmNgmq74ylNa9NQhpqVUmOsGmtPty3VtJwEAoLQoOAAAobTvik7tvXK27RiY
DnN0zY3lmw7YTlK3vEigzm5fhnIJAFBDKDgAAKEzvDitp+5ZbjsGpmnd/bu19ud7bceoe9FooM65
lBwAgNpBwQEACJVcY0Qbf+8s+S5PZaFjpMWb+nTxd3ew5kaViCcDtXf6tmMAAFASFBwAgNAIXKPH
3rFK2Zao7SiYhrZdg7rmK09TblSZVEOglna2jwUAhB8FBwAgNHpu7FL/Wc22Y2AavKEJ3fZPm2zH
wCk0tfhqaKLkAACEGwUHACAUxjti2nzXYtsxMB1FX6/520fkFHmArmatHb5icX5GAIDwouAAAFS9
wDH62Z+dx3aiIXXjFx9XciRrOwbOwBipsyuQ69lOAgDA9FBwAACq3uPvWKlizLUdA9Nw1k96NG9z
v+0YmCTHCTS7i51VAADhRMEBAKhqh85r04EL223HwDQ07hvRxd/dwcibkIlEA7XPYmcVAED4UHAA
AKpWPu3pyXuWKeDXyeHjB7rts4/KBKzpEEapxkBpFh0FAIQMBQcAoGptfsMS5ZrYEjZ0jNHLPveo
Ypm87SSYgfYOX5EoJQcAIDwoOAAAVWloWaP2Xd5pOwamoevpQ+rePmA7BmbKiPU4AAChQsEBAKg6
gWu08fdW246BaXAyeV3/padsx0CJuJ7UMZtRHACAcKDgAABUnW13LlSukakpYXTDfzwlL1+0HQMl
lEz7amA9DgBACFBwAACqSrY1qp2vmGc7BqbKSPOfOKjubWwJW4ta2315EdspAAA4PQoOAEBVefS3
mZoSRmaiqCv+3xbbMVAmxpE657B1LACgulFwAACqRv9ZzRpc0Wg7Bqbh4vu2Kz7Orim1LBIL1NTC
VBUAQPWi4AAAVIXAMXrqN5bZjoFpcIezWvvgXtsxUAEt7b48z3YKAABOjoIDAFAV9l3RqcychO0Y
mCpHesXnH1PAVqJ1o7OLqSoAgOpEwQEAsK6Q9LTtzoW2Y2AaZm/uV8e+UdsxUEGRKFNVAADViYID
AGBd77VzlG1mW9jQCaTrv/wUozfqUHMru6oAAKoPBQcAwKpizNW2Vy+wHQPTsPrBPYplWFi0HhlH
apvFVBUAQHWh4AAAWLXrFd3yPS5HoVPwdf6Pd9tOAYsSyUDxBFNVAADVgztKAIA1vme0/XZGb4SO
kdb/Tw+jN6CO2YEMU5QAAFWCggMAYM32Vy+0HQHTYMYLWv/TPbZjoAq4XqDGZkZxAACqAwUHAMAK
P+Jo98u6bMfAVBlp7UN7FZ0o2E6CKtHS5svhjhIAUAW4HAEArNh9U5f8CJeh0MkVdR5rb+CFjNQ+
mwVHAQD2cWcJAKi4wDHquZHRG2G0YmOfvFzRdgxUmWQykBdhqgoAwC4KDgBAxR24qF3Z5qjtGJgq
x+jS72yznQLVyEgdsyg4AAB2UXAAACoqcIx23jrfdgxMw7zHD8rNMxUBJxdLBIrFKTkAAPZQcAAA
KmpkUVoj81O2Y2CqHKOrv/6MxJagOBUjtbRRcAAA7KHgAABU1K6Xd/OQHEJNPUOKjrNzCk4vnggU
i9tOAQCoVxQcAICKyTdEdOCCdtsxMFWO0Uv/exvFFM7MHN02FgAAGyg4AAAV03dJhwKHp+SwcUay
mrVnxHYMhEQ8GSgSsZ0CAFCPKDgAABWz4zYWFw0dI53zYK+cIr+Vx+S1dPB+AQBUHgUHAKAixmfF
lW1ha9jQKfhaubHPdgqETDIVyHCXCQCoMC49AICKePpNS21HwDR07BpSejBrOwZCqI1RHACACqPg
AACUnzE6vL7VdgpMlZE2/GyPApZNwTSkGwMZ3jsAgAqi4AAAlF3fJe3swBFCzlhe87f0246BEGto
CmxHAADUEQoOAEDZ9dzYZTsCpspIi585LMfnARXT19TM+wcAUDkUHACAsiqkPI0sSNuOgakKpHN+
wvQUzIzrBYolKDkAAJVBwQEAKKu+iztUjHK5CRuTLaj1wJjtGAg7IzUyTQUAUCHccQIAymrf5Z22
I2Aa1v5iL6M3UBKJlORwxwkAqAAuNwCAssmnIxpZmLIdA1PlGG24v8d2CtQIxwmUSDGKAwBQfhQc
AICy6V/TpGLMtR0DU2QyecXG87ZjoIYwTQUAUAkUHACAstnP9JRQWvfzXgUO81NQOtF4IJeuEwBQ
ZhQcAICy8KOOBlY22Y6BqXKMznpon+0UqDHGSHF2UwEAlBkFBwCgLMbmJJRPe7ZjYIqckaySoznb
MVCDmlooOAAA5UXBAQAoi8PrW21HwDQsfeqQTJEHUZReNB7IMPMJAFBGFBwAgNIz0t4rZ9tOgWnY
ckGX9ozFlc9JoudAiUXjvKkAAOXD2GEAQMn5EUeZ2QnbMTAN3lhB+cNF7c278jypsSVQqiGQ6/Jg
iplraQvU18swDgBAeVBwAABKbqwrKfEME0odG/vl5H1JUqEg9R8yGjhslEoHamoNFIlSdGD6Yozg
AACUEQUHAKDkdr+sy3YETFP7xv4TXgsCaXTEaHTEKJ4I1NwWsCMGpsUYyfOOlmcAAJQaa3AAAEqO
BUbDq+XpodN+fmLcqK/X0d7djsYzDNPB1DU2U44BAMqDggMAUFKBa5RrjNiOgWlIHJ5QbGByW8Tm
c0YH9jrq2eZqYpyiA5OXSFFwAADKgykqAICSGpubtB0B09T8zPCUt4j1A6mv11EkIrV1+orHA9Zf
wWl5kaPbxQb0HACAEmMEBwCgpHqvnWM7AqapfdOJ629MVj5/tOjY3+swogOnZYwUidpOAQCoRRQc
AICSGljZZDsCpsH4gZq2jMz4ONmJo2t09O11lM9SdODkUmmGbwAASo+CAwBQOkbKdMZtp8A0xPpz
ShyaKNnxJjJG+/Y4OrjfkV8s2WFRI6JsFwsAKAMKDgBAyeQaIvKjXFrCKHlgQsYv7UNnEEiZUaM9
O10NDfC+wPOiUQoOAEDpcbcBACiZwRWNChymJYRR+8YjZTt2EEgDh412b3OVZX0OSHJcyXVtpwAA
1BoKDgBAyQysbrYdAdPU+uRQ2c8RBNL+XkcH9joq5Ck66pkxTFMBAJQeBQcAoGRG5qdsR8A0uDlf
qd5Mxc43njHau9vR4BFHCig66lU0ZjsBAKDWUHAAAErDSJk5CdspMA1epiA3V9mVQINAGuw36t3F
trL1inU4AAClRsEBACiJQtxVPu3ZjoFpSPeMWTt3oSD19R7dbSXgebeuMIIDAFBqFBwAgJLItsTY
QSWkOn9+yHYEZUaNera7jOaoI64byPDjBgCUEHeiAICSGFmUVsDTSig1bxmxHUHS0Wkrfb2ODu13
5Pu206DcHOfobioAAJQKBQcAoCTGO+K2I2CaUvsqt8DoZIyNGvXucjU+RmFW04zkMasNAFBCFBwA
gJIY72RCfRgZP5ApVt/iF35ROrDP0aE+RwGjOWqW61Xfew8AEF4UHACAkhiZxxaxYZQ4OGE7wmmN
jRjt3e0qN8FojlrkMkUFAFBCFBwAgBkLHKNcc9R2DExD5y8O245wRoWCtG+Po8Ej3LbUmgj/2QAA
lBB3CgCAGQs8o0KSyfRh1Lx5yHaESRvsN9rX48gvMpqjVkRjTFEBAJQOBQcAYMaKEUdFtogNpfSe
6lpg9ExyWaPeXQ4LkNYIpqgAAEqJu1EAwIwVkp4Cj0tKGMX6c7YjTJnvSwf2O+o/5EgMAAg1x5FE
VwUAKBHuRgEAM2ZSngKuKKHjFAIZP6QNQSANDxrt2+PKZ5eV0DJOQL8BACgZbkcBADO2dnmj2mOM
NQ+b6FBOJghpwfGsXFbas8NVll1WQskxkuFHBwAoEQoOAMCMda1u1p1zkrZjYIqatwzXxBSPIJD2
73E0PMCTcuhQcAAASoiCAwAwY0su69TLZyVkHJ5UwiS1L1wLjJ5J/2FHhw84CvmglLrjMPgLAFAi
FBwAgBlxXKPWBWm1RF1d2By1HQdTkOibsB2h5EaHjfbvcVRkK9nQcF0aKQBAaVBwAABmxIk4SrTG
FEh664IGdkQIkWTfuO0IZZHLGu3d5SiX5c0YBmwVCwAoFQoOAMCMRJOeIrGjl5NVaU8tUZ5WwiLe
n7UdoWx8/+i6HJkRSo5q50UZwQEAKA0KDgDAjMTS3rFVAgMZvWdJo+VEmAwTSE6utvdXDQLpYJ+j
oQFud6pZNGY7AQCgVnDFBwDMSLojftzHV7bFZVx+a17tTMGXm6/tguM5A4eNjhxyamLHmFrkebYT
AABqBQUHAGBGGjsTx30cSPq9xYziqHaR0YJMnRQckjQyaHRwv6MgoHyrNg53owCAEuGSAgCYkVkr
m0547RWdCbkeD5LVLHlwXE6hvoY0ZMaO7rDi+7w3q4nj1Nf7EABQPhQcAIAZ6VrXesJrrjF618IG
C2kwWZHhvO0IVuSy0v4eR8WC7SR4juFuFABQIlxSAAAzkp4VP+nrN3cmFPG4zFSr6Ej9PuHn89K+
HlfFou0kkNhZGgBQOtx5AgBmJNkaPenrccfR2xekK5wGk1WvIzieUyxKe3e5KtT3t6EqGBoOAECJ
UHAAAGYkmjj5FgiBpNtmJ9UUcysbCJMSGeXJ3velvbtdFfI8YVvFtx8AUCIUHACAGYkkT11gRJ1n
1+LgAabqxAZztiNUhSCQ9u52lMvyJgUAIOwoOAAAM+JGTj9C4/pZcc1PRiqUBpMV66fgeE4QSH29
lBy2sHUvAKBUKDgAADPinHE7WKM/X9VckSyYPDfLCpsv5PtHS47AOfmUK5QT28QCAEqDggMAMCOT
WSBwfsLTlR2J8ofBpLk533aEquK4Ri//+Hn69e/ertTspO04dSWg3wAAlAgFBwBgRibzcBJI+tjK
ZjkuQ9GrhZOn4HhOsjWm3/zudTr39UvkRl3d/tmblGg9+fbHKD0KDgBAqVBwADQOhwgAACAASURB
VABmxC9O/unkT1cyVaUamCCQk+epUpKWXTVHv/vQzepc/fx7M5KI6I7P36x4U8xisvoR+BSfAIDS
oOAAAMxIcQprOVzSEtOVHfxm3LpAMsX6HsHhxVy94k/O092fu0yR5InrbkTTUd36Dzco1hC1kK6+
+PX9VgQAlBAFBwBgRgpTWMvBGKP3LWlSPMLlxybjBzJTGHlTa9oXN+jtP7pB571uicxppk2lZqV0
06eukePxfi0nv2A7AQCgVnDFBgDMSG5sak8njRFHH1vRVKY0mJTgaMlRj15672q9439uVOvCtDSJ
mREti5t17cdeqkn9YUxLjh2LAQAlQsEBAJiRieGpP528pCWuGzvZVcUWE0imzqYFNM5J6N77b9Q1
71k7ua1/XmDe+XN08W+fW6ZkyOUojwAApUHBAQCYkdHD2Sl/jS/pQ8ua1B4/ce0DVEAQ1M3WFW7U
0UveskLv/NlN6ljWOK1jBJLW3LZcq+9YfvQDlFSRKSoAgBKh4AAAzMihrcPT+jpjjL64vlXG4be3
lWb8o6M4al3X+la95dvX6oYPrpcbc2d0rEDSxW8/T10XzilNOBxTnPw6xQAAnBYFBwBgRvY/MTjt
r22OuPqHta0lTINJq+GCw4u5uuNTF+qeb16t2WtKuzXxdR99qZrmT28kCE7OL1JyAgBKg4IDADAj
w/szM/r6sxqjes9SFh2tJFPD01POumWe3vPYK3T2HQvLsvuJ4zm66S+vlsf0qpKp0/VuAQBlQMEB
AJiRsSNTX4PjxV45J6nb5ybZqKJCAmNq7nvd3JXUb913ne78u0sUa4iU9VyJ5oSu/8QVMlNcrBQn
CgIpqLMFbwEA5UPBAQCYkfHBme/xGEh69+JGXdQSm3kgnFHgSEGNPJun2mJ6xcfP07t+eYtmr2mp
2HnnrJ+lDb+xtmLnq1V+0dTybCkAQIVRcAAAZiSXKZRkRw5jjP5sVYtWNpb3t++QpPCP4IimPF36
lhV6589v0nl3L6n4+YNAWv/6NZqzobPi564lhYJqej0YAEBlUXAAAGYkP15Ufrw02yB4jtHfr21T
d5KSo5wCIwUh3b3GOEbnvGqh3vHAjbr+g+sVTVl8rxij6z76UtbjmIHczGe4AQBwDAUHAGBG/IKv
TAmmqTwn6hj9+4Y2zbP54FrrnHAWHAsv6NC7HrpJr/yLC9Q4J2k7jiTJi3u67Z9uZB2JacpNhO99
CACoXhQcAIAZ8f1Aw33jJT1mxBj9+zltWpSm5CiHwJjwFBxG6lzRpHf+/Cb9r29cpaa5KanKFvds
7GrQhW9bz1SLacjnq+tnCQAINwoOAMDMBFLvI0dKfljPGH3+7Datb46W/Nh1z5ECr7ofLI2R5qxp
1j3/72q97Uc3qGV+2nak0zrrVavUsabNdozQKRRsJwAA1BIKDgDAjPU9OViW40Yco785q1XXz0qU
5fj1KjBGfqQ6bwGMI83b0KY3fflK/eZ912veee22I02KcYyu+tBLFEmwHsdk+b5ULM3yPQAASJK4
CgMAZqy/Z6xsx3aM0R+uaNaKlKdP7Rwp23nqTbUVHMYxWnblbF1x72rNO7dNCssUmhdIz07rwrdv
0E8+8ZDtKKFQKBjWLgEAlBQFBwBgxgb3jCrwA5kyPpTe1Z3WinREv/XkgOSz2MFMFWOu7QiSjm4P
vObmbl373nVqXVB962tM1YqXLdHW/9qpA48fsh2l6mVLu3QPAABMUQEAzNzYkayyI/myniOQdF5z
TP91focaq+ThPMwKcbvfQ8czuvh/LdPvb3ul7vzbS9S6MB36ckOSZIyu/ePLy1r21Ypclu8RAKC0
KDgAADOWnyhqaH9lfh3bGnX13fM7dHVHQuL5aNomOmIVP6cxUkNnQjd9ZIM+tOMOvewjG46uWVFj
P8dYY0wX3bvBdozqFkjZCdshAAC1hikqAICZC6Q9Dx9W58qmipzOMUYfXdmsHx+J6/1bhpQvMJF/
qrItlSs4vJijhRfO0uX3rtKiiztqY6TGGax55Qo9+sWnlTmUsR2lKvmBlM/V/vsAAFBZFBwAgJIo
104qpxJIemlbXP99flQf2TqkHx+ZOPoiJiXXUP5bgHRHXOe+dpHOu2uJmruSdVFsPCcIpBv+5Ap9
7Q3fqbkRKqVQyBsF/PsKACgxCg4AQEnsefjI0V/LVnjtgbTn6OMrm/XwUE7v3jyksRz7Tk5Grjla
luMa12j5lXN0yT3LNf+8dnmW1/qwqWVRs5bdtFhbv7PDdpSqw/QUAEA5UHAAAEri8PYRZTMFxdKR
yp/cGJ3bHNP3LujQF3rH9De72E72THKNpf05pTviuu7967Tqhm7FG7y6Gq1xOhe8eb12fH+3ihRv
x8mM8v4AAJQeBQcAoCRymYJG+sYVW2qh4HiWZ4zeOC+t13el9N7Ng/ofpq2c0tjcpHzPyClM7xtk
jBRNR3T2bfN11e+epVR7vMQJa0O8Oa71b1ijh//+MdtRqkYQSNkJCg4AQOlRcAAASqZ34xG1L220
HUMRx+jPVrXoQLagP94+rAcHckenz+CYfDoiP+LIKUxhZIGRGjriWnL5bF361hWataKJ7VAnYe2r
Vumpr23R+BHmZUhSsWjksy4wAKAMKDgAACWz7f4DWn/HoqpYVDGQNCvm6ZOrW7VvoqC/6xnVfx+a
UEDRIUnyI0bFmCtv/PQFh3GMmruTWnH1XJ37usWataJRjscu81Phxlxt+PW1+umf/tJ2lKqQrcyO
0gCAOkTBAQAoma0/6pNf8OVEqucBOJA0J+7pw8ub9duLivrWgXF9bl9Gw1nWRMinPcUGcye8blyj
Bed3aNUNc7X8qjlqWZCWW0U/0zBa8bKl2vjPTyhzhKf7oYEqaEABADWJggMAUDKZgayyo3klWmK2
o5wgkNQccXV3d1qvmZvSlrGCPts7qvsP1++0gdF5KaV7M5KkWNrT2lvna92tCzRnTbPijREWCi0h
4xq95HfP133veaAqRjjZlMvW+TcAAFA2FBwAgJLa++iAll4x23aMUwokeY7R6oaIPrGqRY4C/aQ/
pz/bOazeTMF2vMpxjLpvmac771mhpVfMlher3+1cK2XBS7rlxV0V6nj0UC5HuQEAKB9znfdpJiMD
AEpm1fVdet0/X2o7xpQ5knJ+oEeGcvr8vjE9MZJXpuCHfxcWIzmOUUvE0dkNEb2sI6F1TVG1eo58
hf+vFzY9P9ur+957v+0Y1hzc77BFLACgbBjBAQAoqW3399mOMC2+jo7suKAlpgtbYpIC9U4U9chQ
Tj86ktWOTEH7s8Xq3o3FSFHX0fyEq3lxV5e2xLQqHVF3wlPCMQr0fKFRv2MI7Jp/8VxFUxHlxvK2
o1gxkaHcAACUDwUHAKCk8hNFjfdnlWitvnU4JutoCWDUFffUFff08s6kAkkDuaL2Z4vaNJzXlrG8
do4XtDVTULEYVG4ohJFkjJojjhYnPM1LuFqQ8HRWQ0SdUUctEUdx13nB3+ModuWsEsZo/RvO0kOf
3lh3a3EU8mwPCwAoLwoOAEDJPfqNHl30pmW2Y5TMc0VBS9RVS9TVmobo0dcDKRcEmij6yhQDDReO
jvroGS/oUK6o/nygwYKv0YKv0WKg0WKgCT9Q4QWjQBxjFHWkhGOUdh2lXKMGz6jZO1pWtEUddcc9
dcVdNXhGCcco7hpFjZHnmBMyvvifUX2W37hYD//9Yyrm62scDbunAADKjYIDAFByP/u7zTVVcLzY
sQLBSFFjFHVcNUak2ZKWpyOn+ILg2Ne8+FPmhQedws4lFBnhFGuMafG187X1OzttR6mo8TEKDgBA
ebGpPQCg5Ib2j6swUV+/nT6tZ6eVHC0vjv+fee6fj30e9WDNbSvq6uedzxkV6miTIgCAHRQcAICS
8wu+tj0QzsVGgUpoXdqi5gWNtmNUzOhw/ZQ5AAB7KDgAAGXxi3/eajsCULWMY7Ti5sV1Mc8oCKQx
toYFAFQABQcAoCx6Nw0on2FMOnAqy25YIjfq2o5RdrmsUaE+d8UFAFQYBQcAoCwmhnLq3dhvOwZQ
teKNUbWvbLUdo+xGhhi9AQCoDO9bmf9tOwMAoEYN5PPaNTZuOwZQlYJAWnXrMh14/JDtKGWTSEf1
xYffKNfjd2oAgPLjagMAKJtGz1PtD8AHpm/h5fNqeh2OtVcspNwAAFQMVxwAQNm4xijlebZjAFXL
i7lqWtBgO0bZ3PRb59uOAACoIxQcAICyaotFbEcAqlYQSGvvXGU7Rlm0dzeqbW7tljcAgOpDwQEA
KKumSESuYZFB4FSWXLNQQbH25qm84Y+vsh0BAFBnKDgAAGVlJDVHmKYCnEokEVGsKWo7Rkkl0lEt
Onu27RgAgDpDwQEAKLvZ8bjtCEDVCoJAs8/ptB2jpFh7AwBgAwUHAKDsoo5RxGGaCnAqq1+xrGZ2
U4klIrrw5StsxwAA1CEKDgBARXQlGMUBnErLoiYFNVJwXPaaNUqka2vKDQAgHCg4AAAV0RKJcNEB
TiHeHFe0Ifw7DsUSEV35+nW2YwAA6hT3mgCAimmL8Vtd4GQc16ixO/xbql5w83I1dSRtxwAA1CkK
DgBAxXTGYmIlDuAkjNG8i+baTjEjkZinG958ru0YAIA6RsEBAKiYiGPU4LFlLHAyrUuaQ73Q6NqX
LmD0BgDAKgoOAEBFzY7HbEcAqlJDZyq0/YbrObr9915iOwYAoM5RcAAAKirluUq6XH6AF0vPTsn1
wvnvBmtvAACqQTivogCAUJsdZ8tY4MUiiYi8RDincN35gctsRwAAgIIDAFB5TRFPUYflRoEXciKO
ounwbRX78nsvlBdxbccAAICCAwBgxxxGcQDHMY5RrDFcWymnmuK68q51tmMAACCJggMAYElrNCLP
MIoDeI6RFE2Hq+C48/2XKRJj9AYAoDpQcAAArOlOMIoDOMZIybbw/DuxYM0snX31ItsxAAA4hoID
AGBNC6M4gOcFUrItYTvFpLiuo1e//9LQ7voCAKhNXJUAAFYtTIbjgQ6ohEgqIgW2U5zZeTct04I1
s2zHAADgOBQcAACr0hFPcYfLERBIckOwG0miIaY738e2sACA6sMdJQDAKiNpXjI86w4A5WRCcGf2
6vdeqmjCsx0DAIAThOAyCgCodWnPU4NX/b+5BsquyqendC9v0/k3LbMdAwCAk6LgAABUha5EnIsS
6pqR5Bert+FwHKO3feYW2zEAADgl7iUBAFUh4bpqiUZsxwCsKuaLtiOc0p0fuFzpFqaTAQCqFwUH
AKBqdCcTctk1FnUsO5w7OpSjyixcO0sX37rSdgwAAE6LggMAUDUcHZ2qAtQlI40dzNhOcYJYMqI3
feJaObSPAIAqR8EBAKgqbdGoYoYHKdShQMoOZW2nOI4xRre982K1zm2wHQUAgDOi4AAAVJ0lDSnb
EYCKC4JAEyM52zGOs/KSbr3kjlW2YwAAMCkUHACAqhNzHHXGorZjABXl+4FyVVRwROKe7vnz62UY
UQUACAkKDgBAVZodjyvCgxXqiJ/zlRvL245xzPu/8mpF4p7tGAAATBoFBwCgKjlGWphKVuOGEkBZ
TAxNqDhRHdvE3vbOi9U+r9F2DAAApoSCAwBQtdKeq7YoU1VQH0b6xuQXA9sxtPKibl151zrbMQAA
mDIKDgBAVetKxBR1GMeB2je8d0S2Z2W1dKb16x+/hi1hAQChRMEBAKhqjjFanErajgGU3d6H+2Rz
TlYk6umeT92gVHPcXggAAGaAggMAUPUSrqs58ZjtGED5+IEOPXnE2umNMbr7/1ypeSvbrWUAAGCm
KDgAAKEwOx5T3OGyhdqUnyho7GDG2vkvv3ONNly3xNr5AQAoBe4UAQChsSyd4sKFmjR6YEx+wc4C
oysv6tar3nuplXMDAFBK3CcCAELDc4wWphJsHYua0/OzvVYWGO1a3qa3/OWNlT8xAABlQMEBAAiV
pkhEHTG2jkXtMJK2/vfOii8w2tSR0tv+9mZ5UbeyJwYAoEwoOAAAoTM3EVfK5aEMtSEIpKHdwxU9
ZzwZ1b3/cIsa2hIVPS8AAOVEwQEACB0jaWlDSlQcqAVHtg9U9Hyu5+jef7xFnQubK3peAADKjYID
ABBKjqQVjWnW40DoPfQ3j1RseooxRvf8xQ2av7qjMicEAKCCKDgAAKEVcxwtSiUpORBeQaC+TYcq
cipjjN70iWu05rL5FTkfAACVRsEBAAi1poinOfGY7RjAtBx85oj8vF/+Exmj133opTrnuiXlPxcA
AJZQcAAAQm9WPKbWSMR2DGBKjJEe+9enKjI95c73XqqLbl1Z/hMBAGARBQcAIPSMpPmpBDurIFQK
2aL2PdRX1nMYGb3m9y/XZXeukWEuFwCgxlFwAABqgpG0rCGlmMNTHMJhx492Kz9eKNvxjTF65bsv
1qV3rC7bOQAAqCYUHACAmmEkrWxIy+NX1ah2QaCnv761bNNTjDk6cuPKu9aV5wQAAFQhCg4AQE1x
jNGqRkoOVLeB3UM6vLm/LMd2PUdv+sS1esntq8pyfAAAqhUFBwCg5njGaEVDipIDVevJr25W4Acl
P24k5umtf32TzrluccmPDQBAtaPgAADUpKjjUHKgKmVHstr6XztLftx4Kqp3f/GVWnlhV8mPDQBA
GFBwAABq1nMlh0vHgSryzH9uk5/zS3rMhpaE/uBbr9XcZa0lPS4AAGFCwQEAqGlRx9GKdFouIzlQ
BYKir42ffbKki4vOXdamj3zvLqVbE6U7KAAAIUTBAQCoeTHX0cqGtCKUHLDsmW9vV3GidFvDnnvD
Ur3nS3fIi7olOyYAAGFlcrlc6Ve4AgCgCuX9QFtHR5Utw+KOwJkERV+fvfY/5BdnPj3FcR3d8rbz
dfUb1sthDhYAAJIkz3YAAAAqJeIYrWhIa9toRpli0XYc1JmN//JEScqNaNzTmz91g1Zc2F2CVAAA
1A4KDgBAXXGf3UJ22+iYRgqUHKiMfCavx7741IyP09CS0Ie/83pFk9zCAQDwYqzBAQCoS0vTKbVF
I7ZjoE787JO/UjE//dEbxhhdeMsKffTHb6DcAADgFLhCAgDq1vxkQgnX1d7xCbEqB8plcNeQdnx/
97S/Pp6K6jUfuEzn3bishKkAAKg9FBwAgLrWEYsq7jraOZZRkZYDJRb4gX765w/JL0xv9Mb81R16
059cq/buxhInAwCg9lBwAADqXoPnaeWzi49m/ZkvAgk8Z/dPe9X36KEpf50x0i1vv1BXv+FsuR4z
igEAmAy2iQUA4FmBpF1jGQ3mC7ajoAYUs0V94ZavqpCd2vupuTOtd3/xNjV1pMqUDACA2sQIDgAA
nmUkLUoldSSX054M63JgBox0/0cfnFK54UVcXf8bG3TDPRtkHFPGcAAA1CYKDgAAXqQtGlXa87Sd
KSuYpoNPHtaOH/TITHJ2ycKzZumNH7tG7fNYawMAgOliigoAAKfgB4F6xyfUn8szmgOTVpgo6N9u
/4Zyo7kz/tl0c0K3vetiXXDLchkGbQAAMCOM4AAA4BQcYzQ/mVBzJKKdYxkxlgNnYiQ98PGfn7Hc
cF1HV969Ttf/7w1KpKOVCQcAQI2j4AAA4AwaI57WNjVo19i4hgosQIqTM5J2/Hi3dv6w57R/buVF
3br7j65SU0eyMsEAAKgTTFEBAGAKxgoFbR/NqGg7CKpO5nBG//G6/1Qxe+K7wxijzkXN+q2/vUkt
nWkL6QAAqH0UHAAATJEvqTczztocOMYvFPXNN39PR7YNHPe64ziav7pdr37fZZq/psNSOgAA6gNT
VAAAmCJH0vxkQu2xqHoy4xovsjpHPTOSfvE3m3Rk68DRDyQ5jtGqS+bppt86X/NXU2wAAFAJFBwA
AExT0nW1siGt/lxeveMTKgaM56hHOx/Yo6e+vFkyUjTm6cJXrNBVd69Tx/wm29EAAKgrTFEBAKAE
ikGggxM5HchmmbZSR4Z7R/Tlu76lls6UbvrN83X2VYuUaGBXFAAAbKDgAACghIpBoJ7MuAbz7LZS
6/xsUXu/sk1XvGaNGluTx6anAAAAOyg4AAAog3wQqGdsXCOFAiM6aoxnjDpiUXXGY3QaAABUEQoO
AADKaKLoa9/4hIYpOkIvaow64lF1xCg2AACoRhQcAABUQNb31TeR1QBby4ZO0nXUGY+pKRKh2AAA
oIpRcAAAUEF5P9DhbE4Hs1mxuWx1a4546ozHlHBdig0AAEKAggMAAAsCSf3ZnPaOT6hoOwyO8YxR
Zyyq9lhUjqHWAAAgTCg4AACwbCifV29mQvkgYPqKBY6kRs/T3GRcMcexHQcAAEwTBQcAAFVirFDU
/omsxgoFpq+UmSMp6blqj0bVHGVtDQAAagEFBwAAVSYfBDqSzelINqec70tMlSiJ50qN1mhETZGI
PL6vAADUFAoOAACqVCApUyjqYDar4TyjOqbDkZT2XLXFokp7HqUGAAA1jIIDAIAQKAaBxn1ffeMT
Gi0UWavjNCLGqCniqSMWU9QxLBYKAECdoOAAACCEJoq+9k9MMLJDz0896YzF1BDxWE8DAIA6RcEB
AEDIFYJA/bmchnIFTfhFFQPV7AgPR5LnGCVdV02RiJoinlxGaAAAAFFwAABQUwJJOd/XcL6gTLGo
sUJRed8P5SgPV5LnOEq4jhKuqwbPU8J1mHICAABOioIDAIAaVwwCTRT9o//zixotFJT3AxWDwHrx
YSQ5xsgzUtxxlfRcxRxHcddR1HEYnQEAACaNggMAgDoUSPKDQIUgUMEPlA98ZYu+xopF5f1AhcA/
OtUlCBRo6lNejJ4vL1xj5Bop4jhKOI7irquI48gzRt6zi4A6Jf8bAgCAekPBAQAATunFNwnPfRwE
x3/GGHPC4p6MvQAAAJXk2Q4AAACq1ylLC6aOAACAKsOIUAAAAAAAEHoUHAAAAAAAIPQoOAAAAAAA
QOhRcAAAAAAAgNCj4AAAAAAAAKFHwQEAAAAAAEKPggMAAAAAAIQeBQcAAAAAAAg9Cg4AAAAAABB6
FBwAAAAAACD0KDgAAAAAAEDoUXAAAAAAAIDQo+AAAAAAAAChR8EBAAAAAABCj4IDAAAAAACEHgUH
AAAAAAAIPQoOAAAAAAAQehQcAAAAAAAg9Cg4AAAAAABA6FFwAAAAAACA0KPgAAAAAAAAoUfBAQAA
AAAAQo+CAwAAAAAAhB4FBwAAAAAACD0KDgAAAAAAEHoUHAAAAAAAIPQoOAAAAAAAQOhRcAAAAAAA
gNCj4AAAAAAAAKFHwQEAAICSCAJp8NC47RgAgDrl2Q4AAACA8Dqwa0QPfGW7dj7er6d+1qd0c0x/
9cvbbccCANQhCg4AAABM2+6nBvS5D/7y2Mfp5pjFNACAesYUFQAAAAAAEHqM4AAAAFUr8AP94tu7
9fQvDirdHNWlty3WnCWNtmMBAIAqRMEBAACq1mc/+Et99c8fPfbxf/zJJn38vlu0eF2bxVThEARS
385h9Tw9oIM9o+rfn9H4SE6FQqBozFUs6al5VkKtc5KavbBBc5c2KdUUtR0bAIBpo+AAANSsv3zb
/8gvBsc+fu17N2jW/LS1PMWCr8998JcaGcgee+2tf36JogkuxyfTt3PkuHJDksZH8vr6Jx/Tu/7x
SkupqlsQSNs3HdYvvr1b939pm/ZtH57S16+9fI7Ou26e1l/drcVrW2UcU6akAACUHndUAICalBnJ
6bv/9Mxxrxkj3fvXl1tKJP306zv1tb947LjXXv+Bc9XexeX4ZA7tGT3p6zsf669wkuoXBNKmH/bq
6596XI/c1zvt4zz+wH49/sB+6QMPadm5Hbr5zav1klsXKZ6OlDAtAADlwSKjAICaNNKfPeG17312
s5568ICFNNLYcE6f+9AvT3h9dODEnDiqeVbipK+zBsfxDuwa0Sfe8AP9/i3/NaNy48W2PnxI//ee
+/WRO+8r2TEBACgnfmUEAKhJJys4JOkLf/grfeQ/b5TrVbbj/85nntKBXSMnvD50eKKiOcKke0Wz
XvrqJbr/P7Yf9/pN96y2lKj6PPSdHn3yLfef8n0UjbvacE23lp3boc4FDWpoiysWd+W4RrmJokYH
s+rfn9H2R49o4/d71d+XOeEYG67pLvdfAwCAkqDgAADUpJH+kz/wPXb/Pv38W7v1klsXVSzL4d4x
/fvHNp70c8MUHKdkjPT2T1+upee06/EH9ivdGtO1d6/Q2svn2I5WFb7510/oM7/74Ek/d9HNC3TN
r63Q+ivmTnp6ST5b1DO/OKgffHGLvv/5Lcdev/iWBSXJCwBAuVFwAABq0tChUxcH//p/Htb518+r
2OKeX/uLx5TNFE76uaHD4xXJEFbxlKfb3rFOt71jne0oVeXrn3xM//jeX5zw+uqLO/XGj1yg1ZfM
nvIxIzFXay+fo7WXz9HrP3Cuvv2Zp7TriX7NXdpUisgAAJQdBQcAoCadburH7icH9KMvbdP1b1xZ
9hw9zwzom3/9xCk/P3iQggNT88CXt5+03Hjt+zboVb+7XtG4O+NzdMxL640fuUC58ZMXcwAAVCMW
GQUA1KQXFwex5PGd/r9/dKPGhnNlz/GVPzt+m9MX5xg4QMGByet5ekCffOsDJ7z+O595qV7/gXNL
Um68EFsYAwDChIIDAFCTXrxY4t0fOk+JhufXIji0Z1Q/+MKWF39ZSW3beFg//OLWYx83tcf1uvdt
OO7PHN47VtYMqB25iaI+fe9PTpju9La/ukxX37XcUioAAKoHBQcAoCa9uDhYfm6H7vids4977St/
+qhGB8u3TevX/uKx4z6+411na+HatuNeO9nOKsDJ/PBft+rJn/Yd99rNb1mjG95U/qlWAACEAQUH
AKAmHdx9fHHQ0BrX9W9aqVRT9Nhr/X0Zff9fyjOKY+vDh/TAl5/f3rR5VkLXvmGFGttix/25vp3D
Khb8smRA7RgZyOpf/+jh417rWtaku//gPEuJAACoPkysBIAXCQLpYM+IZnkuvwAAIABJREFUDuwa
0cGeUQ0cyGikP6vMSF658YIKeV+Oa5RIRdQ0K6FZ89NauKZVC1a3nLC+Qrnt3TqkzQ8d1M4n+rVv
25BG+ieUz/pKNkXVuSCt7uXNWnH+LC07t6Pkc/NfKDOS055nBtW3c0SH9oxq6PCExoayyk0UFfiB
YklPqcao2rvT6lyQ1rwVLZq7tFHGMWXJUyz42r9j+LjXGtpiau5I6LZ71+kLH/nVsde//KebdPVd
y9TQGi9phq/+3xNHb6SbY2psO/48hbyvzHBu2ucv5Hzt2TygPc8M6sDuEfXtGtFA37iymbwyI3kp
kJKNEbV3p9W9vElLz+nQqos6FU+V571a6vdCPlvU2NDxa6U0z0pMK1u1fa+m4v4vbTth2tWvffh8
pRqjp/iK8Kq2n1M5//tWbX9XAAg7/usIAJL2/X/27jw8r7O+E/5P+2ZZm21Z3vc1TpzEsR0gcVZC
CCmk0IUytFCmtLSlUKZDp9POdJtO3+udKbSlC3S6XHQKlBkKAQIhC4ljZ7OTOPEWO97j3ZZ3a5cs
v3/4jeLneST70WbpSJ/PdeWPcz/n3Oc+5zxWdL66l11nY9uLx2Lr80djwxMH+zQvwpjKorjjZ+fE
nR+eE/NvmTAIrbzkQkdnvPzYgXjky1vj1R8fyuqYcZPL4oFPLop7PzY/Ksf37eUw3YHtZ2LTM4fj
lccPxIYnD0ZHe+96Idzxs3Pit/7xzgFpS7qm8+0ZZWMqL/WceM8nFsR3/nJT10vz2RMt8fhXd8QH
f3PgliF946Xj8ey393RtV04oiXs+emmOhDFVRRn7N51r73XAcbHzYvyv334xnvnmriuuGNOdinHF
8TO/fWPc+/PzU+Yl6avB/C5sX3c8fuc9j3Rtl1cXxzcOfrRX9Q+ne9UXbS0X4nt/nboSz6zra2LF
A9OHpD2DZTg9p8H++TacrhVgJBFwAKPelmePxH969yNX3/EqGs60xiNf3hqPfHlrrHzf9Pj5P7wl
pi2sGoAWvm3/ttPxld96ITY+nV2w8ZYThxrjq7//Unz7LzbHJ/77irjrI3MjN69vvScO7zobf/mr
a2PLs0f6dPxbpi8a2Htzuaa01VHGTS6L/IJLozIrJ5TEB35jSXztj9/u7v/tL26M+z4+vysE6a+H
v7Q5ZfuDv3l9V92l5YVRWJwXbS0Xuj5vONsWtb08R05uTmxcfajXL0cRl0Kdv/uPL8T3/3ZrfP6f
74q5N43vdR0RyfguRAyPe9UfW587God3p/ZIevBTi7u+0yPFcHhO1+o7PRyuFWAkGln/ZwTog4uD
MP3Bi4+8GZ9953fi0b/fFhcvDkydz357T/zmbQ/3Oty43PlTLfHnv/JM/MWn1kRzN70csnHycFO/
f/mPiJhz4+D9Up4+pGHCtDEp2/d9bEHKXz7PnmiJp76+MwbC7tdOxNpvvd17o7y6uKv3RkRETk5E
7YzylGOazvZtudpZ19d0W15WURh1s8bGtIVVUTdrbI/Dk47sORe/98APY9Mzh/t0/iR8F94y1Peq
P1760f6Mspvvm3rN23EtDPVzupbf6aG+VoCRSA8OgG7MuXFc3HDn5Ji2oDImTCuP8pqiKBlTEAVF
eZGblxMdbZ3RcLo1zp9qjR0vH491P9wfrz+furrBW0s6Ht17Ln7+D2+JvPy+Z8qPf/WN+MtPrcko
r5lUFnd+eE4se/fUmDhzbJRXF0V+YW40nGmLM8ebY+tzR2Ltv+2JzWtSf2H/8b/siLP1zfH5f74r
Ssv7P4Z/1vU1sfLB6THnxvExcWZ5jK0pjqKS/MjLz4nOzoj2tgvRfL49Th9rikM7zsbrLx6LmUuq
+33enqQHBlUTS1O2q+tK4/2/dl386//zalfZt7+4Ke756Lx+34/vpg0l+NDnrs8YfjJuclkc2H6m
a7vxXN8Cjqnzq6J2Rnm86ydnxfW318XkuZVRPbEkCktS//d+oaMzjr/ZEJufPRLf+YtNqec+2xZ/
9onV8cW1H4jqutL0U/TacPsuvGU43qtsXOjoTJmsNiJi2X1To3ritTn/tTYcn9NgfaeH47UCJF1O
W1vbAP1tESCZNq850u8x/hGXVs34xp++Gut/+GbGZz//B7fET39+aZ/at3H14fjd9/4go/yDv3l9
/NR/XHrVYRUXL0a8+P198ff/6cWMJUnv/YX58Rt/c3vk9GK0Snf36+sHPtqrOgbbi4+8Gf/tpx/v
2n7gk4viU3/+zpR9ThxqjE8u+WbKUJFf+9K74v5PLOzzed98/XT82rJvdW2PqSyKr2z66agYlxpw
/Nknno6nv7Gra/uzX1mV0ssjW+dOtkRZRWGvwrPGs23xv//gpXjkK6+nlN/1c3Pjc39/R6/Ofy2+
CwP173Oo71VfHdpxNn556f9JKfvF/74ifvKzAzdnTH+t/+H++KMPPda1PWNxdfzVSx/sU11D/Zyu
5c+3ob5WgJHIEBWAATL35vHxX/7vu+OzX16V8dk//8FLseHJg72u80x9c/zVr6/NKP+9b94bH/+T
FVnNGZGTE3HrT8yIP1v9/liwPHXy0ye++kY8881dPRyZveEUbkRENJ5pTdnubmLPcZPL4sFfvS6l
7Dt/vinamjv6fN4fpL10fODTSzLCjYiI8qrUsoa09mZrbE1xr3sGlVUUxi/9j1szApWnvr4zY+WZ
vhhu34W3DMd7lY19r5/KKJu5pPuhDSPBcHxOg/WdHo7XCpB0Ag6AAZSTE3HPz8+LP/7+ezPGTf/5
J5+JU0eaejiye//4n9dl/NL62//77lj54Ixet61yQkn853+9N2Pc95c/93wce/N8D0cl0/nTqYFB
WUX3w07u/8TClIkaD+8+Fy98b1+fznls3/n44f96O+AoKs2Pd398frf7jqlKbU/D6b4FHH2Vl58b
H/tvyzMCsucf3ntN25EEQ32vjnbz0jpxZnk3e45uQ/2crqXRdK0AvSXgABgEN949OX75z96RUnbq
aFM8+g/bsq5j7+aT8dTXUie+fN8vL4rbPjirz+2qnlgav/qX70opazjTGj/6h+19rnM4Sg8Myiq7
DzgmziyP96QNSfn2n2+KCx29n3n28a++kbL9/l+/rsd5EtJfTM6dvLYBR0RE5fiSeOCXF6WUbVrT
/8kVR6KhvFf1Bxoyykbq/Bv9NZq+06PpWgF6Q8ABMEje/bEFccfPzkkpe/hLm+PM8easjn/sH1ND
h5pJZfHh37253+1asHxCfPA3U8fvP/KVrXGmPrt2JUF6YDCmouehPO/9pdSAY/fGk/HKE70bTnTm
eHN872/enlw0vyA37vv4gh73T+9Rcu5k75eKHAjXvasuZXvLs0eivfVCD3uPbkN1r04cakzZrp5Y
GkWl5ojvyWj6To+mawXIloADYJDk5EQ89JnUIKH5fHv8+GtXX4705OHG+FFawPHAJxd1O59DX7zn
F1Nf6pvPt2es1JBk6YFB6diCHvaMmLawKiOI+u6XNvdqed8ff21nyrK77/nEwqid3vMwgpK0lVqy
Db0G2qQ5Y1O2W5s64tTR3g2jGi2G6l41N6Qu52yljCsbTd/p0XStANkScAAMotk31MTy905PKVv9
r7uu+vK88enD0dGeOkzinR+YOWDtqps9Nm79iRkpZWv+754Bq3+onT2RGhgUlfYccEREPPipxSnb
G1cfjq3PZtfdu+l8W3z3S5tTyt77ySuvxFIyJrU9p4409rDn4KoYV5JRlv5CzSVDda+azqWeI30J
UVKNpu/0aLpWgGwJOAAG2aqfSp0zY+/mk3Fk99krHvPa04dSthesqI3J8yoGtF3pgcn2dccyusMn
VXqPiJIxV34pnH/LhFh+/7SUssuHnFzJ2m/tSfmr6Z0fnhPTFlRd8ZjistT2nDjU2KseIwOlu6EO
LY19X0VmJBuqe3Ux7YuRlz9Ml6kZJkbTd3o0XStAtgQcAINs5vWZSzq++frpHve/eDFi0zOHU8oW
3Vo74O2atijzJfzA9p7blSTpQU3xVXpwRFyaFPRyz393X+zeePKKx7S1XIjv/EVq7433/criHvZ+
W3oPjraWC9HadO1fTHJyMic87ezDBKujwVDdq+Ky1O+KF9grG03f6dF0rQDZ0s8RYJBNmlMR5dXF
cf7U2/NCHNxxpsf9z9Y3Z7ygpy/tOhCmzK2IwuK8aGt5e1K6QzvPxo13Txnwc11Lbc0dKfNhREQU
lV39f3fXr5oUi985MbY+d7Sr7Id/93p8+q9v6/GYdT94M+VZLr9/Wsy/ZcJVz9X9X17bM3p29MXF
ixGnjzbF8QMN0Xy+PVqbO6K95UIUFOdFyZiCqKkrjZpJZVFSfunFOSd39PYISMK9Sv9ONJ1ru+Zt
GGpJeE4DZTRdK8BgEHAADLL8gtyYPLcitq97O+A4cbDnoSCnj2VOElczqWzA21VYkh+1M8rjwPa3
X9BPHkn+BHXN3fyFuyiLeQtycnPioc9cnxJwPPZP2+NDn7sh6maPzdi/88LFjLk3fuLXrsvYrzvd
tae5oT0qJ2SOqc/GiYONsemZw/HSY/tj0+rDcfbE1VdlmXvT+Fh69+ToaB9dqy4k7V6lfyeO7Tsf
Fzo6Iy9/ZHfCTdpz6o/RdK0Ag03AAXANpK9+cqVfYBvPZv6FdiD+st+dsTWp7Rqq5UoHUks3k+wV
Fudldeyy+6bGrOtrYs+mt4emPP7Pb8Qv/OEtGftuXH04tq8/3rW96B0T44Y7JmV1nu56cPRlcsD6
Aw3x3b/aEg+nBS3Z2LmhPnZuqO/1cUmV1Hs1bsqYlO2O9s44f6q1z2HYcJfU59QXo+laAa4VAQfA
NVBenTpOuqWx55fZ9tbMv8ilz9kwUNIDjtYRML4/PSgoLM6LgqLsAo78gtz4yc9eH//zF5/uKnvk
y1vjA59ekhFSPfLlrSnbP/mZJVl3F+8ucOkumLmS9T/cH//j409lDMchU5Lv1fipmb236g80jMiA
I8nPqbdG07UCXEsCDoBrIL07+ZVXzMh8SR6sFTYudqZVPAKGc6eHRxXje/ci+I73z4i6WWPjyJ5z
ERHRfL49Vv/rrpRJSHe/diLW/eDNru0Zi6tj2X3TMurqSUFRXsb8J73pwfHjf9kRX/zkM91+dtM9
U+K6d9VF3ayxUVpRGGVjC6K4rCAuXLgYrY3tce5kSxzaeTa2Pnc0Njx5MGM54pEm6fdq6rzKjLJD
O8/G3JvHX/O2DKakP6feGE3XCnCtCTgAroGGM60p20UlPfcoKCjKHFt/pR4f/XHuVFq7uhk6kTTN
Dam9UMqrinrYs3uFJfnx0GeWxN985rmusoe/tDne84sLuu7Pj/5he8oxP/nZ6yO/sHdzIlSML4n6
Aw2XtTu7Z7xvy6n46994NqP83R+bHw/9xvUxdUHmC3F3Pvi5G+LsiZb45JJvdjssaiQYCfequzZu
X3cs7vjZOde0HYNpJDynbI2mawUYCiN7hiqAYSJ95YOKcT33Kkhf9i+ib/MzZONc2lwg6cMwkij9
XpVVFva6jlU/PSflXtQfaIgXH7nUY+P4/oZ49B+2dX1WO7083vGBmb0+R3rwkk1X9YsXI778uedT
en5ERHz2K6vi0399e9YvR2+pGFccuXkj81eBkXKvyquL4/pVqXO7vPSjA3FhhCwHOlKeUzZG07UC
DBU/FQEG2cWLEXs3n0opq55U2uP+3Y2tv9KqK33V0tgRR/eeSykbjNVarrXm86lhUml57wOOsorC
+MBvLEkp+/7fbImLnRfjx1/bkVL+0GeW9GkS2DHpAUcWIdaOl4/HlmePpJR99PeXxT0fnRc5I2B4
0UAaSfdq5YPTU7aPvXk+drw8MiaYHEnP6WpG07UCDBUBB8AgO320Kc4cb04pmzS7osf9K8aXRO30
8pSyy1f1GCiHdp7JGL99pXYlRXpQUFLetwla7/7IvJTJQLevPx7Pf29fPPK3b08uOqayKFb99Ow+
1V+a1q7Gc1fvZr7thWMp22UVhXH/v1/Yp/OPdCPpXt18z9SMsrXf2jMELRl4I+k5Xc1oulaAoSLg
ABhkB3ecySibMr/nrsg5ORFLbq9LKdv63NEBb9ebW09nlE1fVDXg57nW0od69HUFmuq60njgk4tS
yv78l59JWeL3wV9dHOXVfRvWkx68ZDNE5cAbqd+lm+6dkrESDpeMpHs1eV5FrHxfai+OH/3jtkHp
2XWtjaTndDWj6VoBhoqAA2CQbXjyYMp2xbjimL7wykHC0jsnp2zv3FAf+7ae6mHvvlnzrd0p24vf
OTGq63oeOpMUTek9OPqxxO69H5ufsp0eQtzz0Xl9rjt96ExTFgFHek+g9J4+vG2k3av7fyk1bGtr
uRDf/otNQ9SagTPSntOVjKZrBRgqAg6AQdTeeiGe+T+pQcKqn5lz1RU3brhzcsrwiIiI576zd8Da
dWD7mXj5sQMpZbf/VN+GWgw3TWkrCvRnZZhpC6p6vC/3/eKCfr2gpLer8WxrD3u+Lf17k778MG8b
affqprsnxw1pwef3/npLvJ427CFpRtpzupLRdK0AQ8VPVoBBtPZbe1KWAo2IuDOL5R2raksyhkf8
8O9ej5OHB6ZL+iNf3pqyPaayKG7/0KwBqXuopc9lUdzPpW/v/0T3Y+Tf/Qvzuy3PVmFJesBx9Tk4
qtImoD1T39zDnoy0e5WTmxP/7r/cnFH+l59ak9Ez4JrrxwSZI+05XcloulaAoSLgABgkjWfb4mv/
7ZWUsiW318Wcm8ZndXz68IizJ1rin//g5X63a+PTh+IHf/d6Sll/5pIYbtJ7cKQHCb21+J0TY27a
M1tye13MWzahX/UWlaT20Dl/6uo9OKompg4heu3Hh0bMcqEDbSTeq4Ura+ODn7shpezgjjPxPz72
VFYB2WApLEr9LmczYe5bRuJz6sloulaAoSLgAEhzsfNiXLzYvzraWy/EX316bRx783xK+Yf+w9Ks
lwOctqAqoxfHj/9lRzz6D9v63K6je8/H33z2uZSyygklcd/HF/S5zuGmISPgyOthz+zk5uXEb/zt
bfF737y3679PffGd/V7WMX2IyrmTLT3s+bYFK2pTto+9eT5ee/pw/xoyQo3Ue/Uzv700Ft2aem0b
Vx+OP/zgY0M26Wj6hLn1BxqipbEjq2NH6nPqzmi6VoChIuAASNNwpjW++Eur+zwcpPl8e3zlt17I
WMbxfb+yOG6+d0qv6vroHyyL6YtTJyT9608/G4/90/ZehzBH9pyLP/rQY3Fo59mU8l//q9ti3OSy
3lU2jJ0/lRoUFBX3rwdHRMTMJTWx8sEZXf9Nu8oksdkoSutZks0wg4UrJmT0tPn7335hwIYujSQj
9V6VlhfGf/jHOzPmf3n9+aPxH+74bjz38N5+B7SX27v5ZDScuXLvou5+fuzaUJ9V/SP1OXVnNF0r
wFARcAB046mv74xfvflb8a9/+moc3Xv+6gf8/7Y8eyQ+f8/340dpvSymzKuMf/dfM8fPX82YyqL4
zN+uivyC1B/XX/q1tfGFf/90HN/f0MORb+to64xH/2Fb/Oa7Ho7921KXhn3/r1+Xsfxk0p07kRpw
9HeIymApSOvW39rUEe2tF654TGFJfnzk925KKTuw/Uz8lwcfjY2rDw/oi23SjeR7VTu9PP7gO++J
2hmpIcfJw43xpz/3ZPz++x+NV398KDra+jb84Ux9c6z5v7vjjz70eHx6xbfj1R8fuuL+NZPKMoLY
b/zphqyWPh7JzyndaLpWgKEyPH/rAxgGGs+2xb/88cvxL3/8ciy6tTZWPDA95tw0PsZPKYviMQWR
k5MTLY3tcepIU+zdfDKe/+6+2PRMZnfjcZPL4ve+eW+MqSzqUzvmLRsfv/P1e+JPf+7J6Gh/+4Xl
6W/sirXf2hPvfGhmrHhgetTNHhtjq4ujoCgvzp9ujdNHm2Lz2iOx+pu74ti+zJDmzg/PiV/4o+V9
atNw1XnhYpxNCzjS57oYLrpb3aWt5UJG8JHuvo8viDXf2hOvP3+0q2z/ttPxu+/9QSx+58R4x/tn
xrSFVZe+p2UFUVCcFxc7L0bnhYvR2tQRLU3tce7kpe/H4T3norXp6i+hSTWS79XUBZXxJz94IL7w
S6tTri/i0tLUG548GHWzxsY7PjAzFiyfEBNnlkdVbWkUl+ZHXkFuXOi4GB3tF6LpXHucP9US9Qca
4sD2M7H52SOx4YnUpa3X/eDNuO2DV56E+P5PLIwvf+75ru2Nqw/H5+/5frzvVxbF/OUTYtKssT2G
jSP5OaUbTdcKMBQEHABZeP2FY31ajnHOjePi81+9KybNqejX+Vc8MD3++Pvvjf/5i0+ndGfuaO+M
Z/7P7oylaK/mp35rafzc79501ZfppGlrzhz3XzgAQ1QGQ/oywBGXenGUVRRe8biCorz4na/dE3/y
M4/H9vXHUz7b+tzR2Prc0R6OHH1G+r2aOLM8/ujh98Q3/nRD/NsXN2V8fmTPufi3L2zs93mef3hv
NHzhHVcMae/88Nx47J/eiL2bT3aV7d18Mr70a2sjIuLGuyfHH3//vd0eO9Kf0+VG07UCDAVDVADS
lFcXxx9+9/6YfUNNv+r5qf+4NP77jx7od7jxliW318UX1rw/7vq5uX2uY8q8yvjDh98Tv/BHt4y4
cCMiorUlc4hHQTdBwnCQvvJExKWAIxtVtSXxX//tvnjfrywe6GaNOCP9XhWPKYiP/8mK+MKaD8Ty
+6cNyjnu/PDclN5j3SmrKIzPf/WumLqgstvPpy+qvuLxI/05XW40XSvAtTY8/6wFMMRuvndK3LBq
UrzyxIF44qtvxIuPvJnVcWMqi+LdH5sf931sQUyeNzDBxuVqJpXF5/7+jnjvJxfFY/+0PZ7++s6r
vnhERMy/ZULc/4mFcduHZnU7NGKk6C4gGK5BTnfd9Vu76YHSk7E1xfErX3hH3P2RufH0N3bFU1/f
edXJILtTOaEkFq6ojZnXV8es62tixpIrv4gm0Wi4V/OWjY//+m/3xfb1x2Ptt3bHU1/flTHhbraK
SvNjxQPTY9m7p8bSuyZHdV3p1Q+KS8Nm/t8f/0T88O9ejx985fU4dbSp67Mp87sPPi43Gp7TW0bT
tQJcSzltbW2mNAJGtc1rjsTvvOeRru3y6uL4xsGPpuzTcKY1dr5SH3s2nYrzp1ri3MmWaDrXHoXF
eVExviQmziyPmddd+gWzeExB+ikGzflTLbFzw4l4c+upOLr3fDScaY0LHRejpLwgaiaVxZS5FTF7
6biYMr+y38uaMry1NLTHgTfOxKGdZ6P+QEM0nmuL5vPtkZuXE0Wl+VFYkh9FxXkxprooKseXRPXE
0qiZXBZVtaWj7rsxGu5VS2NH7N18Mna9eiIObD8Th3aeiZOHm+L8qZbo7IwoLS+IkjEFUTO5LMZN
LosJU8dE3eyxMXleZUydX9ntEKreaG+90HWPz51siSW318W0Bb1bfWg0PKe3jKZrBRhMAg5g1Msm
4AAAAIY3c3AAAAAAiSfgAAAAABJPwAEAAAAknoADAAAASDwBBwAAAJB4Ag4AAAAg8QQcAAAAQOIJ
OAAAAIDEE3AAAAAAiSfgAAAAABIvp62t7eJQNwJgKLU0tMfJw01d2zm5EZPmVAxhiwAAgN4ScAAA
AACJZ4gKAAAAkHgCDgAAACDxBBwAAABA4gk4AAAAgMQTcAAAAACJJ+AAAAAAEk/AAQAAACSegAMA
AABIPAEHAAAAkHgCDgAAACDxBBwAAABA4gk4AAAAgMQTcAAAAACJJ+AAAAAAEk/AAQAAACSegAMA
AABIPAEHAAAAkHgCDgAAACDxBBwAAABA4gk4AAAAgMQTcAAAAACJJ+AAAAAAEk/AAQAAACSegAMA
AABIPAEHAAAAkHgCDgAAACDxBBwAAABA4gk4AAAAgMQTcAAAAACJlz/UDWDoFRQUDHUTAACABGpv
bx/qJkAXPTgAAACAxBNwAAAAAIkn4AAAAAAST8ABAAAAJJ6AAwAAAEg8AQcAAACQeAIOAAAAIPEE
HAAAAEDiCTgAAACAxBNwAAAAAIkn4AAAAAAST8ABAAAAJJ6AAwAAAEg8AQcAAACQeAIOAAAAIPEE
HAAAAEDiCTgAAACAxBNwAAAAAIkn4AAAAAAST8ABAAAAJJ6AAwAAAEg8AQcAAACQeAIOAAAAIPEE
HAAAAEDiCTgAAACAxBNwAAAAAIkn4AAAAAAST8ABAAAAJJ6AAwAAAEg8AQcAAACQeAIOAAAAIPEE
HAAAAEDiCTgAAACAxBNwAAAAAIkn4AAAAAAST8ABAAAAJJ6AAwAAAEg8AQcAAACQeAIOAAAAIPEE
HAAAAEDiCTgAAACAxBNwAAAAAImXP9QNYPjZtWtXtLW1dW3n5OTE/PnzIze3f3lYa2tr7N69O6Ws
trY2ampq+lUvAAAACDjIsH379qivr08py8nJiQULFvSr3tbW1li3bl1K2W233SbgAAAAoN8MUSEr
L7/8cpw7d26omwEAAADdEnCQlfb29li/fn1cvHhxqJsCAAAAGQQcZO3AgQOxa9euoW4GAAAAZBBw
0Cvr16+PhoaGoW4GAAAApBBw0CttbW3x0ksvDXUzAAAAIIWAg17bt29f7NmzZ6ibAQAAAF0EHFxV
WVlZ5OXlpZStX78+mpqahqhFAAAAkCp/qBvA8Dd27NhYvHhxrF+/vqusubk5Xn755bj99tuHpE2t
ra1x7NixOH78eDQ2NkZjY2Pk5OREaWlplJWVxYQJE6K2tjaKiop6VW9jY2PU19d3befm5sa0adO6
ttva2uL48eNx9OjRaGhoiMbGxoi4FALV1NTEpEmToqampsf629vb48iRI3Hs2LE4c+ZMtLS0RH5+
fhQXF0d1dXVXu3Nz+5c9Xrhwoaudp06diubm5sjPz4/S0tIYM2ZMTJw4McaPHx8FBQX9Og8AAMBw
IeAgKwsWLIg333wzjh071lW2e/fumD59ekyfPv2ataO1tTW2bt2zZk1gAAAgAElEQVQamzdvjs7O
zivum5ubG0uWLInFixdnHXScOXMmnn766a7twsLC+MhHPhIXLlyInTt3xquvvhotLS3dHrt3796I
iJg6dWosX748xo4dm/L57t2745VXXukKRdLt27cvIiLGjRsXt9xyS0ycODGrNl/u4sWLsW/fvnj1
1Vfj7NmzPe63cePGKC4ujmXLlsXs2bP7HagAAAAMNW81ZCUvLy9WrFiR8SK8bt26Hl/4B9qxY8fi
u9/9bmzcuPGq4UZERGdnZ2zcuDEefvjhlGCmN9ra2qKlpSWeeuqpeOGFF7K61gMHDsSjjz4aZ86c
6apjzZo1sWbNmh7DjcudOHEiHn300V7Pc9LS0hKrV6+O1atXXzHcuHz/Z599Np5++uno6Ojo1bkA
AACGGwEHWaupqYmlS5emlDU2Nsarr7466Oc+cuRIPPHEE90GBMXFxVFbWxsTJkzotqdGU1NTPPHE
E3Ho0KE+nfvJJ5+MgwcPppQVFBRERUVF5Od33wmqqakp1qxZE21tbfH888/H7t27uz2+uLi4x/M+
++yzcfLkyaza2NzcHE8++WRXL5DLlZaWRl1dXYwfP77b+7N///547rnnsgqNAAAAhitDVOiVxYsX
x/79++PEiRNdZdu3b4+pU6fGlClTBuWc586di6eeeira29tTyhcsWBDz5s3LmPPi5MmTsWPHjti+
fXtXWXt7ezz99NPx4IMPRkVFRa/O/9acHLW1tbFw4cKoq6uLoqKiyMnJic7Ozjh79mzs2rUrtmzZ
ktGOH/zgB109OXJzc+OGG26ImTNnprShqakpjhw5Eq+99lqcO3euq/zChQuxZcuWWLVq1RXbd+HC
hVi7dm3K3CERETNnzowlS5ZEdXV15OTkRMSlXi319fXx6quvxpEjR7r23bNnT0yaNCnmzp3bq3sD
AAAwXOjBQa/k5+fHypUrM8rXrVsXbW1tA36+zs7OePHFFzPqXrVqVdx6663dTuhZU1MTt956a8YE
qO3t7fH888/HhQsXet2OBQsWxH333RczZ86M4uLirsAgNzc3qqqq4pZbbom7774747i3wo38/Py4
7777YunSpRkBS2lpacyePTseeOCBjOvZs2fPVYe1bNu2LaN3yrJly+KOO+6Impqarra+1d7a2tq4
9957Y+rUqSnHbNiwIVpbW69yJwAAAIYnAQe9Nn78+Lj++utTys6dOxevvfbagJ9r//793b68z5o1
66rHzp49O5YtW5ZSdvTo0di/f3+v2jBx4sRYsWJFxlK56aZNmxYLFizo9rOVK1deddLQ4uLiuOmm
mzLKT58+3eMxDQ0NsWHDhpSyBQsWxJIlS654rry8vFi5cmXKNTU1NfX63gAAAAwXAg765Prrr4+q
qqqUsq1bt8bRo0cH9Dzbtm1L2a6qqopFixZlffyiRYu6befFixezruOmm27KepWR7laUqaysjNmz
Z2d1fHdLxF5pwtBdu3al9EgpLCzMmCelJ2PGjMkIZHbu3JnVsQAAAMONgIM+KSgoiBUrVmSUv/ji
ixlzZfTVqVOnMgKT66677qo9KS6Xl5cX1113XUpZfX191pN3RkSUlJRkvW/60rARl+bCyDYgKSgo
yKijp2EjnZ2dsWPHjpSy+fPn96q9M2bMSNk+duxYNDU1ZX08AADAcCHgoM/q6uoyelOcPn06Nm3a
NCD1Xz6RacSl+SMmT57c63qmTJmSETCkT8g5ULpbVaW3k5qmr6zSU2B0+vTpjPk5ejvRa3V1da96
jAAAAAxXAg76ZenSpVFeXp5StmnTpgEJENLrmDBhQq96J7zlrWVkL3fs2LF+ta0n3fXUuHySz2yk
79/T8q3dBRGVlZW9Old+fn7GEB4BBwAAkESWiaVfioqKYuXKlfHEE0+klL/44otx//33d9ujIVuX
L5kaETFu3Lg+1zVu3LiUZVHPnz/f57qGi/T7k5ubmzFnSTbSV6gZjNVwAAAABpuAg36bMmVKzJs3
L2U+iBMnTsTWrVvjhhtu6HO9zc3NKdvpQzd6I/3Y9HAgidKDiM7OzgFZyUbAAQAAJJEhKgyIm266
KcrKylLKNmzY0KvJPNM1NDSkbBcUFPS5rvRj29raUlYfSaKBmsw1XdLvCwAAMDoJOBgQJSUlsXz5
8ozydevW9fmFOX14S2+Wdk3X3bHZrmwCAADA8GeICgNmxowZMWvWrNizZ09X2bFjx2Lbtm0ZS7Vm
o6ysLGWJ1P4MnUg/try8vNeTfw436b1Samtr49577+13vYIfAAAgiQQcDKhly5bF4cOHo6Wlpats
w4YN3S7VejWlpaVx6tSpru30ISu9kX5saWlpn+saLoqKilK2Gxoa+jWMBwAAIMn8qZYBVVZWljFU
5cKFC7Fu3boelzvtSXV1dcp2f5Z2TT+2PyuyDBfpIU1jY2M0NjYOUWsAAACGloCDATdr1qyYNm1a
Stnhw4d7vYTp+PHjU7bPnj0bp0+f7nV7Tp8+HWfOnLli3UnUXUhz/PjxIWgJAADA0BNwMOBycnJi
+fLlUVhYmFK+ffv2XtUzfvz4yMvLSynbt29fr9vT3TETJkzodT3DTUVFRUYvjt6GSAAAACOFgINB
UV5eHsuWLetXHSUlJTF//vyUsi1btvRqLo6GhobYsmVLStm8efMylrRNotzc3Fi0aFFK2bFjx2L3
7t29rmv79u3R1NQ0UE0DAAC45gQcDJq5c+fG5MmT+1XH/PnzUyYn7ejoiBdeeCGrpWc7Ojri+eef
j46OjpTyBQsW9KtNw8mcOXMyJhZdt25dnDx5Mus6Nm/eHC+88EI8+uijUV9fP9BNBAAAuCYEHAya
3NzcWL58ecYwk96orKyMm266KaXs4MGDsWbNmiv2OGhqaoq1a9fGoUOHUspvvPHGqKmp6XN7hpuS
kpJYsWJFSllra2s88cQTceDAgSse29zcHGvXro2XX345IiLOnTsXjz32WDQ3Nw9aewEAAAaLZWIZ
VJWVlXHzzTfH+vXr+1zHokWL4ujRo3Hw4MGusn379sXRo0djzpw5UVdXF8XFxZGTkxPNzc1x9OjR
2LlzZ8pStRERdXV1sWTJkj63Y7iaO3du1NfXxxtvvNFV1tzcHE8++WRMnjw5ZsyYEZWVlVFYWBjt
7e3R3Nwchw8fjp07d2b0brn11lujpKTkWl8CAABAvwk4GHQLFiyIN998s8/LvObl5cWqVati7dq1
sX///q7ylpaW2LJlS8YcG92ZPHly3HHHHf3qTTKcrVixInJzczMmGT106FBGL5aevOtd74rZs2cP
RvMAAAAGnSEqDLq8vLxYuXJlylwavVVYWBirVq2KpUuX9rqeJUuWxJ133pmxqstIkpeXFytWrIhb
b701iouLe3VsRUVFvPe97425c+cOUusAAAAGnx4cXBPV1dVx4403xiuvvNLnOvLz8+PGG2+MmTNn
xs6dO2Pv3r3R2NjY7b6lpaUxc+bMmDt3blRVVfX5nEmSk5MTCxYsiBkzZnTdnytNNlpTUxNz587t
dqJSAACApMlpa2u7ONSNYGgl9eW2s7Mzzp49G83NzdHa2hoREUVFRVFcXByVlZX96jEyUpw/fz4a
GxujtbU12tvbIz8/P4qKiqK8vDzGjBkz1M0DACDh2tvbh7oJ0EXAQWIDDgAAYGgJOBhO/IkbAAAA
SDwBBwAAAJB4Ag4AAAAg8QQcAAAAQOIJOAAAAIDEE3AAAAAAiSfgAAAAABJPwAEAAAAknoADAAAA
SDwBBwAAAJB4Ag4AAAAg8QQcAAAAQOIJOAAAAIDEE3AAAAAAiSfgAAAAABJPwAEAAAAknoADAAAA
SDwBBwAAAJB4Ag4AAAAg8QQcAAAAQOIJOAAAAIDEE3AAAAAAiSfgAAAAABJPwAEAAAAknoADAAAA
SDwBBwAAAJB4Ag4AAAAg8QQcAAAAQOIJOAAAAIDEE3AAAAAAiSfgAAAAABJPwAEAAAAknoADAAAA
SDwBBwAAAJB4Ag4AAAAg8QQcAAAAQOIJOAAAAIDEE3AAAAAAiSfgAAAAABJPwAEAAAAknoADAAAA
SDwBBwAAAJB4Ag4AAAAg8fKHugEMvfb29qFuAgAAAPSLHhwAAABA4gk4AAAAgMQTcAAAAACJJ+AA
AAAAEk/AAQAAACSegAMAAABIPAEHAAAAkHgCDgAAACDxBBwAAABA4gk4AAAAgMQTcAAAAACJJ+AA
AAAAEk/AAQAAACSegAMAAABIPAEHAAAAkHgCDgAAACDxBBwAAABA4gk4AAAAgMQTcAAAAACJJ+AA
AAAAEk/AAQAAACSegAMAAABIPAEHAAAAkHgCDgAAACDxBBwAAABA4gk4AAAAgMQTcAAAAACJJ+AA
AAAAEk/AAQAAACSegAMAAABIPAEHAAAAkHgCDgAAACDxBBwAAABA4gk4AAAAgMQTcAAAAACJJ+AA
AAAAEk/AAQAAACSegAMAAABIPAEHAAAAkHgCDgAAACDxBBwAAABA4gk4AAAAgMQTcAAAAACJJ+AA
AAAAEk/AAQAAACSegAMAAABIPAEHAAAAkHgCDgAAACDxBBwAAABA4gk4AAAAgMQTcAAAAACJJ+AA
AAAAEk/AAQAAACSegAMAAABIPAEHAAAAkHgCDgAAACDxBBwAAABA4gk4AAAAgMQTcAAAAACJJ+AA
AAAAEk/AAQAAACSegAMAAABIPAEHAAAAkHgCDgAAACDxBBwAAABA4gk4AAAAgMQTcAAAAACJJ+AA
AAAAEk/AAQAAACSegAMAAABIPAEHAAAAkHgCDgAAACDxBBwAAABA4gk4AAAAgMQTcAAAAACJJ+AA
AAAAEk/AAQAAACSegAMAAABIPAEHAAAAkHgCDgAAACDxBBwAAABA4gk4AAAAgMQTcAAAAACJJ+AA
AAAAEk/AAQAAACSegAMAAABIPAEHAAAAkHgCDgAAACDxBBwAAABA4gk4AAAAgMQTcAAAAACJJ+AA
AAAAEk/AAQAAACSegAMAAABIPAEHAAAAkHgCDgAAACDxBBwAAABA4gk4AAAAgMQTcAAAAACJJ+AA
AAAAEk/AAQAAACSegAMAAABIPAEHAAAAkHgCDgAAACDxBBwAAABA4gk4AAAAgMQTcAAAAACJJ+AA
AAAAEk/AAQAAACSegAMAAABIPAEHAAAAkHgCDgAAACDxBBwAAABA4gk4AAAAgMTLH+oGMHwUFBQM
dRMAAIARor29faibwCijBwcAAACQeAIOAAAAIPEEHAAAAEDiCTgAAACAxBNwAAAAAIkn4AAAAAAS
T8ABAAAAJJ6AAwAAAEg8AQcAAACQeAIOAAAAIPEEHAAAAEDiCTgAAACAxBNwAAAAAIkn4AAAAAAS
T8ABAAAAJJ6AAwAAAEg8AQcAAACQeAIOAAAAIPEEHAAAAEDiCTgAAACAxBNwAAAAAIkn4AAAAAAS
T8ABAAAAJJ6AAwAAAEg8AQcAAACQeAIOAAAAIPEEHAAAAEDiCTgAAACAxBNwAAAAAIkn4AAAAAAS
T8ABAAAAJJ6AAwAAAEg8AQcAAACQeAIOAAAAIPEEHAAAAEDiCTgAAACAxBNwAAAAAIkn4AAAAAAS
T8ABAAAAJJ6AAwAAAEg8AQcAAACQeAIOAAAAIPEEHAAAAEDiCTgAAACAxMsf6gYAA+/IkSNx/vz5
ru3CwsKYMWPG0DUIAABgkAk4YATav39/vP76613bdXV1Ag4AAGBEE3DQo127dkVbW9uA11tbWxs1
NTUDXu9I1tjYGOvXr49Dhw5FVVVVLFu2LGpra4e6WQAAAMOGgIMebd++Perr6we83ttuu03A0Usv
vfRS7Nu3LyIijh8/HqtXr46HHnooCgsLh7ZhAAAAw4RJRiEBDh48mLLd1NSUMscGAADAaCfggASY
MGFCynZBQUGUlZUNUWsAAACGH0NUyFpNTU2sWLGi3/WUl5cPQGtGl+XLl8dzzz0Xx48fj7Kysli5
cmUUFxcPdbMAAACGDQEHWSssLDSx5RCprKyMBx54INrb26OgoGComwMAADDsGKICCSLcAAAA6J6A
AwAAAEg8AQcAAACQeObgYFi4cOFCHDhwIKVs0qRJUVhY2PX5yZMn48iRI3H27NloamqK9vb2KCkp
iaqqqqirq4uJEydGbm73mV1nZ2ccP348jh49GqdOnYrm5ua4ePFilJSUREVFRYwfPz4mTZrU7yEg
586di+PHj8eJEyeisbExWlpaIiKiuLg4KioqoqamJurq6no9QWh9fX00NjZ2bRcWFsakSZP61VYA
AICRRMDBsNDe3h5PP/10StlDDz0UhYWFcfDgwXjllVfi1KlT3R574MCB2LRpU1RVVcWKFSuirq4u
5fP6+vp48cUX48SJE1dsQ2lpadx4440xb968Xrf/9OnTsXHjxti7d+9V983Pz4+FCxfGkiVLoqio
KKv69+zZE6+//nrXdl1dnYADAADgMgIOhq329vZ45ZVXYtOmTVntf/r06fjRj34Ud9xxR8ycOTMi
IrZs2RIvvfRSVsc3NTXFc889F6dOnYqVK1dm3c433ngj1q1bFxcuXMhq/46Ojti8eXPs27cv7rrr
rqiurs76XAAAAHTPHBwMW+vWrcsIN3Jzc2Ps2LFdQ1e68+yzz8bZs2e7DTfeOr6srKzH47dt2xY7
duzIqo1btmyJ559/PiPcyM/Pj8mTJ8fs2bNj+vTpUV5ennHs+fPn44knnohz585ldS4AAAB6pgcH
w1Z9fX1ERJSXl8eiRYti2rRpUVpa2jXPRkNDQxw4cCBeffXVaG1t7Tquo6MjnnrqqThz5kxX2ezZ
s2PhwoVRXV0deXl5ERHR1tYW9fX1sXXr1jh06FDKuV977bWYNWtW5Of3/E/k0KFDGQFKeXl53Hzz
zTF16tSMY0+ePBkbNmyIgwcPdpU1NTXFhg0b4o477ujFnQEAACCdHhwMa7W1tXH//ffHokWLYsyY
MSmTiI4ZMyYWLlwYDzzwQEaPjMvDjeXLl8ftt98e48eP7wo3Ii5N1Dl58uS45557MubdaGxsjMOH
D/fYrs7Ozli/fn1KWXV1ddx///0xc+bMboORmpqauOuuu2Lq1Kkp5Xv37k1pLwAAAL2nBwdZa29v
j5MnT/b5+IqKiiv2iEhXWFgYq1atuuJwkrfqvfnmm2PNmjUZn82bNy8WL158xeNzc3PjxhtvjN27
d6cMNTlx4kRMmzat22Pq6+szQonly5dfta15eXlx8803Z6wYc/z48aisrLzisQAAAPRMwEHWTpw4
Ed/73vf6fPxDDz3Uq5f4pUuXXjUweMuUKVO6LV+yZElWx5eWlkZdXV3K8JGeVm2JiGhubo6qqqqu
7ZycnJgwYUJW56qqqorq6uqU+s3DAQAA0D8CDoat0tLSrPctKiqKioqKOHv2bFdZbW1tjB07Nus6
KisrUwKOlpaWHvedMWNGzJgxI+u6uzvX5QFHc3Nzn+sCAADAHByMICUlJSnbvV1+NX1llisFHP11
+VwgEZcmRgUAAKDv9OAga2PHjo358+f3+fiioqIBbE2mnJyclO3LJyTty/HpS7/2x8WLFwesLgAA
ADIJOMhaWVlZXHfddUPdjGGrs7Mz6uvro76+Pk6fPh1nzpyJlpaWaG5uHtCwBAAAgEwCDuin9vb2
2LFjR7z++uvR0NAw1M0BAAAYlQQc0A8nTpyIZ555xiooAAAAQ0zAAX10/PjxeOKJJ6KtrS2lvKam
JmbMmBFVVVVRWloaBQUFGZOKvvTSS7F3795r2VwAAIARTcABfdDW1hbPPfdcSrhRWloat956a0yd
OjVjwtJ0+fn+6QEAAAwkb1nQB/v27YszZ850befm5sbdd98d48aNG8JWAQAAjF69W0cTiIhLAcfl
5syZI9wAAAAYQgIO6IP6+vqUbeEGAADA0BJwQC+1t7dnTCx6tTk30nV0dAxkkwAAAEY9AQf0Ul5e
XuTmpv7TOXXqVNbHHzt2zAoqAAAAA0zAAb2Um5sbEyZMSCnbuXNnnD9//qrH1tfXx+rVqzPKOzs7
B6p5AAAAo5KAA/pgxowZKdsdHR3xzDPPxLlz57rdv729PbZu3RqPPvpoNDU1dfs5AAAAfWeZWLJ2
8uTJePzxx/tdT11dXSxZsmQAWjR0Zs+eHVu3bk3ptVFfXx/f+c53YubMmTF+/PjIz8+Pjo6OOH36
dOzbty9aW1t7rK+nYAQAAIDsCDjIWltbWxw6dKjf9ZSXlw9Aa4ZWYWFh3HbbbfH444+nTBja2dkZ
u3fvjt27d/d47Pjx46Oqqip27NjRVdbY2Bitra1RVFQ0qO0GAAAYqQxRgT6qra2Ne++9N8rKyrI+
Zt68efHud787Jk+enPFZbyYqBQAAIJUeHNAPEydOjAcffDB27NgR27Zti+bm5m73mzlzZsyfPz/q
6uoi4lIvjnSHDh3q+hwAAIDeyWlra7s41I1geCgoKBjqJiRaZ2dnnD17NhoaGqKtrS3y8vKipKQk
xo4dGyUlJUPdPAAAuKZMpM+1JuCgi4ADAAAYKAIOrjVzcAAAAACJJ+AAAAAAEk/AAQAAACSegAMA
AABIPAEHAAAAkHgCDgAAACDxBBwAAABA4gk4AAAAgMQTcAAAAACJJ+AAAAAAEk/AAQAAACSegAMA
AABIPAEHAAAAkHgCDgAAACDxBBwAAABA4gk4AAAAgMQTcAAAAACJJ+AAAAAAEk/AAQAAACSegAMA
AABIPAEHAAAAkHgCDgAAACDxBBwAAABA4gk4AAAAgMQTcAAAAACJJ+AAAAAAEk/AAQAAACSegAMA
AABIPAEHAAAAkHgCDgAAACDxBBwAAABA4gk4AAAAgMQTcAAAAACJJ+AAAAAAEk/AAQAAACSegAMA
AABIPAEHAAAAkHgCDgAAACDxBBwAAABA4gk4AAAAgMQTcAAAAACJJ+AAAAAAEk/AAQAAACSegAMA
AABIPAEHAAAAkHgCDgAAACDxBBwAAABA4uUPdQMYPtrb24e6CQAAANAnenAAAAAAiSfgAAAAABJP
wAEAAAAknoADAAAASDwBBwAAAJB4Ag4AAAAg8QQcAAAAQOIJOAAAAIDEE3AAAAAAiSfgAAAAABJP
wAEAAAAknoADAAAASDwBBwAAAJB4Ag4AAAAg8QQcAAAAQOIJOAAAAIDEE3AAAAAAiSfgAAAAABJP
wAEAAAAknoADAAAASDwBBwAAAJB4Ag4AAAAg8QQcAAAAQOIJOAAA+P/Yu+/oqMqEj+O/EEMKJYQe
ECGBIASWFonrRqVIsQSsWF4JVpCiyLv2FcuCZRVUrKgoKwhLXXARCy6CgBSRRIIUpUwSWoAACTWT
BMj7h4d5k8y9k5nJTJI7fD/neA5zy3Of+wSuub95CgAAlkfAAQAAAAAALI+AAwAAAAAAWB4BBwAA
AAAAsDwCDgAAAAAAYHkEHAAAAAAAwPIIOAAAAAAAgOURcAAAAAAAAMsj4AAAAAAAAJZHwAEAAAAA
ACyPgAMAAAAAAFgeAQcAAAAAALA8Ag4AAAAAAGB5BBwAAAAAAMDyCDgAAAAAAIDlEXAAAAAAAADL
I+AAAAAAAACWR8ABAAAAAAAsj4ADAAAAAABYHgEHAAAAAACwPAIOAAAAAABgeQQcAAAAAADA8gg4
AAAAAACA5RFwAAAAAAAAyyPgAAAAAAAAlkfAAQAAAAAALI+AAwAAAAAAWB4BBwAAAAAAsDwCDgAA
AAAAYHkEHAAAAAAAwPIIOAAAAAAAgOURcAAAAAAAAMsj4AAAAAAAAJZHwAEAAAAAACyPgAMAAAAA
AFgeAQcAAAAAALA8Ag4AAAAAAGB5BBwAAAAAAMDyCDgAAAAAAIDlEXAAAAAAAADLI+AAAAAAAACW
R8ABAAAAAAAsj4ADAAAAAABYHgEHAAAAAACwPAIOAAAAAABgeQQcAAAAAADA8gg4AAAAAACA5RFw
AAAAAAAAyyPgAAAAAAAAlkfAAQAAAAAALI+AAwAAAAAAWB4BBwAAAAAAsDwCDgAAAAAAYHkEHAAA
AAAAwPIIOAAAAAAAgOURcAAAAAAAAMsj4AAAAAAAAJZHwAEAAAAAACyPgAMAAAAAAFgeAQcAAAAA
ALA8Ag4AAAAAAGB5BBwAAAAAAMDyCDgAAAAAAIDlEXAAAAAAAADLI+AAAAAAAACWR8ABAAAAAAAs
j4ADAAAAAABYHgEHAAAAAACwPAIOAAAAAABgeQQcAAAAAADA8gg4AAAAAACA5RFwAAAAAAAAyyPg
AAAAAAAAlkfAAQAAAAAALI+AAwAAAAAAWB4BBwAAAAAAsDwCDgAAAAAAYHkEHAAAAAAAwPIIOAAA
AAAAgOURcAAAAAAAAMsj4AAAAAAAAJZHwAEAAAAAACyPgAMAAAAAAFgeAQcAAAAAALA8Ag4AAAAA
AGB5BBwAAAAAAMDyCDgAAAAAAIDlEXAAAAAAAADLI+AAAAAAAACWR8ABAAAAAAAsj4ADAAAAAABY
HgEHAAAAAACwPAIOAAAAAABgeQQcAAAAAADA8gg4AAAAAACA5RFwAAAAAAAAyyPgAAAAAAAAlndR
VVcAAHDhmTNnjnr06KGmTZtWdVVQiU6dOqXdu3fLZrNp586d2rNnjyZOnFjV1YIbzpw5o23btumX
X37R9u3bdfToUeXl5almzZqKiopSbGysOnXqpISEBNWuXbuqqwsAuEAFFRYWFld1JQAAF4533nlH
jz/+uLp166b58+fr4osvruoqXXA2btyozZs3KzQ0VImJiWrZsqVfr3f8+HH169dPaWlppbY3a9ZM
mZmZfr32ha6iP+szZ85o0aJFmjBhglJTU8s9Pjk5WQsWLHDabrPZtGHDBhUWFqpLly7q2LGjR/UA
AMAd9OAAAFSK4uJiTZgwQWPHjpUkpaWlacCAAVqwYIFiYmKquHYXhqKiIj399NN69913Hdvq1Kmj
t956S0OGDPHbdc+ePesUbsC/fPGzPn78uMaMGaMZM2a4fT7F7a0AACAASURBVN1OnTo5bfvggw/0
9NNPy263O7Y988wzev755xUcHOx22QAAlIceHLhgFRcXa9++fdq3b58OHz6s/Px81ahRQ+Hh4apf
v76aN2+uZs2aqUYNpqoBKurcuXMaP368Xn75Zad9cXFxWrhwodq2bVsFNbuwfP7553rggQcM923c
uFHx8fF+uW5ubq6aNGnitJ0eHP5T0Z/1mTNndOedd2rRokUeXXfmzJkaNGiQ4/NPP/2kq666yvDY
OXPm6Oabb/aofCvLyclRRkaG8vLydPLkSRUXF6tWrVpq2rSp4uLiVKtWraquIgBYHj04cEEpKirS
ypUr9c0332jx4sWy2Wwuj2/evLmuueYa9ezZU7169VLz5s0rqaZA4Dh79qzGjh2rN954w3D/jh07
dMMNN+iLL75Qhw4dKrl2F5Zvv/3WdN+qVav8FnDAO8XFxQoKCvLq3Ir+rD/44AOPww1JateuXanP
K1asMD32v//9b0AHHAUFBVq3bp2+++47ffnll/rtt99Mjw0LC9Ptt9+uESNGKCEhoRJrCQCBhYAD
F4QzZ85o7ty5mjBhgrZs2eL2efv27dP06dM1ffp0SVJKSopGjx6tzp07+6uqQEApKirSk08+qfff
f7/U9gYNGujIkSOOz1lZWbrhhhu0cOFCde3atbKrecE4efKk6b7Tp09XYk1QUkFBgbKyspSRkaFd
u3bp999/16ZNm3T99dfriSee8KrMivysc3Nz9eqrr5ru79+/v5KTk3XxxRcrODhYhw8f1u7du/X9
99+rdevWbl/rxIkTLuthVQUFBZo9e7beeOMNl6FGSXa73fH7xrBhw/SPf/yDyVoBwAsEHAh427dv
16hRo1x+i+Suzz//XEuXLtX27dsVGhrqg9oBgaugoEBjxozRp59+Wmp7//79NWXKFH3//fcaMWKE
Y1z+/v37HRMUXn755VVR5YDXrVs3ffPNN4b72rdvX8m1wXkLFy40nBejf//+XpdZkZ/14sWLSwWQ
JX388ce65557DHuW/O1vf3Pa5qpXVqB+WVCjRg29+uqr5fYSNfPxxx9r+/btmjdvniIjI31cOwAI
bEwugIC2ZMkSJSUl+STcOC8lJYVwA3DD5s2bNXPmzFLbRo4cqblz56pp06a6++679d///rfUqg45
OTlOvT3gOw8++KBiY2Odtg8cOFDXXHNNFdQI/lKRn/WqVatMy7z33ns9GjaTnJysXr16OW3v2LGj
7rnnHrfLsZKQkJAK39sPP/zgmJAZAOA+JhlFwFq8eLHuuOMOFRUV+bTcH3/8UYmJiT4tEwhUCxcu
1B133CFJmjRpkkaMGOH0crR3717dd999WrFiha688kotXLiQby396PDhw/rwww+1du1ahYeHq3//
/hoyZIhfg1smGXVt9uzZhj04xo0bp6efftrrcr39Wbdq1Ur79+932r5q1Sqvelfl5+frn//8p77/
/nvZ7XZdeeWVGj58uKKiojwuyyo2b96sbt26ldoWFRWlxMRENWrUSKGhodq9e7dWrVpVanWZslJT
U/WnP/3J39UFgIBBwIGA9PPPP6tv374ux/7WqVNHAwcOVN++fRUbG6v69esrODhYJ06cUF5enrZu
3aoNGzboq6++Um5urqQ/utpu2LCBZe0AD3z66adq0aKF+vXrZ3rMyZMn9eqrr+rhhx9WdHR0JdYO
lYGAwzV/BRzeOH36tOrVq+e0PSQkRDk5OYqIiKjU+lhZr169lJmZqZEjR+raa69V+/btddFFpUeH
HzhwQC+++KKmTp1qWMYLL7ygZ599tjKqCwABgTk4EHDy8vI0bNgwl+HGk08+qVGjRrl8kerZs6ck
6dSpU/rhhx/00UcfqWfPnoQbgIfMlqosqXbt2oZLyAKoXGYTfzZv3pxww0PvvvuuWrZsqTp16pge
07RpU73zzjvavXu3li5d6rR/9erV/qwiAAQcAg4EnEmTJpmulBIVFaWZM2eqT58+bpdXq1Yt3XDD
Dbr++utZZQAAENDMhnWyoofnOnbs6NZxNWvW1H333WcYcGzbts3X1QKAgEbAgYCSmZmpCRMmmO5f
uHCh/vKXv3hVdlBQkGrVquXxeQUFBUpLS9P69et14MABHThwQDVq1FDTpk3VrFkzXX755erSpYtT
t1Vv5Obmavfu3crOzlZ2drYOHTqk/Px85efn68yZM4qMjFRUVJTi4+OVkJBg2A1Z+mNZ3S1btmjT
pk2OcoKDg1W/fn3FxMSoc+fOuvTSSytc3/Mqs42M5Ofnm64YEB0d7VGvndzcXJ06dcppe0REhOrX
r1/u+VXVFmfOnNEvv/yitLQ07dq1SwcPHlRhYaEiIiLUuHFjtWrVSvHx8erUqZNX82OcPHlSP/30
kzZs2KADBw4oJydHkZGRatiwoeLi4nTFFVcoNjbWo8kLfeH06dNav369Nm/eLJvNptzcXBUUFKh2
7dqKjIxUq1at1KpVK7Vr165C9asu93/u3DnDuRWCgoLUvHlzr8rcvXu31q1bp+zsbOXk5KiwsFD1
6tVTmzZt1LVrV8XFxVW02oYqq01zc3OVlZXl+Pd4/rlqt9tlt9tVs2ZNRUZG6pJLLlH79u3VqVMn
hYSE+OQejx8/rr1797o8Jjg42LA3oq9/1mfOnCm3LtIfwz/LPiP27dun4mLnEdHNmjVTjRqez3fv
6+fVwYMHtX37dmVmZmr37t06cOCATp48Kbvdrrp166p+/fqKjo5WQkKCOnXq5LJHhreMhnBJf/wc
AQDuI+BAQJk2bZrpt0+vvfaa1+GGN3Jzc/XRRx9p8uTJys7Odnlsy5YtNXr0aN13330efUuWn5+v
BQsWaP369Vq1apU2b97s9rlhYWF69NFHNXLkSMcvx5mZmZo5c6amTp2qPXv2uDy/R48eGjdunK64
4gq3r1lWZbSRu/UwWm1Akn766Sd17drV7bIeeeQRzZ0712n79OnTdeedd7qsQ1W0RUFBgWbMmKE3
33xTO3bsKPf4sLAw3XbbbRo/frxbL0kHDhzQ5MmT9fbbb5fbA+qqq67S2LFj1bNnT7+/6B87dkwf
fPCBPvzww3Lb+7zY2Fg9/vjjevDBB92+TnW7/2PHjhn+XfdmLozvvvtOb7zxhpYvX+7yuB49erj8
u+8pf7fp+efqTz/9pFWrVpn2CDTTsmVLPf7440pJSanwkI6JEydq4sSJLo/p2LGj0tLSnLb78mct
Sb/99pvpc7KkyZMnOw1LS0pKMgxbDh486NFEo75+Xq1Zs0aPP/64NmzY4HYdoqKi9Oijj+qBBx4w
DSW8cejQIcPtbdu29dk1AOBCwCSjCBj5+flq06aNcnJynPbFxsZq48aNCgsLq5S6LFq0SKNHjzb8
hc6V2NhYvffee24Podm7d69bv3C60qJFC73//vtauXJlub9IG3nuuec0duxYj1/IKquN3HXttddq
2bJlTtvffvttjRgxwq0yTp8+rRYtWhiOYc/MzFSzZs0Mz6uqtli3bp3GjBlj+HJUHndeTObOnatR
o0bp2LFjHpU9dOhQTZw4UeHh4R7Xyx1btmzRHXfcoe3bt3t87uuvv64xY8a4dWx1vH9fTPZ59OhR
Pfroo5ozZ06F6+Ppy3ZltKkvnquS1K5dO82aNUsdOnQo91izSUbdYRZwePuzruj9GwUcZquyeBJw
+ON5tWLFCvXt29fj8qQ/nr//+te/nFZK8dadd96pBQsWOG1/6aWX9OSTT/rkGgBwIfC8XyBQTa1b
t84w3JCk0aNHV0q4UVxcrHfffVe33Xabxy+rkmSz2XT99ddr+vTpfqidsT179mjgwIFehRuSNH78
[...]
xx57bNb4hRde2OLrevbsGSeddFJm/PXXX8fgwYNj9OjRsXz58szzGzZsiH/9618xbNiwuOmmmzLP
16hRI6688srtmuuW9O7dO84555ys54YMGRLXX399TJs2LetSmg0bNsTHH38cV199dfzyl7/MrHoy
b968rd6Ms6hat26ddXPNd999t9D3lOfxjNh4c9QhQ4Zk3adjypQpceqpp8add94ZX3zxRdYZICtX
rowpU6bEo48+GgMHDoyJEydmftaiRYv49a9/XeTf46RJkzKP69evL3AAAEAZyVmzZk3RbjAAO9Br
r70Wl156aWZ8wgknxG233bZd21y5cmUcfvjhsXDhwsxzb7zxRjRv3rzAaxcvXhwXX3xx1pfTiI1f
zPfZZ5+oXr16zJkzp8DlGdWqVYsHH3wwDj744C3OoVu3brFo0aLMeNq0acXeh2uuuWaL95Bo3Lhx
7LXXXrFy5cqYPn16VoyJiNh///3j/vvvj6ZNmxbrM7fk1ltvzbpx56RJk7a5bG15H89NFixYEJde
eml88MEHW/x5vXr1Yt26dVtd/rZZs2Zx7733FvnGs6tWrYpu3brFypUrIyJi0KBB8Zvf/KZI7wUA
AIrHGRzslDZfySQi4rjjjtvubVarVi0GDhyY9dyYMWO2+Nq6devGXXfdFUcddVTW82vXro3JkyfH
pEmTCsSNNm3axOOPP77VuFEaqlWrFjfffHNcdNFFBX42b968mDhxYnzyyScF4sbxxx8fw4cPL5W4
ERFx+OGHZ40LO4ujvI/nJg0aNIgHH3ywwGVImyxatGircaNXr17xt7/9rVjLBn/44YeZuBGx8VIZ
AACgbAgc7HS++uqrrOU469WrF927dy+VbecPFs8888xWb7zZoEGDuOeee+K+++6LI488cqvb3Hvv
veOGG26IJ598Mjp06FAq89yWypUrx+WXXx6vvvpqDBo0aJsreXTv3j3uvvvuuPXWW6NOnTqlNofO
nTtn7evzzz+/1dfuLMdzk9q1a8evfvWreOGFF+L888+Pxo0bb/W19evXjwEDBsTjjz8eDz/8cDRp
0qRY89v8TJu99947unXrVqz3AwAARecSFSiiRYsWxddffx2LFy+OlStXRq1ataJp06ax5557bvd9
LbbH2rVrY+bMmbFo0aJYunRpVKxYMerWrRt77rln7L777mX2uSNHjsy618hrr70WLVu2LLPPKyvr
1q2Lf//737Fo0aJYsmRJVKhQIWrVqhX16tWLli1bRsWKFUu03e+//z569+4da9eujYiIG264If7r
v/6rNKcOAABsRuAASmTlypXRv3//mDVrVkREnHXWWXHttdeW86x2Hvfcc0/cddddEbHx/igvv/xy
1KpVq5xnBQAA/7lcogKUSLVq1bLuBfL4448X+6ap/6nmzp0bDz/8cGZ80UUXiRsAAFDGBA6gxH76
059m3VfizjvvjA0bNpTjjHYODz74YObmogcccEAMGDCgnGcEAAD/+QQOoMQqVaoUw4YNi9zc3IiI
eP3117e4hO2u5B//+Ec88cQTmfE111yT+f0AAABlR+AAtkvbtm3j6quvzoxvuummmDlzZjnOqPx8
9913cd1112XGV111VXTu3LkcZwQAALsOgQPYbqeddloMGjQoIjauNjN06ND44YcfynlWO9ayZcti
2LBhMXv27IiIOOWUU2Lw4MHlPCsAANh1WEUFKBVr1qyJq6++Ol588cWIiOjYsWM89thjUaNGjXKe
WdlbvXp1/L//9/9iwoQJERHRt2/f+NOf/hRVq1Yt55kBAMCuwxkcQKmoUqVK3HTTTXH66adHxMYz
GnaVL/i5ubmxfPnyiIjo169f3HzzzbvMvgMAwM7CGRxAqdqwYUM89dRTsWzZsrjgggvKezo7zBNP
PBFr1qyJQYMGRcWKFct7OgAAsMsROIAykZeXFzk5OeU9jR1mV9tfAADY2bhEBSgTu9qX/V1tfwEA
YGcjcAAAAADJEzgAAACA5AkcAAAAQPIEDgAAACB5AgcAAACQPIEDAAAASJ7AAQAAACRP4AAAAACS
J3AAAAAAyRM4AAAAgOQJHAAAAEDyBA4AAAAgeQIHAAAAkDyBAwAAAEiewAEAAAAkT+AAAAAAkidw
AAAAAMkTOAAAAIDkCRwAAABA8gQOAAAAIHkCBwAAAJA8gQMAAABInsABAAAAJE/gAAAAAJIncAAA
AADJEzgAAACA5AkcAAAAQPIEDgAAACB5AgcAAACQPIEDAAAASJ7AAQAAACRP4AAAAACSJ3AAAAAA
yRM4AAAAgOQJHAAAAEDyBA4AAAAgeQIHAAAAkDyBAwAAAEiewAEAAAAkT+AAAAAAkidwAAAAAMkT
OAAAAIDkCRwAAABA8gQOAAAAIHkCBwAAAJA8gQMAAABInsABAAAAJE/gAAAAAJIncAAAAADJEzgA
AACA5AkcAAAAQPIEDgAAACB5AgcAAACQPIEDAAAASJ7AAQAAACRP4AAAAACSJ3AAAAAAyRM4AAAA
gOQJHAAAAEDyBA4AAAAgeQIHAAAAkDyBAwAAAEiewAEAAAAkT+AAAAAAkidwAAAAAMkTOAAAAIDk
CRwAAABA8gQOAAAAIHkCBwAAAJA8gQMAAABInsABAAAAJE/gAAAAAJIncAAAAADJEzgAAACA5Akc
AAAAQPIEDgAAACB5AgcAAACQPIEDAAAASJ7AAQAAACRP4AAAAACSJ3AAAAAAyRM4AAAAgOQJHAAA
AEDyBA4AAAAgeQIHAAAAkDyBAwAAAEiewAEAAAAkT+AAAAAAkidwAAAAAMkTOAAAAIDkCRwAAABA
8gQOAAAAIHkCBwAAAJA8gQMAAABInsABAAAAJE/gAAAAAJIncAAAAADJEzgAAACA5AkcAAAAQPIE
DgAAACB5AgcAAACQPIEDAAAASJ7AAQAAACRP4AAAAACSJ3AAAAAAyRM4AAAAgOQJHAAAAEDyBA4A
AAAgeQIHAAAAkDyBAwAAAEiewAEAAAAkT+AAAAAAkidwAAAAAMkTOAAAAIDkCRwAAABA8gQOAAAA
IHkCBwAAAJA8gQMAAABInsABAAAAJE/gAAAAAJIncAAAAADJEzgAAACA5AkcAAAAQPIEDgAAACB5
AgcAAACQPIEDAAAASJ7AAQAAACRP4AAAAACSJ3AAAAAAyRM4AAAAgOQJHAAAAEDyBA4AAAAgeQIH
AAAAkDyBAwAAAEiewAEAAAAkT+AAAAAAkidwAAAAAMkTOAAAAIDkCRwAAABA8gQOAAAAIHkCBwAA
AJA8gQMAAABInsABAAAAJE/gAAAAAJIncAAAAADJEzgAAACA5AkcAAAAQPIEDgAAACB5AgcAAACQ
PIEDAAAASJ7AAQAAACRP4AAAAACSJ3AAAAAAyRM4AAAAgOQJHAAAAEDyBA4AAAAgeQIHAAAAkDyB
AwAAAEiewAEAAAAkT+AAAAAAkidwAAAAAMkTOAAAAIDkCRwAAABA8gQOAAAAIHkCBwAAAJA8gQMA
AABInsABAAAAJE/gAAAAAJIncAAAAADJEzgAAACA5AkcAAAAQPIEDgAAACB5AgcAAACQPIEDAAAA
SJ7AAQAAACRP4AAAAACSJ3AAAAAAyRM4AAAAgOQJHAAAAEDyBA4AAAAgeQIHAAAAkDyBAwAAAEie
wAEAAAAkT+AAAAAAkidwAAAAAMkTOAAAAIDkCRwAAABA8gQOAAAAIHkCBwAAAJA8gQMAAABInsAB
AAAAJE/gAAAAAJIncAAAAADJEzgAAACA5AkcAAAAQPIEDgAAACB5AgcAAACQPIEDAAAASJ7AAQAA
ACRP4AAAAACSJ3AAAAAAyRM4AAAAgOQJHAAAAEDyBA4AAAAgeQIHAAAAkDyBAwAAAEiewAEAAAAk
T+AAAAAAkidwAAAAAMkTOAAAAIDkCRwAAABA8gQOAAAAIHkCBwAAAJA8gQMAAABInsABAAAAJE/g
AAAAAJIncAAAAADJEzgAAACA5AkcAAAAQPIEDgAAACB5AgcAAACQPIEDAAAASJ7AAQAAACRP4AAA
AACSJ3AAAAAAyRM4AAAAgOQJHAAAAEDyBA4AAAAgeQIHAAAAkDyBAwAAAEiewAEAAAAkT+AAAAAA
kidwAAAAAMkTOAAAAIDkCRwAAABA8gQOAAAAIHkCBwAAAJA8gQMAAABInsABAAAAJE/gAAAAAJIn
cAAAAADJEzgAAACA5AkcAAAAQPIEDgAAACB5AgcAAACQPIEDAAAASJ7AAQAAACRP4AAAAACSJ3AA
AAAAyRM4AAAAgOQJHAAAAEDyBA4AAAAgeQIHAAAAkDyBAwAAAEiewAEAAAAkT+AAAAAAkidwAAAA
AMkTOAAAAIDkCRwAAABA8gQOAAAAIHkCBwAAAJA8gQMAAABInsABAAAAJE/gAAAAAJIncAAAAADJ
EzgAAACA5AkcAAAAQPIEDgAAACB5AgcAAACQPIEDAAAASJ7AAQAAACRP4AAAAACSJ3AAAAAAyRM4
AAAAgOQJHAAAAEDyBA4AAAAgeQIHAAAAkDyBAwAAAEiewAEAAAAkT+AAAAAAkidwAAAAAMkTOAAA
AIDkCRwAAABA8gQOAAAAIHkCBwAAAJA8gQMAAABInsABAAAAJE/gAAAAAJIncAAAAADJEzgAAACA
5AkcAAAAQPIEDgAAACB5AgcAAACQPIEDAAAASJ7AAQAAACRP4AAAAACSJ3AAAAAAyRM4AAAAgOQJ
HAAAAEDyBA4AAAAgeQIHAAAAkDyBAwAAAEiewAEAAAAkT+AAAAAAkidwAAAAAMkTOAAAAIDkCRwA
AABA8gQOAAAAIHkCBwAAAJA8gQMAAABInsABAAAAJE/gAAAAAJIncAAAAADJEzgAAACA5AkcAAAA
QPIEDgAAACB5AgcAAACQPIEDAAAASJ7AAQAAACRP4AAAAACSJ3AAAAAAyRM4AAAAgOQJHAAAAEDy
BA4AAAAgeQIHAAAAkDyBAwAAAEiewAEAAAAkT+AAAAAAkidwAAAAAMkTOAAAAIDkCRwAAABA8gQO
AAAAIHkCBwAAAJA8gQMAAABInsABAAAAJE/gAAAAAJIncAAAAADJEzgAAACA5AkcAAAAQPIEDgAA
ACB5AgcAAACQPIEDAAAASJ7AAQAAACRP4AAAAACSJ3AAAAAAyRM4AAAAgOQJHAAAAEDyBA4AAAAg
eQIHAAAAkDyBAwAAAEiewAEAAAAkT+AAAAAAkidwAAAAAMkTOAAAAIDkCRwAAABA8gQOAAAAIHkC
BwAAAJA8gQMAAABInsABAAAAJE/gAAAAAJIncAAAAADJEzgAAACA5AkcAAAAQPIEDgAAACB5AgcA
AACQPIEDAAAASJ7AAQAAACRP4AAAAACSJ3AAAAAAyRM4AAAAgOQJHAAAAEDyBA4AAAAgeQIHAAAA
kDyBAwAAAEiewAEAAAAkT+AAAAAAkidwAAAAAMkTOAAAAIDkCRwAAABA8gQOAAAAIHmV8vLyynsO
AAAAANvFGRwAAABA8pzBAQAAACRP4AAAAACSV2nDhg3lPQcAAACA7eIMDgAAACB5zuAAAAAAkpfT
pUsXp3AAAAAASbNMLAAAAJA8gQMAAABInsABAAAAJE/gAAAAAJIncAAAAADJEzgAAACA5AkcAAAA
QPIEDgAAACB5AgcAAACQPIEDAAAASJ7AAQAAACRP4AAAAACSJ3AAAAAAyRM4AAAAgOQJHAAAAEDy
BA4AAAAgeQIHAAAAkDyBAwAAAEiewAEAAAAkT+AAAAAAkidwAAAAAMkTOAAAAIDkCRwAAABA8gQO
AAAAIHkCBwAAAJA8gQMAAABInsABAAAAJE/gAAAAAJIncAAAAADJEzgAAACA5AkcAAAAQPIEDgAA
ACB5AgcAAACQPIEDAAAASJ7AAQAAACRP4AAAAACSJ3AAAAAAyRM4AAAAgOQJHAAAAEDyBA4AAAAg
eQIHAAAAkDyBAwAAAEiewAEAAAAkT+AAAAAAkidwAAAAAMkTOAAAAIDkCRwAAABA8gQOAAAAIHkC
BwAAAJA8gQMAAABIXqXyngC7hipVqsTRRx+dGc+ZMyc++eSTcpzRRlWrVo0+ffpETk5O5rmJEyfG
ggULynFWO6dWrVpF27ZtM+MPP/wwvv3223KcEYVxzAAA2JUIHJSapk2bxsKFC2PVqlUFflajRo24
4YYbMuNRo0Ztd+Bo3rx5zJkzZ7u28Ytf/CJOO+20zPjtt9+Ol156abu2+Z+qR48ecfnll2fGV111
lS/LOznHDACAXYnAsQU333xzNGvWbLu28emnn8bNN99cSjPauVWqVCnuv//+6NKlS6xevTpuv/32
GDFiRJl93v777x+33XZbNGrUKObPnx///d//HVOmTCn2dg488MAYMGBAZvzBBx/EsGHDSnOqAAAA
7CACxxa0bt06WrZsuV3bWLx4cSnNZud3+OGHR5cuXSIiIjc3N84444wyDRwDBw6MRo0aRUREo0aN
4tRTT806O6QoqlSpEkOHDo3KlStHRMTUqVNj6NChsWbNmlKfLwAAAGVP4GC7rVixImu8evXqMv28
/Nvf0iUxhbnkkkuidevWEbHxfiBDhgyJJUuWlMr82PnVr18/rr322sz4nXfeKdMoBwAAlD2BoxDL
li2Lu+66q9jvmzdvXhnMZuc0YcKEePbZZ6Nnz56xdOnSuOeee8r084YPHx6tWrWK1q1bx4wZM+Kx
xx4r1vs7d+4cp5xySkRELFiwIIYMGeK+BLuY6tWrR8+ePTPjuXPnluNsAACA0iBwFGLdunXx7LPP
lvc0dnq///3vd9hnzZ8/Py666KISv79mzZrx4IMPRkTEpEmTYvr06aU1NQAAAMqJwMEuZ/z48TF+
/PjyngYAAAClqEJ5TwAAAABgezmDYwc56qij4vjjj8+MhwwZEuvWrYtevXrFscceG+3atYs6depE
5cqVY/HixTF9+vQYM2ZMvPTSS1nbqVOnTpx00knRu3fvaNy4cdSuXTvWrl0bP/zwQ3z++efx9NNP
x+eff17keXXq1Cn69+8f++23XzRs2DCqVasWa9euzczh9ddfj1deeWWb26hevXrWJSrvvvtuPPnk
k0WeQ3F16tQpzjnnnMx45MiR8fbbbxf6nu3dz5Jq3rx59OvXL7p27RqNGzeOWrVqRV5eXixdujRm
zJgR48aNi2eeeabI2yuLfenevXuccMIJ0aFDh6hbt25ERCxdujQmT54cr7zySrz11lvF2l5ZzbVK
lSoxYMCA6NmzZ7Rs2TJq164dFStWjBUrVsQ333wTn3/+eTz11FMxe/bsAu/9zW9+E7vttltEbFza
eHPdunWLO++8MzN+7rnnYty4cZlxr169spYUvuOOO+Kbb76J8847L4444oho0qRJVK5cOcaMGRPX
X399mf8eIsrumG36Hffo0SNat24dtWrViooVK8bSpUvj22+/jffeey+ef/75+O6770q0fQAAKCsC
xw6y5557Zt3UsEmTJvHLX/4yDjvssMjJycl6baNGjaJRo0ZxyCGHxBFHHBHXX399LF26NA477LC4
8soro3Hjxlmvz83NjZo1a0aLFi3imGOOiUceeSRzj4mtqVevXlx11VXRp0+fAp9fpUqVqFGjRuyx
xx5x2GGHxemnnx433XRTTJ06dYvbys3Nzdq3sl4id/fdd8/6vEmTJm31taW5nyVx/vnnx9lnnx01
a9Ys8LNq1apFo0aNokePHnHqqafGjTfeGJ999tkO3ZdKlSrFsGHD4oQTToiKFStm/ax69erRuHHj
OPzww2Ps2LHbnNuOmGvXrl3j6quvjhYtWhT4WZUqVaJu3brRrl276N+/f/z1r3+N+++/P+s1Bx10
UDRt2nSL227RokXWdt99992sn++xxx5Z/80988wzceONN0b79u2zXtegQYOscUrHLCLisMMOi8su
u2yLv+OqVatGw4YNo1OnTnHqqafGo48+Go8//nixtg8AAGXJJSrl5Pbbb4/evXsX+NKT32GHHRZD
hgyJI488Mv74xz8WiBv5VapUKS644II4+eSTt/qaBg0axL333htHHnlk1uevX78+Fi1aVGDZ1Xbt
2sUdd9wRLVu2LMKe7TzKez8vv/zyuPjiiwvEjZUrVxZY6rZVq1Zxzz33RJcuXXbovvzud7+L/v37
F/iivLmcnJzo3bt3DBo0aJvbKsu5HnjggXHrrbcW+OK9evXqAssU5+bmxs9+9rO48sorizTfkrjs
sssKxI2IiA0bNmQep3TMIiKOP/74+MMf/lDgd7x27doC/73WrVs3fvnLX8YVV1xR5O0DAEBZcwZH
OWnVqlWsWbMmRo8eHa+99lpMmzYt1q1bF507d45+/fpFr169Ml+Kjj322Ojdu3dUqVIlli9fHiNG
jIi///3vMWvWrGjRokV06NAhTj755Nhnn30iYuOXm3POOSdGjBixxc++5pprok2bNpnxlClTYvjw
4TFu3LhYtWpVVKpUKXr27Bk///nPM9ts1KhRXHrppUl9oSnP/Tz++OPjzDPPzIyXL18eTz/9dIwa
NSpz+UTXrl3jzDPPjF69ekXExtVdbrzxxjj99NNj2bJlZb4vZ511Vhx11FGZ8bp16+Lll1+OV199
NaZOnRp16tSJAw44IE488cTo2rVr5jKIwpT2XCtVqhRXXXVV1KpVKyIi8vLy4qWXXoonn3wyc7ZD
ixYt4tRTT42BAwdG5cqVIyLi1FNPjffeey9z+dIll1wSubm5ERFRu3btrLOcRo0aFU888URmPH/+
/G3uY+vWrSMi4scff4xJkybF/PnzIycnJ2u52ZSO2QEHHBBXX3115vezYcOGGDNmTDz33HPxwQcf
ZPb5xBNPjJNPPjmqVq0aOTk5ceaZZ8a3334b//d//1ekzwEAgLIkcJSTVatWxa9//esC18mPHTs2
xo4dG1deeWWcdtppERFRoUKFqFGjRixfvjwuv/zyzBeOiIipU6fG1KlTY+TIkfHQQw9Fx44dI2Lj
JTA9e/YssFrIT37yk6xT7SdOnBiXXXZZrFu3LvPcunXr4q233oqPP/44hg8fnjmtv3v37lGvXr1Y
tGhR6f4yykB57mfVqlXj4osvzgSq1atXx7Bhw2LChAlZr5s0aVJMmjQp61g3adIkzj333Lj77rvL
dF9q164d5557bma8fv36uO6662L06NGZ55YuXRpz5syJl19+OX7xi1/E4MGDC933sphrnz59Yq+9
9sqMt3Sfi9mzZ8ctt9wSs2bNimHDhkXExtB3yimnZALH5vflaNasWdb7V65cGdOmTSt0/zY3duzY
uOGGG2LJkiUFfpbSMYuIuOqqq6Jq1aoRsTEg3X777QXuozNjxoy444474p133onbbrstatSoERER
F110UUyYMCHmzJlTpM8CAICy4hKVQtSqVSteeOGFIv8bPnx4kbY7YsSIbd4E8IEHHihw6v1TTz2V
FTc2t27dunj66aezntvSKfTdu3fPOl3+4YcfzvrStblFixbFqFGjMuMqVapEt27dtjrnnUl57mf/
/v2zLiX661//WiBubO5Pf/pTzJw5MzPu3bt31s/LYl/69++f9df9l156KeuLcn533XXXNvehLOe6
//77Z41Hjhy51c8fMWJEfPHFF1t9b2n54osv4oorrthi3IhI65j17ds360yTN954Y5s3CX7//ffj
z3/+c2Zcs2bNYl0KAwAAZcUZHIWoWLFigb/2bsuWbia5JVsLFZts+kvspi8e69evL3SljY8++ihr
XK9evQKvGTFiRLz55puZcWF/tc7/802rUOzsynM/+/Tpk3n8448/Zl36sDVvvvlmtGrVKiI23pC2
Zs2amctUymJfDj300Mzj9evXx//+7/8WOsf33nsvDjnkkG2+pizmmv8+NZsuQdmap59+OhM21q9f
v83XllRhl2SkdMx++tOfZm33oYceKnS7w4cPj5NPPjn22GOPiNj43/zmKykBAEB5EDh2YsuXL888
Xrx4caHLMs6fPz/y8vIyXwirV69e4DXz5s2LefPmFXkOa9asyRpvOo19Z1ee+7nvvvtmHn/xxRdb
/SuZOcn6AAAY7UlEQVT/5t55552sILV54CiLfdl0D4mIiH/9619bXFa1JMpirtOnT88aX3jhhTF5
8uStXkL00ksvFVheubStXLlymz9P6ZhtfpbL5MmTY8aMGUV63zvvvJO5tKpu3brRtWvXba5oBAAA
ZU3gKMSPP/4Y1157bZFfn/+LyvbIy8vLPN58dYbC3rMpcBS2QssmTZs2jY4dO8Zee+0VNWvWjNzc
3Mx769SpU8xZ77x2xH62adMm6yyeon5Z/Oyzz4q1pOf27Msee+yRdanD5pfHlIXt/b2/9tpr8bOf
/SxzJlX79u3jmWeeibFjx8b48eNj4sSJBVYk2RntjMds3333zdrulClTivzeTz75JBM4IjYeF4ED
AIDyJHAUYv369TFu3LjynkaZ6N+/f/Tv3z/atm27zSUnU7cj97NBgwZZ49K+IWtp7Ev+yx8KWzGk
pErr975mzZq47rrr4ve//300atQoIjZefrVp+6tWrYqpU6fGxx9/HKNHjy72zULL2s58zHbfffes
cXHOOpk1a1bWuH79+qUyJwAAKCmBYxdUr169+MMf/hAHHnjgFn+el5eXdfZIhQpp3ou2PPZz01Km
m2x+mdH2KM19yT/Hwi63KK6y+L1//PHHcfbZZ8eFF14YxxxzTNZZMlWrVo2OHTtGx44d4+yzz86s
SlLeYTKFY1a7du2scXH+e12wYEHWuKj3HwIAgLIicOyC7rjjjujQoUNmPHv27HjzzTfjo48+ihkz
ZmT9FbdHjx5ZS5ampDz2c/Xq1Vnjwm6IWVSluS9r167NGleqVLr/M1BWv/cFCxbE73//+7j33nvj
uOOOi+7du8d+++2XdXZDTk5OdO7cOTp27BjPP/98ud74MoVjtj3/vW5aJnZr2wIAgB1N4NjFnHXW
WVlful599dW4/vrrt7qEZarKaz8XL16cNc7/F/KSKO19+eGHH7LGpXmflR3xe1+yZEk8+eSTmaVM
27ZtG927d4+ePXtG+/btIycnJypUqBADBw6MxYsXx3333Vdqn11UqRyz/JdQbWnlpa3ZfCnkiI0r
PwEAQHlK89oDSqx3796Zxz/88EPceOON/3FxI6L89nPmzJlZS5MWZ4nhrSntfZkzZ07WX9tbtGix
PdPLUh6/98mTJ8df/vKXOOecc+KGG27I+v0PHDiw1M9QKYpUjtmMGTOyzg7ZfKWWwrRr1y5rPGfO
nFKZEwAAlJQzOHYxTZs2zTyeNWtWqa76sjMpr/1csmRJzJ49O1q1ahUR2UvGbkunTp2if//+mfH9
99+fuZFkae/LmjVrYvbs2Zm5tWvXLipVqlQqIaK057rHHntE3759M+NJkybFJ598stXXjxo1Kg45
5JA46qijImLj8qVt27aNTz/9dLvmUVypHLOlS5fGrFmzMtvt1KlTkbd78MEHZx6vX78+JkyYsF1z
AQCA7eUMjl1Mbm5u5nFRLp/I/1faVJTnfr7//vuZx61atYoePXoU+p4+ffrECSecECeccEIcc8wx
WZcOlMW+fPTRR5nHdevWjQEDBhT6nvyXJGxJac+1Ro0acfHFF2f+HX/88YVuc+rUqQW2kd/mN/cs
Cykds3/84x9Z2z3jjDMKfU+HDh2ic+fOmfHHH39c6isGAQBAcQkcu5iFCxdmHrds2TLrS0p+Rx99
dAwePDjruZycnDKbW2kqz/0cMWJE1mn/l1xySVSvXn2rr2/RokUcd9xxmfEnn3yS9Rf/stiX5557
LutSjsGDB0fDhg23ut0DDzywSF+oS3uu06ZNy1oS9dBDDy30/hObX2aRl5cXX331VYHXLFu2LGtc
tWrVbW6zuFI6Zk8++WTW6imDBg3KnIG0JVWqVIkhQ4ZkXfozYsSIQj8HAADKmsCxi/nggw8yjytX
rhzXXnttdOrUKes1zZs3j2uuuSZ++9vfRrVq1bJ+ln+8syrP/Zw5c2aMGjUqM27Tpk3ceuutW/xr
es+ePeOee+6JunXrRsTGU/2HDx9e5vsyffr0GD16dGbcuHHjuOuuu+KAAw7Iel2lSpXi9NNPj9tu
uy3rrIStKYu5vvjii5nHjRo1invuuSe6detW4HVVq1aNCy64II4++ujMc5MnT45vvvmmwGuXLFmS
9aW+c+fOpXqz1ZSO2YIFC+Kxxx7LjOvXrx933HHHFn/HzZs3j7vvvjvat2+feW7s2LExZsyYQj8H
AADKmntwFKJu3bpZlxwU1bfffhv9+vUrgxltn8ceeyyOPPLIzGoJe+65Zzz88MPxzTffxNKlS6Ne
vXqx++67Z5aLXL9+fVSsWDHz/s2X5NyZlfd+3n333XHAAQfE3nvvHRER3bp1i2effTY+//zzWLBg
QVSoUCFatmwZe++9d+av9Xl5efHII49kXTJQlvty1113RadOnWKPPfaIiIh99tknHnnkkZg5c2Z8
//33Ua1atWjWrFnm/fm3uyVlMdc///nPcdBBB0XHjh0jYuOqKffdd1/8+9//jjlz5sTy5cujfv36
0bp166z3r127Nh544IGtzvXLL7/MRIfmzZvHyJEjY/r06ZGbmxtjxoyJxx9/fJv7uqN/DxFlc8wi
Ih555JFo165d5uaozZo1i3vvvTe+/PLLmDNnTqxbty4aNWoUbdu2jSpVqmTeN3v27Lj55puL/wsC
AIAy4AyOIqhQoUKJ/u2M5s2bF9ddd13Wko4VKlSI5s2bR7t27aJp06aZL11Lly6Na6+9Nuu0+L32
2mtHT7lEyns/ly5dGpdffnlMmzYt81zVqlWja9eu0bdv3zj66KNjn332ycSN1atXx/3337/FL+Rl
tS8LFiyIIUOGxLx58zLP5eTkROvWrePggw+Ojh07Zr4oL126NG6//fZC97ss5rpu3bq48sors86K
2PTanj17Rt++feOggw7KigLLly+Pm266qUAs2tzTTz+d9dm1a9eOLl26RLt27aJWrVqF7uu2pHTM
NvnVr34Vr776aub+JDk5ObHvvvtGnz594phjjolOnTplxY1//etfcckll2RdQgQAAOVp5/wWTpma
MGFCXHDBBTFu3Lise0VssmLFivj73/8egwYNitGjR8fMmTMzP2vTpk3mr9I7u/Lez2+//TYGDRoU
DzzwwBbvAxGxcXWMd955Jy6++OL4y1/+ssP3Zdq0aTFo0KB4+eWXsy7Z2GTVqlXx1ltvxXnnnRfj
xo0rbJfLbK4LFiyICy+8MO68886YOXPmVm8SumzZsnjttdfinHPOybpMaEtee+21uO2222Lx4sUF
flYagTKlYxaxMST9+te/jqFDh8ann366xZVU8vLyYvbs2XH33XfHmWeeGd9++22Rtw8AAGUtp0uX
LmW7nAA7tfr168dBBx0UDRs2jA0bNsT8+fPj3XffzfrL887mqKOOij/+8Y+Z8R133FHo5QQ7w362
adMm9tlnn6hfv35s2LAhvv/++/jnP/9Z7DmU1b7UrFkzevTokblx5XfffRcTJ07cru2W1VybNWsW
nTp1irp160aVKlVi2bJl8e9//zs+/PDDYi+dWrNmzTj00EOjSZMmsXbt2pgzZ068//77sWLFiu2a
4+ZSOmabNGzYMDp37hy77bZbVK5cOX744YeYNm1a1llJAACwMxE4SE5JAgcAAAD/2VyiQnLyXz6w
YcOGcpoJAAAAOwuBg/+vvbt5jbPs+zj8m0ySSdN6pzhFTTAtoqQoBVvFQuLCapZJlk1xZVwJ/glF
4YZ2G5dduLLgC3ZRlFapiOimraSCCYovaSHS1MSIqYmGmbzOPAtpuH3SVG2TXHPa44AsmqQz3+Xw
yXVeV3JaW1v/9O/ff/89oyUAAADUCoGDpOzatSt6enr+9D33BAAAAKA+6wHwV5555pl4+eWXo1wu
x+7du6OlpWX1Zz/88EN8//33Ga4DAACgFggc1Lzt27fHI488sub7lUrllo9WBQAA4O4hcFDzcrnc
mu9NTU3F66+/Hh9++GEGiwAAAKg1Agc17+OPP45ff/01HnzwwahUKnH16tUYGhrKehYAAAA1JPfE
E09Usx4BAAAAcCc8RQUAAABInsABAAAAJE/gAAAAAJIncAAAAADJEzgAAACA5AkcAAAAQPIEDgAA
ACB5AgcAAACQPIEDAAAASJ7AAQAAACRP4AAAAACSJ3AAAAAAyRM4AAAAgOQJHAAAAEDyBA4AAAAg
eQIHAAAAkDyBAwAAAEiewAEAAAAkT+AAAAAAkidwAAAAAMkTOAAAAIDkCRwAAABA8gQOAAAAIHkC
BwAAAJA8gQMAAABInsABAAAAJE/gAAAAAJIncAAAAADJEzgAAACA5AkcAAAAQPIEDgAAACB5AgcA
AACQPIEDAAAASJ7AAQAAACRP4AAAAACSJ3AAAAAAyRM4AAAAgOQJHAAAAEDyBA4AAAAgeQIHAAAA
kLxcRFSzHgEAAABwJ1zBAQAAACRP4AAAAACSJ3AAAAAAyRM4AAAAgOQJHAAAAEDyBA4AAAAgeQIH
AAAAkDyBAwAAAEiewAEAAAAkT+AAAAAAkidwAAAAAMkTOAAAAIDkCRwAAABA8gQOAAAAIHkCBwAA
AJA8gQMAAABInsABAAAAJE/gAAAAAJIncAAAAADJEzgAAACA5AkcAAAAQPIEDgAAACB5AgcAAACQ
PIEDAAAASJ7AAQAAACRP4AAAAACSJ3AAAAAAyRM4AAAAgOQJHAAAAEDyBA4AAAAgeQIHAAAAkDyB
AwAAAEiewAEAAAAkT+AAAAAAkidwAAAAAMkTOAAAAIDkCRwAAABA8gQOAAAAIHkCBwAAAJA8gQMA
AABInsABAAAAJE/gAAAAAJIncAAAAADJq896AHD7isVi7N+/PyIihoeHY3p6OuNFAAAA2chFRDXr
EcA/19vbG93d3dHc3BwREaVSKV577bUYHx/PeBlwN8vlctHY2Lj6lc/nI5fLRUREtVqNlZWVWFxc
XP2qVn0MAQA2hsABieno6IiBgYEoFotrfjY6OhqDg4MZrALuZrlcLgqFQjQ3N8f27dujtbU12tra
4v7774///Oc/UV//xwWjy8vL8dtvv8XU1FRMTEzE5ORkzM3NRalUEjuALVEsFqO/v3/1CthaMDw8
HKdOnXIlLmwAgQMSUSwWY2BgIDo6Om75ey+99NIWLQLudjfCRktLSzz22GNx4MCB2LNnTzQ1Nf2t
/z8/Px9jY2Nx6dKluHLlSszOzsbCwoLQAWyKYrEYr7zyyurVr7WkVCrF8ePHRQ64Q+7BATWuubk5
nnvuuejr68t6CsCq+vr6aGlpiYMHD0ZXV1fs2rUr6ur+2b3Lm5qa4tFHH429e/fGL7/8EhcuXIih
oaGYnZ2N5eXlTVoO3K2OHDlSk3Ej4o/Pe0eOHIkTJ05kPQWSJnBADevs7Iy+vr6bHkcByEpDQ0Ps
27cvenp6oq2tLfL5/B29Xl1dXdx3333R19cXTz75ZHzwwQfx9ddfx9LS0gYtBoh4/PHHs55wS7W+
D1IgcEANam9vj/7+/r88jgKw1erq6qK3tzeeffbZKBQKG/ra+Xw+2tvb48UXX4xPP/003n///ahU
Khv6HgC1rL293Q3j4Q4IHFBDmpub4/Dhw9HV1ZX1FICbev7556OzszMaGho27T0KhcLqU6Leeuut
TXsfgFqzbdu2rCdA0gQOqBHd3d3R29tbs2dDgbtbXV3dlsSNGxoaGqKzszMiIt555x1XcgAAf0ng
gIx1dHREf39/tLe3Zz0F4KYaGhqir69vy+LG/75vZ2dnlMvlOHPmjHtyAAC3JHBARmrxOewA/199
fX3s27cvDh06tKVx44aGhoY4dOhQjI2NxVdffeXpKgDAugQOyEBvb+/q+XKAWpXL5aKlpSV6eno2
/Iai/0ShUIienp64evVqXL9+ParVamZbAIDaJXDAFtq/f3/09/d77CuQhEKhEAcPHoy2trasp0Rb
W1scPHgwPv3005ifn896DgBQgwQO2ALFYjEGBgY89hVIxo2rN7q6uiKfz2c9J/L5fHR1dcWXX34Z
U1NTruIAANYQOGATNTc3rx5HAUhJoVCIxx57LHbt2pX1lFW7du2Khx9+OGZmZlzFAQCsIXDAJuns
7Iz+/n732QCS1NzcHAcOHIi6urqsp6yqq6uLp556Kr755huBAwBYQ+CADdbR0RF9fX2OowDJyuVy
sX379tizZ0/WU9Z46KGHYseOHTEzM+OYCgDwJwIHbJDm5uY4fPhwdHV1ZT0F4I40NjZGa2trNDU1
ZT1ljaampmhtbY2ff/45FhYWsp4DANQQgQM2gMe+Av8mjY2NNfHklPW0tbXFt99+K3AAAH8icMAd
6OjoiIGBAY99Bf5VGhsb4/777896xrruvffeqK/3EQYA+DOfDuA2vfDCC46jAP9K+Xw+Wlpasp6x
rp07dwocAMAatXNrdEhIR0eHuAH8a+Vyucjn81nPWFehUKipp7sAALXBpwO4DXv37s16AgAAAP9D
4IDbMDw8nPUEgE1TrVZjZWUl6xnrWlhYiEqlkvUMAKDGCBxwG8bHx+PixYtZzwDYFCsrKzE7O5v1
jHXNzMzE8vJy1jMAgBojcMBteuONN2JwcDCuXbuW9RSADbW4uBhTU1NZz1jX9evXBQ4AYA2BA+7A
6OhoHDt2LE6dOhXlcjnrOQAbYnFxMSYmJrKesa6JiYlYXFzMegYAUGMEDtgAn3zySRw9ejQ++eST
rKcA3LHFxcWYnJyM+fn5rKesMT8/H5OTkwIHALCGwAEbpFQqxalTp+L48eMxOjqa9RyA21atVmNu
bi7GxsaynrLG2NhYzM3NRbVazXoKAFBjBA7YYOPj4zE4OBgnT56M6enprOcA3JZyuRyXLl2qqaeV
VCqV+OKLLxwJBABuSuCATXLhwoU4fvx4nD17NuspAP/YwsJCXLlypaZC7fT0dFy5ciUWFhayngIA
1CCBAzZRqVSKM2fOxNGjR2NkZCTrOQB/W7VajdnZ2Th//nysrKxkPSdWVlbi/PnzMTMz43gKAHBT
Agdsgenp6Thx4kQMDg7W1F9DAW5lYWEhhoaGauKJKj/++GMMDQ25egMAWJfAAVtodHQ0jh49GmfP
nnWGHKh5N67i+OCDDzINC/Pz83H69OmYnZ119QYAsC6BAzJw49jKxYsXs54CcEvLy8vx9ddfx2ef
fRZLS0tb/v5LS0tx7ty5uHz5ciwvL2/5+wMA6RA4ICOlUineeOONGBwcjGvXrmU9B2BdS0tL8d57
78Xnn3++pZFjaWkpPv/88/joo4/EDQDgLwkckLHR0dE4duxYnDx50rEVoGZVKpV48803tyxy3Igb
b775Zk09qhYAqF31WQ8A/nDhwoUYHh6O3t7e6O7uznoOwE29/fbbUSqV4tChQ1EoFDblPebn5+Pc
uXPx0UcfbcrrAwD/TgIH1JBSqRSnTp2KixcvRn9/f3R0dGQ9CeBPKpVKnDlzJsbGxqKnpyfa2toi
n89vyGuvrKzEjz/+GKdPn47Lly+7cgO467iaF+6MwAE1aHx8PAYHB2P//v3R398fxWIx60kAq5aW
luKrr76Kq1evxsGDB+Ppp5+OYrEYdXW3d/K1UqnE9PR0nD9/PoaGhmJ2dtY9N4C70vj4eNYTIGn5
iPhv1iOAm/vpp5/i4sWLsby8HO3t7dHQ0PCX/+fs2bNbsAy421UqlZifn4/x8fEYGRmJa9euRWNj
Y9xzzz1RX//3/n4yPz8fly9fjnPnzsW5c+fiu+++i7m5OVduAJti9+7d8cADD2Q9Y10jIyNx6dKl
rGdA0nIR4YHykIBisRhHjhyJxx9//Ja/99JLL23RIoA/5HK5KBQKsW3bttixY0e0trZGW1tb3Hvv
vbFz587Ve3UsLCzEzMxMXL9+PSYmJmJycjLm5uaiXC7HwsJCVKs+kgCbp1gsxquvvhrbtm3Lesoa
5XI5jh07FtPT01lPgaQJHJCYjo6OGBgYuOmxlZGRkThx4kQGqwD+kMvlorGxMRobG6O+vj7q6+tX
j65UKpVYXl6O5eXlWFxcjMXFRVED2FJ/9w9GW2lkZCTeffddcQM2gMABieru7o6+vr7Vv0KUy+UY
HBx0dhMA4G9ob2/P9GqOcrnscxtsMIEDEtbc3BydnZ1RLpdjeHg4SqVS1pMAAAAyIXAAAAAAybu9
57kBAAAA1BCBAwAAAEiewAEAAAAkT+AAAAAAkidwAAAAAMkTOAAAAIDkCRwAAABA8gQOAAAAIHkC
BwAAAJA8gQMAAABInsABAAAAJE/gAAAAAJIncAAAAADJEzgAAACA5AkcAAAAQPIEDgAAACB5AgcA
AACQPIEDAAAASJ7AAQAAACRP4AAAAACSJ3AAAAAAyRM4AAAAgOQJHAAAAEDyBA4AAAAgeQIHAAAA
kDyBAwAAAEiewAEAAAAkT+AAAAAAkidwAAAAAMkTOAAAAIDkCRwAAABA8gQOAAAAIHkCBwAAAJA8
gQMAAABInsABAAAAJE/gAAAAAJIncAAAAADJEzgAAACA5AkcAAAAQPIEDgAAACB5AgcAAACQPIED
AAAASN7/AUyyry1Qy87GAAAAAElFTkSuQmCC
" width="800px"&gt;</msg>
<status status="PASS" starttime="20230122 13:41:41.369" endtime="20230122 13:41:41.769"/>
</kw>
<kw name="Close Application" library="AppiumLibrary">
<doc>Closes the current application and also close webdriver session.</doc>
<status status="PASS" starttime="20230122 13:41:41.770" endtime="20230122 13:41:42.428"/>
</kw>
<status status="PASS" starttime="20230122 13:41:41.368" endtime="20230122 13:41:42.429"/>
</kw>
<status status="PASS" starttime="20230122 13:41:12.488" endtime="20230122 13:41:42.429"/>
</test>
<status status="PASS" starttime="20230122 13:40:02.354" endtime="20230122 13:41:42.431"/>
</suite>
<status status="PASS" starttime="20230122 13:40:02.315" endtime="20230122 13:41:42.434"/>
</suite>
<statistics>
<total>
<stat pass="4" fail="0" skip="0">All Tests</stat>
</total>
<tag>
<stat pass="1" fail="0" skip="0">regression</stat>
</tag>
<suite>
<stat pass="4" fail="0" skip="0" id="s1" name="Pessoa">Pessoa</stat>
<stat pass="4" fail="0" skip="0" id="s1-s1" name="CriarPessoa">Pessoa.CriarPessoa</stat>
</suite>
</statistics>
<errors>
</errors>
</robot>
